[2011-08-06 19:21:28,960] INFO     0[main] - br.com.jro.developer.tools.Main.printArgs(Main.java:25) - command ..: []
[2011-08-06 19:21:28,976]ERROR    16[main] - br.com.jro.developer.tools.Main.main(Main.java:19) - 0
java.lang.ArrayIndexOutOfBoundsException: 0
	at br.com.jro.developer.tools.PromptCommand.execute(PromptCommand.java:29)
	at br.com.jro.developer.tools.Main.main(Main.java:17)
[2011-08-06 19:22:53,201] INFO     0[main] - br.com.jro.developer.tools.Main.printArgs(Main.java:25) - command ..: []
[2011-08-06 20:15:04,563] INFO     0[main] - br.com.jro.developer.tools.Main.printArgs(Main.java:25) - command ..: []
[2011-08-06 20:16:46,121] INFO     0[main] - br.com.jro.developer.tools.Main.printArgs(Main.java:27) - command ..: null
[2011-08-06 20:16:46,137] INFO    16[main] - br.com.jro.developer.tools.Main.printArgs(Main.java:25) - command ..: [-h]
[2011-08-06 20:16:46,137] INFO    16[main] - br.com.jro.developer.tools.commands.CommandHelp.printHelp(CommandHelp.java:18) - TOOLS TO FACILITY A DEVELOPER STEPS.
[2011-08-06 20:16:46,137] INFO    16[main] - br.com.jro.developer.tools.commands.CommandHelp.printHelp(CommandHelp.java:20) - author ...: Jairo de Almeida. since 12 abril 2010. version 1.1
||.........## --.#.......|
||.........   #  # ......|
||.........     *  ......|
||........     -^........|
||.....##\        .......|
||....#####     /###.....|
||....########\ \((#.....|
||..####,   ))/ ##.......|
||..#####      '####.....|
||..#####\____/#####.....|
||...######..######......|
||.....""""  """"........|

[2011-08-06 20:16:46,137] INFO    16[main] - br.com.jro.developer.tools.commands.CommandHelp.printHelp(CommandHelp.java:33) - COMANDS ...
[2011-08-06 20:16:46,137] INFO    16[main] - br.com.jro.developer.tools.commands.CommandHelp.printHelp(CommandHelp.java:34) - -d to print recursive path files : example -d <path_name> : directory name
[2011-08-06 20:16:46,137] INFO    16[main] - br.com.jro.developer.tools.commands.CommandHelp.printHelp(CommandHelp.java:35) - -h to read help
[2011-08-06 20:16:46,137] INFO    16[main] - br.com.jro.developer.tools.commands.CommandHelp.printHelp(CommandHelp.java:36) - -m to read a recursive txt files into directory (will merge) : example -m : merge text files in log file<path_name> : directory name<extension> : extension of files will merge - example text, sql, java, etc<encoding> : for example: encoding are ISO-8859-1 to portuguese, UTF-8 to english, etc)
[2011-08-06 20:16:46,137] INFO    16[main] - br.com.jro.developer.tools.Main.printArgs(Main.java:25) - command ..: []
[2011-08-06 20:16:46,152]ERROR    31[main] - br.com.jro.developer.tools.Main.main(Main.java:19) - 
java.lang.NullPointerException
	at br.com.jro.developer.tools.PromptCommand.command(PromptCommand.java:66)
	at br.com.jro.developer.tools.PromptCommand.execute(PromptCommand.java:37)
	at br.com.jro.developer.tools.Main.main(Main.java:17)
	at br.com.jro.developer.tools.MainTest.testMain(MainTest.java:67)
	at sun.reflect.NativeMethodAccessorImpl.invoke0(Native Method)
	at sun.reflect.NativeMethodAccessorImpl.invoke(NativeMethodAccessorImpl.java:39)
	at sun.reflect.DelegatingMethodAccessorImpl.invoke(DelegatingMethodAccessorImpl.java:25)
	at java.lang.reflect.Method.invoke(Method.java:597)
	at org.junit.runners.model.FrameworkMethod$1.runReflectiveCall(FrameworkMethod.java:44)
	at org.junit.internal.runners.model.ReflectiveCallable.run(ReflectiveCallable.java:15)
	at org.junit.runners.model.FrameworkMethod.invokeExplosively(FrameworkMethod.java:41)
	at org.junit.internal.runners.statements.InvokeMethod.evaluate(InvokeMethod.java:20)
	at org.junit.internal.runners.statements.RunBefores.evaluate(RunBefores.java:28)
	at org.junit.internal.runners.statements.RunAfters.evaluate(RunAfters.java:31)
	at org.junit.runners.BlockJUnit4ClassRunner.runNotIgnored(BlockJUnit4ClassRunner.java:79)
	at org.junit.runners.BlockJUnit4ClassRunner.runChild(BlockJUnit4ClassRunner.java:71)
	at org.junit.runners.BlockJUnit4ClassRunner.runChild(BlockJUnit4ClassRunner.java:49)
	at org.junit.runners.ParentRunner$3.run(ParentRunner.java:193)
	at org.junit.runners.ParentRunner$1.schedule(ParentRunner.java:52)
	at org.junit.runners.ParentRunner.runChildren(ParentRunner.java:191)
	at org.junit.runners.ParentRunner.access$000(ParentRunner.java:42)
	at org.junit.runners.ParentRunner$2.evaluate(ParentRunner.java:184)
	at org.junit.internal.runners.statements.RunBefores.evaluate(RunBefores.java:28)
	at org.junit.internal.runners.statements.RunAfters.evaluate(RunAfters.java:31)
	at org.junit.runners.ParentRunner.run(ParentRunner.java:236)
	at org.eclipse.jdt.internal.junit4.runner.JUnit4TestReference.run(JUnit4TestReference.java:50)
	at org.eclipse.jdt.internal.junit.runner.TestExecution.run(TestExecution.java:38)
	at org.eclipse.jdt.internal.junit.runner.RemoteTestRunner.runTests(RemoteTestRunner.java:467)
	at org.eclipse.jdt.internal.junit.runner.RemoteTestRunner.runTests(RemoteTestRunner.java:683)
	at org.eclipse.jdt.internal.junit.runner.RemoteTestRunner.run(RemoteTestRunner.java:390)
	at org.eclipse.jdt.internal.junit.runner.RemoteTestRunner.main(RemoteTestRunner.java:197)
[2011-08-06 20:16:46,152] INFO    31[main] - br.com.jro.developer.tools.Main.printArgs(Main.java:25) - command ..: [-d]
[2011-08-06 20:16:46,152]ERROR    31[main] - br.com.jro.developer.tools.Main.main(Main.java:19) - 1
java.lang.ArrayIndexOutOfBoundsException: 1
	at br.com.jro.developer.tools.commands.CommandListFiles.listFilesByPath(CommandListFiles.java:14)
	at br.com.jro.developer.tools.commands.CommandListFiles.execute(CommandListFiles.java:11)
	at br.com.jro.developer.tools.PromptCommand.command(PromptCommand.java:69)
	at br.com.jro.developer.tools.PromptCommand.execute(PromptCommand.java:37)
	at br.com.jro.developer.tools.Main.main(Main.java:17)
	at br.com.jro.developer.tools.MainTest.testMain(MainTest.java:67)
	at sun.reflect.NativeMethodAccessorImpl.invoke0(Native Method)
	at sun.reflect.NativeMethodAccessorImpl.invoke(NativeMethodAccessorImpl.java:39)
	at sun.reflect.DelegatingMethodAccessorImpl.invoke(DelegatingMethodAccessorImpl.java:25)
	at java.lang.reflect.Method.invoke(Method.java:597)
	at org.junit.runners.model.FrameworkMethod$1.runReflectiveCall(FrameworkMethod.java:44)
	at org.junit.internal.runners.model.ReflectiveCallable.run(ReflectiveCallable.java:15)
	at org.junit.runners.model.FrameworkMethod.invokeExplosively(FrameworkMethod.java:41)
	at org.junit.internal.runners.statements.InvokeMethod.evaluate(InvokeMethod.java:20)
	at org.junit.internal.runners.statements.RunBefores.evaluate(RunBefores.java:28)
	at org.junit.internal.runners.statements.RunAfters.evaluate(RunAfters.java:31)
	at org.junit.runners.BlockJUnit4ClassRunner.runNotIgnored(BlockJUnit4ClassRunner.java:79)
	at org.junit.runners.BlockJUnit4ClassRunner.runChild(BlockJUnit4ClassRunner.java:71)
	at org.junit.runners.BlockJUnit4ClassRunner.runChild(BlockJUnit4ClassRunner.java:49)
	at org.junit.runners.ParentRunner$3.run(ParentRunner.java:193)
	at org.junit.runners.ParentRunner$1.schedule(ParentRunner.java:52)
	at org.junit.runners.ParentRunner.runChildren(ParentRunner.java:191)
	at org.junit.runners.ParentRunner.access$000(ParentRunner.java:42)
	at org.junit.runners.ParentRunner$2.evaluate(ParentRunner.java:184)
	at org.junit.internal.runners.statements.RunBefores.evaluate(RunBefores.java:28)
	at org.junit.internal.runners.statements.RunAfters.evaluate(RunAfters.java:31)
	at org.junit.runners.ParentRunner.run(ParentRunner.java:236)
	at org.eclipse.jdt.internal.junit4.runner.JUnit4TestReference.run(JUnit4TestReference.java:50)
	at org.eclipse.jdt.internal.junit.runner.TestExecution.run(TestExecution.java:38)
	at org.eclipse.jdt.internal.junit.runner.RemoteTestRunner.runTests(RemoteTestRunner.java:467)
	at org.eclipse.jdt.internal.junit.runner.RemoteTestRunner.runTests(RemoteTestRunner.java:683)
	at org.eclipse.jdt.internal.junit.runner.RemoteTestRunner.run(RemoteTestRunner.java:390)
	at org.eclipse.jdt.internal.junit.runner.RemoteTestRunner.main(RemoteTestRunner.java:197)
[2011-08-06 20:16:46,152] INFO    31[main] - br.com.jro.developer.tools.Main.printArgs(Main.java:25) - command ..: []
[2011-08-06 20:16:46,168] INFO    47[main] - br.com.jro.developer.tools.Main.printArgs(Main.java:25) - command ..: [-r]
[2011-08-06 20:16:46,168] INFO    47[main] - br.com.jro.developer.tools.PromptCommand.execute(PromptCommand.java:34) - Parameter <-r> not found.
[2011-08-06 20:16:46,168] INFO    47[main] - br.com.jro.developer.tools.Main.printArgs(Main.java:25) - command ..: [-r, -r]
[2011-08-06 20:16:46,168] INFO    47[main] - br.com.jro.developer.tools.PromptCommand.execute(PromptCommand.java:34) - Parameter <-r> not found.
[2011-08-06 20:16:46,168] INFO    47[main] - br.com.jro.developer.tools.Main.printArgs(Main.java:25) - command ..: [-d]
[2011-08-06 20:16:46,168]ERROR    47[main] - br.com.jro.developer.tools.Main.main(Main.java:19) - 1
java.lang.ArrayIndexOutOfBoundsException: 1
	at br.com.jro.developer.tools.commands.CommandListFiles.listFilesByPath(CommandListFiles.java:14)
	at br.com.jro.developer.tools.commands.CommandListFiles.execute(CommandListFiles.java:11)
	at br.com.jro.developer.tools.PromptCommand.command(PromptCommand.java:69)
	at br.com.jro.developer.tools.PromptCommand.execute(PromptCommand.java:37)
	at br.com.jro.developer.tools.Main.main(Main.java:17)
	at br.com.jro.developer.tools.MainTest.testMain(MainTest.java:67)
	at sun.reflect.NativeMethodAccessorImpl.invoke0(Native Method)
	at sun.reflect.NativeMethodAccessorImpl.invoke(NativeMethodAccessorImpl.java:39)
	at sun.reflect.DelegatingMethodAccessorImpl.invoke(DelegatingMethodAccessorImpl.java:25)
	at java.lang.reflect.Method.invoke(Method.java:597)
	at org.junit.runners.model.FrameworkMethod$1.runReflectiveCall(FrameworkMethod.java:44)
	at org.junit.internal.runners.model.ReflectiveCallable.run(ReflectiveCallable.java:15)
	at org.junit.runners.model.FrameworkMethod.invokeExplosively(FrameworkMethod.java:41)
	at org.junit.internal.runners.statements.InvokeMethod.evaluate(InvokeMethod.java:20)
	at org.junit.internal.runners.statements.RunBefores.evaluate(RunBefores.java:28)
	at org.junit.internal.runners.statements.RunAfters.evaluate(RunAfters.java:31)
	at org.junit.runners.BlockJUnit4ClassRunner.runNotIgnored(BlockJUnit4ClassRunner.java:79)
	at org.junit.runners.BlockJUnit4ClassRunner.runChild(BlockJUnit4ClassRunner.java:71)
	at org.junit.runners.BlockJUnit4ClassRunner.runChild(BlockJUnit4ClassRunner.java:49)
	at org.junit.runners.ParentRunner$3.run(ParentRunner.java:193)
	at org.junit.runners.ParentRunner$1.schedule(ParentRunner.java:52)
	at org.junit.runners.ParentRunner.runChildren(ParentRunner.java:191)
	at org.junit.runners.ParentRunner.access$000(ParentRunner.java:42)
	at org.junit.runners.ParentRunner$2.evaluate(ParentRunner.java:184)
	at org.junit.internal.runners.statements.RunBefores.evaluate(RunBefores.java:28)
	at org.junit.internal.runners.statements.RunAfters.evaluate(RunAfters.java:31)
	at org.junit.runners.ParentRunner.run(ParentRunner.java:236)
	at org.eclipse.jdt.internal.junit4.runner.JUnit4TestReference.run(JUnit4TestReference.java:50)
	at org.eclipse.jdt.internal.junit.runner.TestExecution.run(TestExecution.java:38)
	at org.eclipse.jdt.internal.junit.runner.RemoteTestRunner.runTests(RemoteTestRunner.java:467)
	at org.eclipse.jdt.internal.junit.runner.RemoteTestRunner.runTests(RemoteTestRunner.java:683)
	at org.eclipse.jdt.internal.junit.runner.RemoteTestRunner.run(RemoteTestRunner.java:390)
	at org.eclipse.jdt.internal.junit.runner.RemoteTestRunner.main(RemoteTestRunner.java:197)
[2011-08-06 20:16:46,183] INFO    62[main] - br.com.jro.developer.tools.Main.printArgs(Main.java:25) - command ..: [-d]
[2011-08-06 20:16:46,183]ERROR    62[main] - br.com.jro.developer.tools.Main.main(Main.java:19) - 1
java.lang.ArrayIndexOutOfBoundsException: 1
	at br.com.jro.developer.tools.commands.CommandListFiles.listFilesByPath(CommandListFiles.java:14)
	at br.com.jro.developer.tools.commands.CommandListFiles.execute(CommandListFiles.java:11)
	at br.com.jro.developer.tools.PromptCommand.command(PromptCommand.java:69)
	at br.com.jro.developer.tools.PromptCommand.execute(PromptCommand.java:37)
	at br.com.jro.developer.tools.Main.main(Main.java:17)
	at br.com.jro.developer.tools.MainTest.testMain(MainTest.java:67)
	at sun.reflect.NativeMethodAccessorImpl.invoke0(Native Method)
	at sun.reflect.NativeMethodAccessorImpl.invoke(NativeMethodAccessorImpl.java:39)
	at sun.reflect.DelegatingMethodAccessorImpl.invoke(DelegatingMethodAccessorImpl.java:25)
	at java.lang.reflect.Method.invoke(Method.java:597)
	at org.junit.runners.model.FrameworkMethod$1.runReflectiveCall(FrameworkMethod.java:44)
	at org.junit.internal.runners.model.ReflectiveCallable.run(ReflectiveCallable.java:15)
	at org.junit.runners.model.FrameworkMethod.invokeExplosively(FrameworkMethod.java:41)
	at org.junit.internal.runners.statements.InvokeMethod.evaluate(InvokeMethod.java:20)
	at org.junit.internal.runners.statements.RunBefores.evaluate(RunBefores.java:28)
	at org.junit.internal.runners.statements.RunAfters.evaluate(RunAfters.java:31)
	at org.junit.runners.BlockJUnit4ClassRunner.runNotIgnored(BlockJUnit4ClassRunner.java:79)
	at org.junit.runners.BlockJUnit4ClassRunner.runChild(BlockJUnit4ClassRunner.java:71)
	at org.junit.runners.BlockJUnit4ClassRunner.runChild(BlockJUnit4ClassRunner.java:49)
	at org.junit.runners.ParentRunner$3.run(ParentRunner.java:193)
	at org.junit.runners.ParentRunner$1.schedule(ParentRunner.java:52)
	at org.junit.runners.ParentRunner.runChildren(ParentRunner.java:191)
	at org.junit.runners.ParentRunner.access$000(ParentRunner.java:42)
	at org.junit.runners.ParentRunner$2.evaluate(ParentRunner.java:184)
	at org.junit.internal.runners.statements.RunBefores.evaluate(RunBefores.java:28)
	at org.junit.internal.runners.statements.RunAfters.evaluate(RunAfters.java:31)
	at org.junit.runners.ParentRunner.run(ParentRunner.java:236)
	at org.eclipse.jdt.internal.junit4.runner.JUnit4TestReference.run(JUnit4TestReference.java:50)
	at org.eclipse.jdt.internal.junit.runner.TestExecution.run(TestExecution.java:38)
	at org.eclipse.jdt.internal.junit.runner.RemoteTestRunner.runTests(RemoteTestRunner.java:467)
	at org.eclipse.jdt.internal.junit.runner.RemoteTestRunner.runTests(RemoteTestRunner.java:683)
	at org.eclipse.jdt.internal.junit.runner.RemoteTestRunner.run(RemoteTestRunner.java:390)
	at org.eclipse.jdt.internal.junit.runner.RemoteTestRunner.main(RemoteTestRunner.java:197)
[2011-08-06 20:16:46,199] INFO    78[main] - br.com.jro.developer.tools.Main.printArgs(Main.java:25) - command ..: [-d, C:/test_false]
[2011-08-06 20:16:46,199] INFO    78[main] - br.com.jro.developer.tools.Main.printArgs(Main.java:25) - command ..: [-d, C:\test_false]
[2011-08-06 20:16:46,199] INFO    78[main] - br.com.jro.developer.tools.Main.printArgs(Main.java:25) - command ..: [-d, C:\ftp]
[2011-08-06 20:16:46,199] INFO    78[main] - br.com.jro.developer.tools.Main.printArgs(Main.java:25) - command ..: [-d, null]
[2011-08-06 20:16:46,199] INFO    78[main] - br.com.jro.developer.tools.Main.printArgs(Main.java:25) - command ..: [C:\ftp]
[2011-08-06 20:16:46,199] INFO    78[main] - br.com.jro.developer.tools.PromptCommand.execute(PromptCommand.java:34) - Parameter <C:\ftp> not found.
[2011-08-06 20:16:46,199] INFO    78[main] - br.com.jro.developer.tools.Main.printArgs(Main.java:25) - command ..: [C:\temp, text]
[2011-08-06 20:16:46,199] INFO    78[main] - br.com.jro.developer.tools.PromptCommand.execute(PromptCommand.java:34) - Parameter <C:\temp> not found.
[2011-08-06 21:14:25,662] INFO     0[main] - br.com.jro.developer.tools.Main.printArgs(Main.java:27) - command ..: null
[2011-08-06 21:14:25,678] INFO    16[main] - br.com.jro.developer.tools.Main.printArgs(Main.java:25) - command ..: [-h]
[2011-08-06 21:14:25,678] INFO    16[main] - br.com.jro.developer.tools.commands.CommandHelp.printHelp(CommandHelp.java:18) - TOOLS TO FACILITY A DEVELOPER STEPS.
[2011-08-06 21:14:25,678] INFO    16[main] - br.com.jro.developer.tools.commands.CommandHelp.printHelp(CommandHelp.java:20) - author ...: Jairo de Almeida. since 12 abril 2010. version 1.1
||.........## --.#.......|
||.........   #  # ......|
||.........     *  ......|
||........     -^........|
||.....##\        .......|
||....#####     /###.....|
||....########\ \((#.....|
||..####,   ))/ ##.......|
||..#####      '####.....|
||..#####\____/#####.....|
||...######..######......|
||.....""""  """"........|

[2011-08-06 21:14:25,678] INFO    16[main] - br.com.jro.developer.tools.commands.CommandHelp.printHelp(CommandHelp.java:33) - COMANDS ...
[2011-08-06 21:14:25,678] INFO    16[main] - br.com.jro.developer.tools.commands.CommandHelp.printHelp(CommandHelp.java:34) - -d to print recursive path files : example -d <path_name> : directory name
[2011-08-06 21:14:25,678] INFO    16[main] - br.com.jro.developer.tools.commands.CommandHelp.printHelp(CommandHelp.java:35) - -h to read help
[2011-08-06 21:14:25,678] INFO    16[main] - br.com.jro.developer.tools.commands.CommandHelp.printHelp(CommandHelp.java:36) - -m to read a recursive txt files into directory (will merge) : example -m : merge text files in log file<path_name> : directory name<extension> : extension of files will merge - example text, sql, java, etc<encoding> : for example: encoding are ISO-8859-1 to portuguese, UTF-8 to english, etc)
[2011-08-06 21:14:25,678] INFO    16[main] - br.com.jro.developer.tools.Main.printArgs(Main.java:25) - command ..: []
[2011-08-06 21:14:25,678]ERROR    16[main] - br.com.jro.developer.tools.Main.main(Main.java:19) - 
java.lang.NullPointerException
	at br.com.jro.developer.tools.PromptCommand.command(PromptCommand.java:66)
	at br.com.jro.developer.tools.PromptCommand.execute(PromptCommand.java:37)
	at br.com.jro.developer.tools.Main.main(Main.java:17)
	at br.com.jro.developer.tools.MainTest.testMain(MainTest.java:67)
	at sun.reflect.NativeMethodAccessorImpl.invoke0(Native Method)
	at sun.reflect.NativeMethodAccessorImpl.invoke(NativeMethodAccessorImpl.java:39)
	at sun.reflect.DelegatingMethodAccessorImpl.invoke(DelegatingMethodAccessorImpl.java:25)
	at java.lang.reflect.Method.invoke(Method.java:597)
	at org.junit.runners.model.FrameworkMethod$1.runReflectiveCall(FrameworkMethod.java:44)
	at org.junit.internal.runners.model.ReflectiveCallable.run(ReflectiveCallable.java:15)
	at org.junit.runners.model.FrameworkMethod.invokeExplosively(FrameworkMethod.java:41)
	at org.junit.internal.runners.statements.InvokeMethod.evaluate(InvokeMethod.java:20)
	at org.junit.internal.runners.statements.RunBefores.evaluate(RunBefores.java:28)
	at org.junit.internal.runners.statements.RunAfters.evaluate(RunAfters.java:31)
	at org.junit.runners.BlockJUnit4ClassRunner.runNotIgnored(BlockJUnit4ClassRunner.java:79)
	at org.junit.runners.BlockJUnit4ClassRunner.runChild(BlockJUnit4ClassRunner.java:71)
	at org.junit.runners.BlockJUnit4ClassRunner.runChild(BlockJUnit4ClassRunner.java:49)
	at org.junit.runners.ParentRunner$3.run(ParentRunner.java:193)
	at org.junit.runners.ParentRunner$1.schedule(ParentRunner.java:52)
	at org.junit.runners.ParentRunner.runChildren(ParentRunner.java:191)
	at org.junit.runners.ParentRunner.access$000(ParentRunner.java:42)
	at org.junit.runners.ParentRunner$2.evaluate(ParentRunner.java:184)
	at org.junit.internal.runners.statements.RunBefores.evaluate(RunBefores.java:28)
	at org.junit.internal.runners.statements.RunAfters.evaluate(RunAfters.java:31)
	at org.junit.runners.ParentRunner.run(ParentRunner.java:236)
	at org.eclipse.jdt.internal.junit4.runner.JUnit4TestReference.run(JUnit4TestReference.java:50)
	at org.eclipse.jdt.internal.junit.runner.TestExecution.run(TestExecution.java:38)
	at org.eclipse.jdt.internal.junit.runner.RemoteTestRunner.runTests(RemoteTestRunner.java:467)
	at org.eclipse.jdt.internal.junit.runner.RemoteTestRunner.runTests(RemoteTestRunner.java:683)
	at org.eclipse.jdt.internal.junit.runner.RemoteTestRunner.run(RemoteTestRunner.java:390)
	at org.eclipse.jdt.internal.junit.runner.RemoteTestRunner.main(RemoteTestRunner.java:197)
[2011-08-06 21:14:25,693] INFO    31[main] - br.com.jro.developer.tools.Main.printArgs(Main.java:25) - command ..: [-d]
[2011-08-06 21:14:25,693]ERROR    31[main] - br.com.jro.developer.tools.Main.main(Main.java:19) - 1
java.lang.ArrayIndexOutOfBoundsException: 1
	at br.com.jro.developer.tools.commands.CommandListFiles.listFilesByPath(CommandListFiles.java:14)
	at br.com.jro.developer.tools.commands.CommandListFiles.execute(CommandListFiles.java:11)
	at br.com.jro.developer.tools.PromptCommand.command(PromptCommand.java:69)
	at br.com.jro.developer.tools.PromptCommand.execute(PromptCommand.java:37)
	at br.com.jro.developer.tools.Main.main(Main.java:17)
	at br.com.jro.developer.tools.MainTest.testMain(MainTest.java:67)
	at sun.reflect.NativeMethodAccessorImpl.invoke0(Native Method)
	at sun.reflect.NativeMethodAccessorImpl.invoke(NativeMethodAccessorImpl.java:39)
	at sun.reflect.DelegatingMethodAccessorImpl.invoke(DelegatingMethodAccessorImpl.java:25)
	at java.lang.reflect.Method.invoke(Method.java:597)
	at org.junit.runners.model.FrameworkMethod$1.runReflectiveCall(FrameworkMethod.java:44)
	at org.junit.internal.runners.model.ReflectiveCallable.run(ReflectiveCallable.java:15)
	at org.junit.runners.model.FrameworkMethod.invokeExplosively(FrameworkMethod.java:41)
	at org.junit.internal.runners.statements.InvokeMethod.evaluate(InvokeMethod.java:20)
	at org.junit.internal.runners.statements.RunBefores.evaluate(RunBefores.java:28)
	at org.junit.internal.runners.statements.RunAfters.evaluate(RunAfters.java:31)
	at org.junit.runners.BlockJUnit4ClassRunner.runNotIgnored(BlockJUnit4ClassRunner.java:79)
	at org.junit.runners.BlockJUnit4ClassRunner.runChild(BlockJUnit4ClassRunner.java:71)
	at org.junit.runners.BlockJUnit4ClassRunner.runChild(BlockJUnit4ClassRunner.java:49)
	at org.junit.runners.ParentRunner$3.run(ParentRunner.java:193)
	at org.junit.runners.ParentRunner$1.schedule(ParentRunner.java:52)
	at org.junit.runners.ParentRunner.runChildren(ParentRunner.java:191)
	at org.junit.runners.ParentRunner.access$000(ParentRunner.java:42)
	at org.junit.runners.ParentRunner$2.evaluate(ParentRunner.java:184)
	at org.junit.internal.runners.statements.RunBefores.evaluate(RunBefores.java:28)
	at org.junit.internal.runners.statements.RunAfters.evaluate(RunAfters.java:31)
	at org.junit.runners.ParentRunner.run(ParentRunner.java:236)
	at org.eclipse.jdt.internal.junit4.runner.JUnit4TestReference.run(JUnit4TestReference.java:50)
	at org.eclipse.jdt.internal.junit.runner.TestExecution.run(TestExecution.java:38)
	at org.eclipse.jdt.internal.junit.runner.RemoteTestRunner.runTests(RemoteTestRunner.java:467)
	at org.eclipse.jdt.internal.junit.runner.RemoteTestRunner.runTests(RemoteTestRunner.java:683)
	at org.eclipse.jdt.internal.junit.runner.RemoteTestRunner.run(RemoteTestRunner.java:390)
	at org.eclipse.jdt.internal.junit.runner.RemoteTestRunner.main(RemoteTestRunner.java:197)
[2011-08-06 21:14:25,709] INFO    47[main] - br.com.jro.developer.tools.Main.printArgs(Main.java:25) - command ..: []
[2011-08-06 21:14:25,709] INFO    47[main] - br.com.jro.developer.tools.Main.printArgs(Main.java:25) - command ..: [-r]
[2011-08-06 21:14:25,709] INFO    47[main] - br.com.jro.developer.tools.PromptCommand.execute(PromptCommand.java:34) - Parameter <-r> not found.
[2011-08-06 21:14:25,709] INFO    47[main] - br.com.jro.developer.tools.Main.printArgs(Main.java:25) - command ..: [-r, -r]
[2011-08-06 21:14:25,709] INFO    47[main] - br.com.jro.developer.tools.PromptCommand.execute(PromptCommand.java:34) - Parameter <-r> not found.
[2011-08-06 21:14:25,709] INFO    47[main] - br.com.jro.developer.tools.Main.printArgs(Main.java:25) - command ..: [-d]
[2011-08-06 21:14:25,709]ERROR    47[main] - br.com.jro.developer.tools.Main.main(Main.java:19) - 1
java.lang.ArrayIndexOutOfBoundsException: 1
	at br.com.jro.developer.tools.commands.CommandListFiles.listFilesByPath(CommandListFiles.java:14)
	at br.com.jro.developer.tools.commands.CommandListFiles.execute(CommandListFiles.java:11)
	at br.com.jro.developer.tools.PromptCommand.command(PromptCommand.java:69)
	at br.com.jro.developer.tools.PromptCommand.execute(PromptCommand.java:37)
	at br.com.jro.developer.tools.Main.main(Main.java:17)
	at br.com.jro.developer.tools.MainTest.testMain(MainTest.java:67)
	at sun.reflect.NativeMethodAccessorImpl.invoke0(Native Method)
	at sun.reflect.NativeMethodAccessorImpl.invoke(NativeMethodAccessorImpl.java:39)
	at sun.reflect.DelegatingMethodAccessorImpl.invoke(DelegatingMethodAccessorImpl.java:25)
	at java.lang.reflect.Method.invoke(Method.java:597)
	at org.junit.runners.model.FrameworkMethod$1.runReflectiveCall(FrameworkMethod.java:44)
	at org.junit.internal.runners.model.ReflectiveCallable.run(ReflectiveCallable.java:15)
	at org.junit.runners.model.FrameworkMethod.invokeExplosively(FrameworkMethod.java:41)
	at org.junit.internal.runners.statements.InvokeMethod.evaluate(InvokeMethod.java:20)
	at org.junit.internal.runners.statements.RunBefores.evaluate(RunBefores.java:28)
	at org.junit.internal.runners.statements.RunAfters.evaluate(RunAfters.java:31)
	at org.junit.runners.BlockJUnit4ClassRunner.runNotIgnored(BlockJUnit4ClassRunner.java:79)
	at org.junit.runners.BlockJUnit4ClassRunner.runChild(BlockJUnit4ClassRunner.java:71)
	at org.junit.runners.BlockJUnit4ClassRunner.runChild(BlockJUnit4ClassRunner.java:49)
	at org.junit.runners.ParentRunner$3.run(ParentRunner.java:193)
	at org.junit.runners.ParentRunner$1.schedule(ParentRunner.java:52)
	at org.junit.runners.ParentRunner.runChildren(ParentRunner.java:191)
	at org.junit.runners.ParentRunner.access$000(ParentRunner.java:42)
	at org.junit.runners.ParentRunner$2.evaluate(ParentRunner.java:184)
	at org.junit.internal.runners.statements.RunBefores.evaluate(RunBefores.java:28)
	at org.junit.internal.runners.statements.RunAfters.evaluate(RunAfters.java:31)
	at org.junit.runners.ParentRunner.run(ParentRunner.java:236)
	at org.eclipse.jdt.internal.junit4.runner.JUnit4TestReference.run(JUnit4TestReference.java:50)
	at org.eclipse.jdt.internal.junit.runner.TestExecution.run(TestExecution.java:38)
	at org.eclipse.jdt.internal.junit.runner.RemoteTestRunner.runTests(RemoteTestRunner.java:467)
	at org.eclipse.jdt.internal.junit.runner.RemoteTestRunner.runTests(RemoteTestRunner.java:683)
	at org.eclipse.jdt.internal.junit.runner.RemoteTestRunner.run(RemoteTestRunner.java:390)
	at org.eclipse.jdt.internal.junit.runner.RemoteTestRunner.main(RemoteTestRunner.java:197)
[2011-08-06 21:14:25,709] INFO    47[main] - br.com.jro.developer.tools.Main.printArgs(Main.java:25) - command ..: [-d]
[2011-08-06 21:14:25,725]ERROR    63[main] - br.com.jro.developer.tools.Main.main(Main.java:19) - 1
java.lang.ArrayIndexOutOfBoundsException: 1
	at br.com.jro.developer.tools.commands.CommandListFiles.listFilesByPath(CommandListFiles.java:14)
	at br.com.jro.developer.tools.commands.CommandListFiles.execute(CommandListFiles.java:11)
	at br.com.jro.developer.tools.PromptCommand.command(PromptCommand.java:69)
	at br.com.jro.developer.tools.PromptCommand.execute(PromptCommand.java:37)
	at br.com.jro.developer.tools.Main.main(Main.java:17)
	at br.com.jro.developer.tools.MainTest.testMain(MainTest.java:67)
	at sun.reflect.NativeMethodAccessorImpl.invoke0(Native Method)
	at sun.reflect.NativeMethodAccessorImpl.invoke(NativeMethodAccessorImpl.java:39)
	at sun.reflect.DelegatingMethodAccessorImpl.invoke(DelegatingMethodAccessorImpl.java:25)
	at java.lang.reflect.Method.invoke(Method.java:597)
	at org.junit.runners.model.FrameworkMethod$1.runReflectiveCall(FrameworkMethod.java:44)
	at org.junit.internal.runners.model.ReflectiveCallable.run(ReflectiveCallable.java:15)
	at org.junit.runners.model.FrameworkMethod.invokeExplosively(FrameworkMethod.java:41)
	at org.junit.internal.runners.statements.InvokeMethod.evaluate(InvokeMethod.java:20)
	at org.junit.internal.runners.statements.RunBefores.evaluate(RunBefores.java:28)
	at org.junit.internal.runners.statements.RunAfters.evaluate(RunAfters.java:31)
	at org.junit.runners.BlockJUnit4ClassRunner.runNotIgnored(BlockJUnit4ClassRunner.java:79)
	at org.junit.runners.BlockJUnit4ClassRunner.runChild(BlockJUnit4ClassRunner.java:71)
	at org.junit.runners.BlockJUnit4ClassRunner.runChild(BlockJUnit4ClassRunner.java:49)
	at org.junit.runners.ParentRunner$3.run(ParentRunner.java:193)
	at org.junit.runners.ParentRunner$1.schedule(ParentRunner.java:52)
	at org.junit.runners.ParentRunner.runChildren(ParentRunner.java:191)
	at org.junit.runners.ParentRunner.access$000(ParentRunner.java:42)
	at org.junit.runners.ParentRunner$2.evaluate(ParentRunner.java:184)
	at org.junit.internal.runners.statements.RunBefores.evaluate(RunBefores.java:28)
	at org.junit.internal.runners.statements.RunAfters.evaluate(RunAfters.java:31)
	at org.junit.runners.ParentRunner.run(ParentRunner.java:236)
	at org.eclipse.jdt.internal.junit4.runner.JUnit4TestReference.run(JUnit4TestReference.java:50)
	at org.eclipse.jdt.internal.junit.runner.TestExecution.run(TestExecution.java:38)
	at org.eclipse.jdt.internal.junit.runner.RemoteTestRunner.runTests(RemoteTestRunner.java:467)
	at org.eclipse.jdt.internal.junit.runner.RemoteTestRunner.runTests(RemoteTestRunner.java:683)
	at org.eclipse.jdt.internal.junit.runner.RemoteTestRunner.run(RemoteTestRunner.java:390)
	at org.eclipse.jdt.internal.junit.runner.RemoteTestRunner.main(RemoteTestRunner.java:197)
[2011-08-06 21:14:25,725] INFO    63[main] - br.com.jro.developer.tools.Main.printArgs(Main.java:25) - command ..: [-d, C:/test_false]
[2011-08-06 21:14:25,725] INFO    63[main] - br.com.jro.developer.tools.Main.printArgs(Main.java:25) - command ..: [-d, C:\test_false]
[2011-08-06 21:14:25,725] INFO    63[main] - br.com.jro.developer.tools.Main.printArgs(Main.java:25) - command ..: [-d, C:\ftp]
[2011-08-06 21:14:25,725] INFO    63[main] - br.com.jro.developer.tools.Main.printArgs(Main.java:25) - command ..: [-d, null]
[2011-08-06 21:14:25,725] INFO    63[main] - br.com.jro.developer.tools.Main.printArgs(Main.java:25) - command ..: [C:\ftp]
[2011-08-06 21:14:25,725] INFO    63[main] - br.com.jro.developer.tools.PromptCommand.execute(PromptCommand.java:34) - Parameter <C:\ftp> not found.
[2011-08-06 21:14:25,725] INFO    63[main] - br.com.jro.developer.tools.Main.printArgs(Main.java:25) - command ..: [C:\temp, text]
[2011-08-06 21:14:25,725] INFO    63[main] - br.com.jro.developer.tools.PromptCommand.execute(PromptCommand.java:34) - Parameter <C:\temp> not found.
[2011-08-06 21:15:02,556] INFO     0[main] - br.com.jro.developer.tools.Main.printArgs(Main.java:27) - command ..: null
[2011-08-06 21:15:02,556] INFO     0[main] - br.com.jro.developer.tools.Main.printArgs(Main.java:25) - command ..: [-h]
[2011-08-06 21:15:02,572] INFO    16[main] - br.com.jro.developer.tools.commands.CommandHelp.printHelp(CommandHelp.java:18) - TOOLS TO FACILITY A DEVELOPER STEPS.
[2011-08-06 21:15:02,572] INFO    16[main] - br.com.jro.developer.tools.commands.CommandHelp.printHelp(CommandHelp.java:20) - author ...: Jairo de Almeida. since 12 abril 2010. version 1.1
||.........## --.#.......|
||.........   #  # ......|
||.........     *  ......|
||........     -^........|
||.....##\        .......|
||....#####     /###.....|
||....########\ \((#.....|
||..####,   ))/ ##.......|
||..#####      '####.....|
||..#####\____/#####.....|
||...######..######......|
||.....""""  """"........|

[2011-08-06 21:15:02,572] INFO    16[main] - br.com.jro.developer.tools.commands.CommandHelp.printHelp(CommandHelp.java:33) - COMANDS ...
[2011-08-06 21:15:02,572] INFO    16[main] - br.com.jro.developer.tools.commands.CommandHelp.printHelp(CommandHelp.java:34) - -d to print recursive path files : example -d <path_name> : directory name
[2011-08-06 21:15:02,572] INFO    16[main] - br.com.jro.developer.tools.commands.CommandHelp.printHelp(CommandHelp.java:35) - -h to read help
[2011-08-06 21:15:02,572] INFO    16[main] - br.com.jro.developer.tools.commands.CommandHelp.printHelp(CommandHelp.java:36) - -m to read a recursive txt files into directory (will merge) : example -m : merge text files in log file<path_name> : directory name<extension> : extension of files will merge - example text, sql, java, etc<encoding> : for example: encoding are ISO-8859-1 to portuguese, UTF-8 to english, etc)
[2011-08-06 21:15:02,572] INFO    16[main] - br.com.jro.developer.tools.Main.printArgs(Main.java:25) - command ..: []
[2011-08-06 21:15:02,572]ERROR    16[main] - br.com.jro.developer.tools.Main.main(Main.java:19) - 
java.lang.NullPointerException
	at br.com.jro.developer.tools.PromptCommand.command(PromptCommand.java:66)
	at br.com.jro.developer.tools.PromptCommand.execute(PromptCommand.java:37)
	at br.com.jro.developer.tools.Main.main(Main.java:17)
	at br.com.jro.developer.tools.MainTest.testMain(MainTest.java:67)
	at sun.reflect.NativeMethodAccessorImpl.invoke0(Native Method)
	at sun.reflect.NativeMethodAccessorImpl.invoke(NativeMethodAccessorImpl.java:39)
	at sun.reflect.DelegatingMethodAccessorImpl.invoke(DelegatingMethodAccessorImpl.java:25)
	at java.lang.reflect.Method.invoke(Method.java:597)
	at org.junit.runners.model.FrameworkMethod$1.runReflectiveCall(FrameworkMethod.java:44)
	at org.junit.internal.runners.model.ReflectiveCallable.run(ReflectiveCallable.java:15)
	at org.junit.runners.model.FrameworkMethod.invokeExplosively(FrameworkMethod.java:41)
	at org.junit.internal.runners.statements.InvokeMethod.evaluate(InvokeMethod.java:20)
	at org.junit.internal.runners.statements.RunBefores.evaluate(RunBefores.java:28)
	at org.junit.internal.runners.statements.RunAfters.evaluate(RunAfters.java:31)
	at org.junit.runners.BlockJUnit4ClassRunner.runNotIgnored(BlockJUnit4ClassRunner.java:79)
	at org.junit.runners.BlockJUnit4ClassRunner.runChild(BlockJUnit4ClassRunner.java:71)
	at org.junit.runners.BlockJUnit4ClassRunner.runChild(BlockJUnit4ClassRunner.java:49)
	at org.junit.runners.ParentRunner$3.run(ParentRunner.java:193)
	at org.junit.runners.ParentRunner$1.schedule(ParentRunner.java:52)
	at org.junit.runners.ParentRunner.runChildren(ParentRunner.java:191)
	at org.junit.runners.ParentRunner.access$000(ParentRunner.java:42)
	at org.junit.runners.ParentRunner$2.evaluate(ParentRunner.java:184)
	at org.junit.internal.runners.statements.RunBefores.evaluate(RunBefores.java:28)
	at org.junit.internal.runners.statements.RunAfters.evaluate(RunAfters.java:31)
	at org.junit.runners.ParentRunner.run(ParentRunner.java:236)
	at org.eclipse.jdt.internal.junit4.runner.JUnit4TestReference.run(JUnit4TestReference.java:50)
	at org.eclipse.jdt.internal.junit.runner.TestExecution.run(TestExecution.java:38)
	at org.eclipse.jdt.internal.junit.runner.RemoteTestRunner.runTests(RemoteTestRunner.java:467)
	at org.eclipse.jdt.internal.junit.runner.RemoteTestRunner.runTests(RemoteTestRunner.java:683)
	at org.eclipse.jdt.internal.junit.runner.RemoteTestRunner.run(RemoteTestRunner.java:390)
	at org.eclipse.jdt.internal.junit.runner.RemoteTestRunner.main(RemoteTestRunner.java:197)
[2011-08-06 21:15:02,587] INFO    31[main] - br.com.jro.developer.tools.Main.printArgs(Main.java:25) - command ..: [-d]
[2011-08-06 21:15:02,587]ERROR    31[main] - br.com.jro.developer.tools.Main.main(Main.java:19) - 1
java.lang.ArrayIndexOutOfBoundsException: 1
	at br.com.jro.developer.tools.commands.CommandListFiles.listFilesByPath(CommandListFiles.java:14)
	at br.com.jro.developer.tools.commands.CommandListFiles.execute(CommandListFiles.java:11)
	at br.com.jro.developer.tools.PromptCommand.command(PromptCommand.java:69)
	at br.com.jro.developer.tools.PromptCommand.execute(PromptCommand.java:37)
	at br.com.jro.developer.tools.Main.main(Main.java:17)
	at br.com.jro.developer.tools.MainTest.testMain(MainTest.java:67)
	at sun.reflect.NativeMethodAccessorImpl.invoke0(Native Method)
	at sun.reflect.NativeMethodAccessorImpl.invoke(NativeMethodAccessorImpl.java:39)
	at sun.reflect.DelegatingMethodAccessorImpl.invoke(DelegatingMethodAccessorImpl.java:25)
	at java.lang.reflect.Method.invoke(Method.java:597)
	at org.junit.runners.model.FrameworkMethod$1.runReflectiveCall(FrameworkMethod.java:44)
	at org.junit.internal.runners.model.ReflectiveCallable.run(ReflectiveCallable.java:15)
	at org.junit.runners.model.FrameworkMethod.invokeExplosively(FrameworkMethod.java:41)
	at org.junit.internal.runners.statements.InvokeMethod.evaluate(InvokeMethod.java:20)
	at org.junit.internal.runners.statements.RunBefores.evaluate(RunBefores.java:28)
	at org.junit.internal.runners.statements.RunAfters.evaluate(RunAfters.java:31)
	at org.junit.runners.BlockJUnit4ClassRunner.runNotIgnored(BlockJUnit4ClassRunner.java:79)
	at org.junit.runners.BlockJUnit4ClassRunner.runChild(BlockJUnit4ClassRunner.java:71)
	at org.junit.runners.BlockJUnit4ClassRunner.runChild(BlockJUnit4ClassRunner.java:49)
	at org.junit.runners.ParentRunner$3.run(ParentRunner.java:193)
	at org.junit.runners.ParentRunner$1.schedule(ParentRunner.java:52)
	at org.junit.runners.ParentRunner.runChildren(ParentRunner.java:191)
	at org.junit.runners.ParentRunner.access$000(ParentRunner.java:42)
	at org.junit.runners.ParentRunner$2.evaluate(ParentRunner.java:184)
	at org.junit.internal.runners.statements.RunBefores.evaluate(RunBefores.java:28)
	at org.junit.internal.runners.statements.RunAfters.evaluate(RunAfters.java:31)
	at org.junit.runners.ParentRunner.run(ParentRunner.java:236)
	at org.eclipse.jdt.internal.junit4.runner.JUnit4TestReference.run(JUnit4TestReference.java:50)
	at org.eclipse.jdt.internal.junit.runner.TestExecution.run(TestExecution.java:38)
	at org.eclipse.jdt.internal.junit.runner.RemoteTestRunner.runTests(RemoteTestRunner.java:467)
	at org.eclipse.jdt.internal.junit.runner.RemoteTestRunner.runTests(RemoteTestRunner.java:683)
	at org.eclipse.jdt.internal.junit.runner.RemoteTestRunner.run(RemoteTestRunner.java:390)
	at org.eclipse.jdt.internal.junit.runner.RemoteTestRunner.main(RemoteTestRunner.java:197)
[2011-08-06 21:15:02,587] INFO    31[main] - br.com.jro.developer.tools.Main.printArgs(Main.java:25) - command ..: []
[2011-08-06 21:15:02,587] INFO    31[main] - br.com.jro.developer.tools.Main.printArgs(Main.java:25) - command ..: [-r]
[2011-08-06 21:15:02,587] INFO    31[main] - br.com.jro.developer.tools.PromptCommand.execute(PromptCommand.java:34) - Parameter <-r> not found.
[2011-08-06 21:15:02,587] INFO    31[main] - br.com.jro.developer.tools.Main.printArgs(Main.java:25) - command ..: [-r, -r]
[2011-08-06 21:15:02,587] INFO    31[main] - br.com.jro.developer.tools.PromptCommand.execute(PromptCommand.java:34) - Parameter <-r> not found.
[2011-08-06 21:15:02,587] INFO    31[main] - br.com.jro.developer.tools.Main.printArgs(Main.java:25) - command ..: [-d]
[2011-08-06 21:15:02,587]ERROR    31[main] - br.com.jro.developer.tools.Main.main(Main.java:19) - 1
java.lang.ArrayIndexOutOfBoundsException: 1
	at br.com.jro.developer.tools.commands.CommandListFiles.listFilesByPath(CommandListFiles.java:14)
	at br.com.jro.developer.tools.commands.CommandListFiles.execute(CommandListFiles.java:11)
	at br.com.jro.developer.tools.PromptCommand.command(PromptCommand.java:69)
	at br.com.jro.developer.tools.PromptCommand.execute(PromptCommand.java:37)
	at br.com.jro.developer.tools.Main.main(Main.java:17)
	at br.com.jro.developer.tools.MainTest.testMain(MainTest.java:67)
	at sun.reflect.NativeMethodAccessorImpl.invoke0(Native Method)
	at sun.reflect.NativeMethodAccessorImpl.invoke(NativeMethodAccessorImpl.java:39)
	at sun.reflect.DelegatingMethodAccessorImpl.invoke(DelegatingMethodAccessorImpl.java:25)
	at java.lang.reflect.Method.invoke(Method.java:597)
	at org.junit.runners.model.FrameworkMethod$1.runReflectiveCall(FrameworkMethod.java:44)
	at org.junit.internal.runners.model.ReflectiveCallable.run(ReflectiveCallable.java:15)
	at org.junit.runners.model.FrameworkMethod.invokeExplosively(FrameworkMethod.java:41)
	at org.junit.internal.runners.statements.InvokeMethod.evaluate(InvokeMethod.java:20)
	at org.junit.internal.runners.statements.RunBefores.evaluate(RunBefores.java:28)
	at org.junit.internal.runners.statements.RunAfters.evaluate(RunAfters.java:31)
	at org.junit.runners.BlockJUnit4ClassRunner.runNotIgnored(BlockJUnit4ClassRunner.java:79)
	at org.junit.runners.BlockJUnit4ClassRunner.runChild(BlockJUnit4ClassRunner.java:71)
	at org.junit.runners.BlockJUnit4ClassRunner.runChild(BlockJUnit4ClassRunner.java:49)
	at org.junit.runners.ParentRunner$3.run(ParentRunner.java:193)
	at org.junit.runners.ParentRunner$1.schedule(ParentRunner.java:52)
	at org.junit.runners.ParentRunner.runChildren(ParentRunner.java:191)
	at org.junit.runners.ParentRunner.access$000(ParentRunner.java:42)
	at org.junit.runners.ParentRunner$2.evaluate(ParentRunner.java:184)
	at org.junit.internal.runners.statements.RunBefores.evaluate(RunBefores.java:28)
	at org.junit.internal.runners.statements.RunAfters.evaluate(RunAfters.java:31)
	at org.junit.runners.ParentRunner.run(ParentRunner.java:236)
	at org.eclipse.jdt.internal.junit4.runner.JUnit4TestReference.run(JUnit4TestReference.java:50)
	at org.eclipse.jdt.internal.junit.runner.TestExecution.run(TestExecution.java:38)
	at org.eclipse.jdt.internal.junit.runner.RemoteTestRunner.runTests(RemoteTestRunner.java:467)
	at org.eclipse.jdt.internal.junit.runner.RemoteTestRunner.runTests(RemoteTestRunner.java:683)
	at org.eclipse.jdt.internal.junit.runner.RemoteTestRunner.run(RemoteTestRunner.java:390)
	at org.eclipse.jdt.internal.junit.runner.RemoteTestRunner.main(RemoteTestRunner.java:197)
[2011-08-06 21:15:02,603] INFO    47[main] - br.com.jro.developer.tools.Main.printArgs(Main.java:25) - command ..: [-d]
[2011-08-06 21:15:02,603]ERROR    47[main] - br.com.jro.developer.tools.Main.main(Main.java:19) - 1
java.lang.ArrayIndexOutOfBoundsException: 1
	at br.com.jro.developer.tools.commands.CommandListFiles.listFilesByPath(CommandListFiles.java:14)
	at br.com.jro.developer.tools.commands.CommandListFiles.execute(CommandListFiles.java:11)
	at br.com.jro.developer.tools.PromptCommand.command(PromptCommand.java:69)
	at br.com.jro.developer.tools.PromptCommand.execute(PromptCommand.java:37)
	at br.com.jro.developer.tools.Main.main(Main.java:17)
	at br.com.jro.developer.tools.MainTest.testMain(MainTest.java:67)
	at sun.reflect.NativeMethodAccessorImpl.invoke0(Native Method)
	at sun.reflect.NativeMethodAccessorImpl.invoke(NativeMethodAccessorImpl.java:39)
	at sun.reflect.DelegatingMethodAccessorImpl.invoke(DelegatingMethodAccessorImpl.java:25)
	at java.lang.reflect.Method.invoke(Method.java:597)
	at org.junit.runners.model.FrameworkMethod$1.runReflectiveCall(FrameworkMethod.java:44)
	at org.junit.internal.runners.model.ReflectiveCallable.run(ReflectiveCallable.java:15)
	at org.junit.runners.model.FrameworkMethod.invokeExplosively(FrameworkMethod.java:41)
	at org.junit.internal.runners.statements.InvokeMethod.evaluate(InvokeMethod.java:20)
	at org.junit.internal.runners.statements.RunBefores.evaluate(RunBefores.java:28)
	at org.junit.internal.runners.statements.RunAfters.evaluate(RunAfters.java:31)
	at org.junit.runners.BlockJUnit4ClassRunner.runNotIgnored(BlockJUnit4ClassRunner.java:79)
	at org.junit.runners.BlockJUnit4ClassRunner.runChild(BlockJUnit4ClassRunner.java:71)
	at org.junit.runners.BlockJUnit4ClassRunner.runChild(BlockJUnit4ClassRunner.java:49)
	at org.junit.runners.ParentRunner$3.run(ParentRunner.java:193)
	at org.junit.runners.ParentRunner$1.schedule(ParentRunner.java:52)
	at org.junit.runners.ParentRunner.runChildren(ParentRunner.java:191)
	at org.junit.runners.ParentRunner.access$000(ParentRunner.java:42)
	at org.junit.runners.ParentRunner$2.evaluate(ParentRunner.java:184)
	at org.junit.internal.runners.statements.RunBefores.evaluate(RunBefores.java:28)
	at org.junit.internal.runners.statements.RunAfters.evaluate(RunAfters.java:31)
	at org.junit.runners.ParentRunner.run(ParentRunner.java:236)
	at org.eclipse.jdt.internal.junit4.runner.JUnit4TestReference.run(JUnit4TestReference.java:50)
	at org.eclipse.jdt.internal.junit.runner.TestExecution.run(TestExecution.java:38)
	at org.eclipse.jdt.internal.junit.runner.RemoteTestRunner.runTests(RemoteTestRunner.java:467)
	at org.eclipse.jdt.internal.junit.runner.RemoteTestRunner.runTests(RemoteTestRunner.java:683)
	at org.eclipse.jdt.internal.junit.runner.RemoteTestRunner.run(RemoteTestRunner.java:390)
	at org.eclipse.jdt.internal.junit.runner.RemoteTestRunner.main(RemoteTestRunner.java:197)
[2011-08-06 21:15:02,603] INFO    47[main] - br.com.jro.developer.tools.Main.printArgs(Main.java:25) - command ..: [-d, C:/test_false]
[2011-08-06 21:15:02,619] INFO    63[main] - br.com.jro.developer.tools.Main.printArgs(Main.java:25) - command ..: [-d, C:\test_false]
[2011-08-06 21:15:02,619] INFO    63[main] - br.com.jro.developer.tools.Main.printArgs(Main.java:25) - command ..: [-d, C:\ftp]
[2011-08-06 21:15:02,619] INFO    63[main] - br.com.jro.developer.tools.Main.printArgs(Main.java:25) - command ..: [-d, null]
[2011-08-06 21:15:02,619] INFO    63[main] - br.com.jro.developer.tools.Main.printArgs(Main.java:25) - command ..: [C:\ftp]
[2011-08-06 21:15:02,619] INFO    63[main] - br.com.jro.developer.tools.PromptCommand.execute(PromptCommand.java:34) - Parameter <C:\ftp> not found.
[2011-08-06 21:15:02,619] INFO    63[main] - br.com.jro.developer.tools.Main.printArgs(Main.java:25) - command ..: [C:\temp, text]
[2011-08-06 21:15:02,619] INFO    63[main] - br.com.jro.developer.tools.PromptCommand.execute(PromptCommand.java:34) - Parameter <C:\temp> not found.
[2011-08-06 21:35:03,992] INFO     0[main] - br.com.jro.developer.tools.Main.printArgs(Main.java:27) - command ..: null
[2011-08-06 21:35:04,008] INFO    16[main] - br.com.jro.developer.tools.Main.printArgs(Main.java:25) - command ..: [-h]
[2011-08-06 21:35:04,008] INFO    16[main] - br.com.jro.developer.tools.commands.CommandHelp.printHelp(CommandHelp.java:18) - TOOLS TO FACILITY A DEVELOPER STEPS.
[2011-08-06 21:35:04,008] INFO    16[main] - br.com.jro.developer.tools.commands.CommandHelp.printHelp(CommandHelp.java:20) - author ...: Jairo de Almeida. since 12 abril 2010. version 1.1
||.........## --.#.......|
||.........   #  # ......|
||.........     *  ......|
||........     -^........|
||.....##\        .......|
||....#####     /###.....|
||....########\ \((#.....|
||..####,   ))/ ##.......|
||..#####      '####.....|
||..#####\____/#####.....|
||...######..######......|
||.....""""  """"........|

[2011-08-06 21:35:04,008] INFO    16[main] - br.com.jro.developer.tools.commands.CommandHelp.printHelp(CommandHelp.java:33) - COMANDS ...
[2011-08-06 21:35:04,008] INFO    16[main] - br.com.jro.developer.tools.commands.CommandHelp.printHelp(CommandHelp.java:34) - -d to print recursive path files : example -d <path_name> : directory name
[2011-08-06 21:35:04,008] INFO    16[main] - br.com.jro.developer.tools.commands.CommandHelp.printHelp(CommandHelp.java:35) - -h to read help
[2011-08-06 21:35:04,008] INFO    16[main] - br.com.jro.developer.tools.commands.CommandHelp.printHelp(CommandHelp.java:36) - -m to read a recursive txt files into directory (will merge) : example -m : merge text files in log file<path_name> : directory name<extension> : extension of files will merge - example text, sql, java, etc<encoding> : for example: encoding are ISO-8859-1 to portuguese, UTF-8 to english, etc)
[2011-08-06 21:35:04,008] INFO    16[main] - br.com.jro.developer.tools.Main.printArgs(Main.java:25) - command ..: []
[2011-08-06 21:35:04,008]ERROR    16[main] - br.com.jro.developer.tools.Main.main(Main.java:19) - 
java.lang.NullPointerException
	at br.com.jro.developer.tools.PromptCommand.command(PromptCommand.java:66)
	at br.com.jro.developer.tools.PromptCommand.execute(PromptCommand.java:37)
	at br.com.jro.developer.tools.Main.main(Main.java:17)
	at br.com.jro.developer.tools.MainTest.testMain(MainTest.java:67)
	at sun.reflect.NativeMethodAccessorImpl.invoke0(Native Method)
	at sun.reflect.NativeMethodAccessorImpl.invoke(NativeMethodAccessorImpl.java:39)
	at sun.reflect.DelegatingMethodAccessorImpl.invoke(DelegatingMethodAccessorImpl.java:25)
	at java.lang.reflect.Method.invoke(Method.java:597)
	at org.junit.runners.model.FrameworkMethod$1.runReflectiveCall(FrameworkMethod.java:44)
	at org.junit.internal.runners.model.ReflectiveCallable.run(ReflectiveCallable.java:15)
	at org.junit.runners.model.FrameworkMethod.invokeExplosively(FrameworkMethod.java:41)
	at org.junit.internal.runners.statements.InvokeMethod.evaluate(InvokeMethod.java:20)
	at org.junit.internal.runners.statements.RunBefores.evaluate(RunBefores.java:28)
	at org.junit.internal.runners.statements.RunAfters.evaluate(RunAfters.java:31)
	at org.junit.runners.BlockJUnit4ClassRunner.runNotIgnored(BlockJUnit4ClassRunner.java:79)
	at org.junit.runners.BlockJUnit4ClassRunner.runChild(BlockJUnit4ClassRunner.java:71)
	at org.junit.runners.BlockJUnit4ClassRunner.runChild(BlockJUnit4ClassRunner.java:49)
	at org.junit.runners.ParentRunner$3.run(ParentRunner.java:193)
	at org.junit.runners.ParentRunner$1.schedule(ParentRunner.java:52)
	at org.junit.runners.ParentRunner.runChildren(ParentRunner.java:191)
	at org.junit.runners.ParentRunner.access$000(ParentRunner.java:42)
	at org.junit.runners.ParentRunner$2.evaluate(ParentRunner.java:184)
	at org.junit.internal.runners.statements.RunBefores.evaluate(RunBefores.java:28)
	at org.junit.internal.runners.statements.RunAfters.evaluate(RunAfters.java:31)
	at org.junit.runners.ParentRunner.run(ParentRunner.java:236)
	at org.eclipse.jdt.internal.junit4.runner.JUnit4TestReference.run(JUnit4TestReference.java:50)
	at org.eclipse.jdt.internal.junit.runner.TestExecution.run(TestExecution.java:38)
	at org.eclipse.jdt.internal.junit.runner.RemoteTestRunner.runTests(RemoteTestRunner.java:467)
	at org.eclipse.jdt.internal.junit.runner.RemoteTestRunner.runTests(RemoteTestRunner.java:683)
	at org.eclipse.jdt.internal.junit.runner.RemoteTestRunner.run(RemoteTestRunner.java:390)
	at org.eclipse.jdt.internal.junit.runner.RemoteTestRunner.main(RemoteTestRunner.java:197)
[2011-08-06 21:35:04,024] INFO    32[main] - br.com.jro.developer.tools.Main.printArgs(Main.java:25) - command ..: [-d]
[2011-08-06 21:35:04,024]ERROR    32[main] - br.com.jro.developer.tools.Main.main(Main.java:19) - 1
java.lang.ArrayIndexOutOfBoundsException: 1
	at br.com.jro.developer.tools.commands.CommandListFiles.listFilesByPath(CommandListFiles.java:14)
	at br.com.jro.developer.tools.commands.CommandListFiles.execute(CommandListFiles.java:11)
	at br.com.jro.developer.tools.PromptCommand.command(PromptCommand.java:69)
	at br.com.jro.developer.tools.PromptCommand.execute(PromptCommand.java:37)
	at br.com.jro.developer.tools.Main.main(Main.java:17)
	at br.com.jro.developer.tools.MainTest.testMain(MainTest.java:67)
	at sun.reflect.NativeMethodAccessorImpl.invoke0(Native Method)
	at sun.reflect.NativeMethodAccessorImpl.invoke(NativeMethodAccessorImpl.java:39)
	at sun.reflect.DelegatingMethodAccessorImpl.invoke(DelegatingMethodAccessorImpl.java:25)
	at java.lang.reflect.Method.invoke(Method.java:597)
	at org.junit.runners.model.FrameworkMethod$1.runReflectiveCall(FrameworkMethod.java:44)
	at org.junit.internal.runners.model.ReflectiveCallable.run(ReflectiveCallable.java:15)
	at org.junit.runners.model.FrameworkMethod.invokeExplosively(FrameworkMethod.java:41)
	at org.junit.internal.runners.statements.InvokeMethod.evaluate(InvokeMethod.java:20)
	at org.junit.internal.runners.statements.RunBefores.evaluate(RunBefores.java:28)
	at org.junit.internal.runners.statements.RunAfters.evaluate(RunAfters.java:31)
	at org.junit.runners.BlockJUnit4ClassRunner.runNotIgnored(BlockJUnit4ClassRunner.java:79)
	at org.junit.runners.BlockJUnit4ClassRunner.runChild(BlockJUnit4ClassRunner.java:71)
	at org.junit.runners.BlockJUnit4ClassRunner.runChild(BlockJUnit4ClassRunner.java:49)
	at org.junit.runners.ParentRunner$3.run(ParentRunner.java:193)
	at org.junit.runners.ParentRunner$1.schedule(ParentRunner.java:52)
	at org.junit.runners.ParentRunner.runChildren(ParentRunner.java:191)
	at org.junit.runners.ParentRunner.access$000(ParentRunner.java:42)
	at org.junit.runners.ParentRunner$2.evaluate(ParentRunner.java:184)
	at org.junit.internal.runners.statements.RunBefores.evaluate(RunBefores.java:28)
	at org.junit.internal.runners.statements.RunAfters.evaluate(RunAfters.java:31)
	at org.junit.runners.ParentRunner.run(ParentRunner.java:236)
	at org.eclipse.jdt.internal.junit4.runner.JUnit4TestReference.run(JUnit4TestReference.java:50)
	at org.eclipse.jdt.internal.junit.runner.TestExecution.run(TestExecution.java:38)
	at org.eclipse.jdt.internal.junit.runner.RemoteTestRunner.runTests(RemoteTestRunner.java:467)
	at org.eclipse.jdt.internal.junit.runner.RemoteTestRunner.runTests(RemoteTestRunner.java:683)
	at org.eclipse.jdt.internal.junit.runner.RemoteTestRunner.run(RemoteTestRunner.java:390)
	at org.eclipse.jdt.internal.junit.runner.RemoteTestRunner.main(RemoteTestRunner.java:197)
[2011-08-06 21:35:04,024] INFO    32[main] - br.com.jro.developer.tools.Main.printArgs(Main.java:25) - command ..: []
[2011-08-06 21:35:04,024] INFO    32[main] - br.com.jro.developer.tools.Main.printArgs(Main.java:25) - command ..: [-r]
[2011-08-06 21:35:04,024] INFO    32[main] - br.com.jro.developer.tools.PromptCommand.execute(PromptCommand.java:34) - Parameter <-r> not found.
[2011-08-06 21:35:04,024] INFO    32[main] - br.com.jro.developer.tools.Main.printArgs(Main.java:25) - command ..: [-r, -r]
[2011-08-06 21:35:04,024] INFO    32[main] - br.com.jro.developer.tools.PromptCommand.execute(PromptCommand.java:34) - Parameter <-r> not found.
[2011-08-06 21:35:04,024] INFO    32[main] - br.com.jro.developer.tools.Main.printArgs(Main.java:25) - command ..: [-d]
[2011-08-06 21:35:04,024]ERROR    32[main] - br.com.jro.developer.tools.Main.main(Main.java:19) - 1
java.lang.ArrayIndexOutOfBoundsException: 1
	at br.com.jro.developer.tools.commands.CommandListFiles.listFilesByPath(CommandListFiles.java:14)
	at br.com.jro.developer.tools.commands.CommandListFiles.execute(CommandListFiles.java:11)
	at br.com.jro.developer.tools.PromptCommand.command(PromptCommand.java:69)
	at br.com.jro.developer.tools.PromptCommand.execute(PromptCommand.java:37)
	at br.com.jro.developer.tools.Main.main(Main.java:17)
	at br.com.jro.developer.tools.MainTest.testMain(MainTest.java:67)
	at sun.reflect.NativeMethodAccessorImpl.invoke0(Native Method)
	at sun.reflect.NativeMethodAccessorImpl.invoke(NativeMethodAccessorImpl.java:39)
	at sun.reflect.DelegatingMethodAccessorImpl.invoke(DelegatingMethodAccessorImpl.java:25)
	at java.lang.reflect.Method.invoke(Method.java:597)
	at org.junit.runners.model.FrameworkMethod$1.runReflectiveCall(FrameworkMethod.java:44)
	at org.junit.internal.runners.model.ReflectiveCallable.run(ReflectiveCallable.java:15)
	at org.junit.runners.model.FrameworkMethod.invokeExplosively(FrameworkMethod.java:41)
	at org.junit.internal.runners.statements.InvokeMethod.evaluate(InvokeMethod.java:20)
	at org.junit.internal.runners.statements.RunBefores.evaluate(RunBefores.java:28)
	at org.junit.internal.runners.statements.RunAfters.evaluate(RunAfters.java:31)
	at org.junit.runners.BlockJUnit4ClassRunner.runNotIgnored(BlockJUnit4ClassRunner.java:79)
	at org.junit.runners.BlockJUnit4ClassRunner.runChild(BlockJUnit4ClassRunner.java:71)
	at org.junit.runners.BlockJUnit4ClassRunner.runChild(BlockJUnit4ClassRunner.java:49)
	at org.junit.runners.ParentRunner$3.run(ParentRunner.java:193)
	at org.junit.runners.ParentRunner$1.schedule(ParentRunner.java:52)
	at org.junit.runners.ParentRunner.runChildren(ParentRunner.java:191)
	at org.junit.runners.ParentRunner.access$000(ParentRunner.java:42)
	at org.junit.runners.ParentRunner$2.evaluate(ParentRunner.java:184)
	at org.junit.internal.runners.statements.RunBefores.evaluate(RunBefores.java:28)
	at org.junit.internal.runners.statements.RunAfters.evaluate(RunAfters.java:31)
	at org.junit.runners.ParentRunner.run(ParentRunner.java:236)
	at org.eclipse.jdt.internal.junit4.runner.JUnit4TestReference.run(JUnit4TestReference.java:50)
	at org.eclipse.jdt.internal.junit.runner.TestExecution.run(TestExecution.java:38)
	at org.eclipse.jdt.internal.junit.runner.RemoteTestRunner.runTests(RemoteTestRunner.java:467)
	at org.eclipse.jdt.internal.junit.runner.RemoteTestRunner.runTests(RemoteTestRunner.java:683)
	at org.eclipse.jdt.internal.junit.runner.RemoteTestRunner.run(RemoteTestRunner.java:390)
	at org.eclipse.jdt.internal.junit.runner.RemoteTestRunner.main(RemoteTestRunner.java:197)
[2011-08-06 21:35:04,039] INFO    47[main] - br.com.jro.developer.tools.Main.printArgs(Main.java:25) - command ..: [-d]
[2011-08-06 21:35:04,039]ERROR    47[main] - br.com.jro.developer.tools.Main.main(Main.java:19) - 1
java.lang.ArrayIndexOutOfBoundsException: 1
	at br.com.jro.developer.tools.commands.CommandListFiles.listFilesByPath(CommandListFiles.java:14)
	at br.com.jro.developer.tools.commands.CommandListFiles.execute(CommandListFiles.java:11)
	at br.com.jro.developer.tools.PromptCommand.command(PromptCommand.java:69)
	at br.com.jro.developer.tools.PromptCommand.execute(PromptCommand.java:37)
	at br.com.jro.developer.tools.Main.main(Main.java:17)
	at br.com.jro.developer.tools.MainTest.testMain(MainTest.java:67)
	at sun.reflect.NativeMethodAccessorImpl.invoke0(Native Method)
	at sun.reflect.NativeMethodAccessorImpl.invoke(NativeMethodAccessorImpl.java:39)
	at sun.reflect.DelegatingMethodAccessorImpl.invoke(DelegatingMethodAccessorImpl.java:25)
	at java.lang.reflect.Method.invoke(Method.java:597)
	at org.junit.runners.model.FrameworkMethod$1.runReflectiveCall(FrameworkMethod.java:44)
	at org.junit.internal.runners.model.ReflectiveCallable.run(ReflectiveCallable.java:15)
	at org.junit.runners.model.FrameworkMethod.invokeExplosively(FrameworkMethod.java:41)
	at org.junit.internal.runners.statements.InvokeMethod.evaluate(InvokeMethod.java:20)
	at org.junit.internal.runners.statements.RunBefores.evaluate(RunBefores.java:28)
	at org.junit.internal.runners.statements.RunAfters.evaluate(RunAfters.java:31)
	at org.junit.runners.BlockJUnit4ClassRunner.runNotIgnored(BlockJUnit4ClassRunner.java:79)
	at org.junit.runners.BlockJUnit4ClassRunner.runChild(BlockJUnit4ClassRunner.java:71)
	at org.junit.runners.BlockJUnit4ClassRunner.runChild(BlockJUnit4ClassRunner.java:49)
	at org.junit.runners.ParentRunner$3.run(ParentRunner.java:193)
	at org.junit.runners.ParentRunner$1.schedule(ParentRunner.java:52)
	at org.junit.runners.ParentRunner.runChildren(ParentRunner.java:191)
	at org.junit.runners.ParentRunner.access$000(ParentRunner.java:42)
	at org.junit.runners.ParentRunner$2.evaluate(ParentRunner.java:184)
	at org.junit.internal.runners.statements.RunBefores.evaluate(RunBefores.java:28)
	at org.junit.internal.runners.statements.RunAfters.evaluate(RunAfters.java:31)
	at org.junit.runners.ParentRunner.run(ParentRunner.java:236)
	at org.eclipse.jdt.internal.junit4.runner.JUnit4TestReference.run(JUnit4TestReference.java:50)
	at org.eclipse.jdt.internal.junit.runner.TestExecution.run(TestExecution.java:38)
	at org.eclipse.jdt.internal.junit.runner.RemoteTestRunner.runTests(RemoteTestRunner.java:467)
	at org.eclipse.jdt.internal.junit.runner.RemoteTestRunner.runTests(RemoteTestRunner.java:683)
	at org.eclipse.jdt.internal.junit.runner.RemoteTestRunner.run(RemoteTestRunner.java:390)
	at org.eclipse.jdt.internal.junit.runner.RemoteTestRunner.main(RemoteTestRunner.java:197)
[2011-08-06 21:35:04,055] INFO    63[main] - br.com.jro.developer.tools.Main.printArgs(Main.java:25) - command ..: [-d, C:/test_false]
[2011-08-06 21:35:04,055] INFO    63[main] - br.com.jro.developer.tools.Main.printArgs(Main.java:25) - command ..: [-d, C:\test_false]
[2011-08-06 21:35:04,055] INFO    63[main] - br.com.jro.developer.tools.Main.printArgs(Main.java:25) - command ..: [-d, C:\ftp]
[2011-08-06 21:35:04,055] INFO    63[main] - br.com.jro.developer.tools.Main.printArgs(Main.java:25) - command ..: [-d, null]
[2011-08-06 21:35:04,055] INFO    63[main] - br.com.jro.developer.tools.Main.printArgs(Main.java:25) - command ..: [C:\ftp]
[2011-08-06 21:35:04,055] INFO    63[main] - br.com.jro.developer.tools.PromptCommand.execute(PromptCommand.java:34) - Parameter <C:\ftp> not found.
[2011-08-06 21:35:04,055] INFO    63[main] - br.com.jro.developer.tools.Main.printArgs(Main.java:25) - command ..: [C:\temp, text]
[2011-08-06 21:35:04,055] INFO    63[main] - br.com.jro.developer.tools.PromptCommand.execute(PromptCommand.java:34) - Parameter <C:\temp> not found.
[2011-08-06 21:36:42,710] INFO     0[main] - br.com.jro.developer.tools.Main.printArgs(Main.java:27) - command ..: null
[2011-08-06 21:36:43,991] INFO  1281[main] - br.com.jro.developer.tools.Main.printArgs(Main.java:25) - command ..: [-h]
[2011-08-06 21:36:44,006] INFO  1296[main] - br.com.jro.developer.tools.commands.CommandHelp.printHelp(CommandHelp.java:18) - TOOLS TO FACILITY A DEVELOPER STEPS.
[2011-08-06 21:36:44,006] INFO  1296[main] - br.com.jro.developer.tools.commands.CommandHelp.printHelp(CommandHelp.java:20) - author ...: Jairo de Almeida. since 12 abril 2010. version 1.1
||.........## --.#.......|
||.........   #  # ......|
||.........     *  ......|
||........     -^........|
||.....##\        .......|
||....#####     /###.....|
||....########\ \((#.....|
||..####,   ))/ ##.......|
||..#####      '####.....|
||..#####\____/#####.....|
||...######..######......|
||.....""""  """"........|

[2011-08-06 21:36:44,022] INFO  1312[main] - br.com.jro.developer.tools.commands.CommandHelp.printHelp(CommandHelp.java:33) - COMANDS ...
[2011-08-06 21:36:44,022] INFO  1312[main] - br.com.jro.developer.tools.commands.CommandHelp.printHelp(CommandHelp.java:34) - -d to print recursive path files : example -d <path_name> : directory name
[2011-08-06 21:36:44,037] INFO  1327[main] - br.com.jro.developer.tools.commands.CommandHelp.printHelp(CommandHelp.java:35) - -h to read help
[2011-08-06 21:36:44,037] INFO  1327[main] - br.com.jro.developer.tools.commands.CommandHelp.printHelp(CommandHelp.java:36) - -m to read a recursive txt files into directory (will merge) : example -m : merge text files in log file<path_name> : directory name<extension> : extension of files will merge - example text, sql, java, etc<encoding> : for example: encoding are ISO-8859-1 to portuguese, UTF-8 to english, etc)
[2011-08-06 21:36:44,600] INFO  1890[main] - br.com.jro.developer.tools.Main.printArgs(Main.java:25) - command ..: []
[2011-08-06 21:36:44,600]ERROR  1890[main] - br.com.jro.developer.tools.Main.main(Main.java:19) - 
java.lang.NullPointerException
	at br.com.jro.developer.tools.PromptCommand.command(PromptCommand.java:66)
	at br.com.jro.developer.tools.PromptCommand.execute(PromptCommand.java:37)
	at br.com.jro.developer.tools.Main.main(Main.java:17)
	at br.com.jro.developer.tools.MainTest.testMain(MainTest.java:67)
	at sun.reflect.NativeMethodAccessorImpl.invoke0(Native Method)
	at sun.reflect.NativeMethodAccessorImpl.invoke(NativeMethodAccessorImpl.java:39)
	at sun.reflect.DelegatingMethodAccessorImpl.invoke(DelegatingMethodAccessorImpl.java:25)
	at java.lang.reflect.Method.invoke(Method.java:597)
	at org.junit.runners.model.FrameworkMethod$1.runReflectiveCall(FrameworkMethod.java:44)
	at org.junit.internal.runners.model.ReflectiveCallable.run(ReflectiveCallable.java:15)
	at org.junit.runners.model.FrameworkMethod.invokeExplosively(FrameworkMethod.java:41)
	at org.junit.internal.runners.statements.InvokeMethod.evaluate(InvokeMethod.java:20)
	at org.junit.internal.runners.statements.RunBefores.evaluate(RunBefores.java:28)
	at org.junit.internal.runners.statements.RunAfters.evaluate(RunAfters.java:31)
	at org.junit.runners.BlockJUnit4ClassRunner.runNotIgnored(BlockJUnit4ClassRunner.java:79)
	at org.junit.runners.BlockJUnit4ClassRunner.runChild(BlockJUnit4ClassRunner.java:71)
	at org.junit.runners.BlockJUnit4ClassRunner.runChild(BlockJUnit4ClassRunner.java:49)
	at org.junit.runners.ParentRunner$3.run(ParentRunner.java:193)
	at org.junit.runners.ParentRunner$1.schedule(ParentRunner.java:52)
	at org.junit.runners.ParentRunner.runChildren(ParentRunner.java:191)
	at org.junit.runners.ParentRunner.access$000(ParentRunner.java:42)
	at org.junit.runners.ParentRunner$2.evaluate(ParentRunner.java:184)
	at org.junit.internal.runners.statements.RunBefores.evaluate(RunBefores.java:28)
	at org.junit.internal.runners.statements.RunAfters.evaluate(RunAfters.java:31)
	at org.junit.runners.ParentRunner.run(ParentRunner.java:236)
	at org.eclipse.jdt.internal.junit4.runner.JUnit4TestReference.run(JUnit4TestReference.java:50)
	at org.eclipse.jdt.internal.junit.runner.TestExecution.run(TestExecution.java:38)
	at org.eclipse.jdt.internal.junit.runner.RemoteTestRunner.runTests(RemoteTestRunner.java:467)
	at org.eclipse.jdt.internal.junit.runner.RemoteTestRunner.runTests(RemoteTestRunner.java:683)
	at org.eclipse.jdt.internal.junit.runner.RemoteTestRunner.run(RemoteTestRunner.java:390)
	at org.eclipse.jdt.internal.junit.runner.RemoteTestRunner.main(RemoteTestRunner.java:197)
[2011-08-06 21:36:45,614] INFO  2904[main] - br.com.jro.developer.tools.Main.printArgs(Main.java:25) - command ..: [-d]
[2011-08-06 21:36:45,630]ERROR  2920[main] - br.com.jro.developer.tools.Main.main(Main.java:19) - 1
java.lang.ArrayIndexOutOfBoundsException: 1
	at br.com.jro.developer.tools.commands.CommandListFiles.listFilesByPath(CommandListFiles.java:14)
	at br.com.jro.developer.tools.commands.CommandListFiles.execute(CommandListFiles.java:11)
	at br.com.jro.developer.tools.PromptCommand.command(PromptCommand.java:69)
	at br.com.jro.developer.tools.PromptCommand.execute(PromptCommand.java:37)
	at br.com.jro.developer.tools.Main.main(Main.java:17)
	at br.com.jro.developer.tools.MainTest.testMain(MainTest.java:67)
	at sun.reflect.NativeMethodAccessorImpl.invoke0(Native Method)
	at sun.reflect.NativeMethodAccessorImpl.invoke(NativeMethodAccessorImpl.java:39)
	at sun.reflect.DelegatingMethodAccessorImpl.invoke(DelegatingMethodAccessorImpl.java:25)
	at java.lang.reflect.Method.invoke(Method.java:597)
	at org.junit.runners.model.FrameworkMethod$1.runReflectiveCall(FrameworkMethod.java:44)
	at org.junit.internal.runners.model.ReflectiveCallable.run(ReflectiveCallable.java:15)
	at org.junit.runners.model.FrameworkMethod.invokeExplosively(FrameworkMethod.java:41)
	at org.junit.internal.runners.statements.InvokeMethod.evaluate(InvokeMethod.java:20)
	at org.junit.internal.runners.statements.RunBefores.evaluate(RunBefores.java:28)
	at org.junit.internal.runners.statements.RunAfters.evaluate(RunAfters.java:31)
	at org.junit.runners.BlockJUnit4ClassRunner.runNotIgnored(BlockJUnit4ClassRunner.java:79)
	at org.junit.runners.BlockJUnit4ClassRunner.runChild(BlockJUnit4ClassRunner.java:71)
	at org.junit.runners.BlockJUnit4ClassRunner.runChild(BlockJUnit4ClassRunner.java:49)
	at org.junit.runners.ParentRunner$3.run(ParentRunner.java:193)
	at org.junit.runners.ParentRunner$1.schedule(ParentRunner.java:52)
	at org.junit.runners.ParentRunner.runChildren(ParentRunner.java:191)
	at org.junit.runners.ParentRunner.access$000(ParentRunner.java:42)
	at org.junit.runners.ParentRunner$2.evaluate(ParentRunner.java:184)
	at org.junit.internal.runners.statements.RunBefores.evaluate(RunBefores.java:28)
	at org.junit.internal.runners.statements.RunAfters.evaluate(RunAfters.java:31)
	at org.junit.runners.ParentRunner.run(ParentRunner.java:236)
	at org.eclipse.jdt.internal.junit4.runner.JUnit4TestReference.run(JUnit4TestReference.java:50)
	at org.eclipse.jdt.internal.junit.runner.TestExecution.run(TestExecution.java:38)
	at org.eclipse.jdt.internal.junit.runner.RemoteTestRunner.runTests(RemoteTestRunner.java:467)
	at org.eclipse.jdt.internal.junit.runner.RemoteTestRunner.runTests(RemoteTestRunner.java:683)
	at org.eclipse.jdt.internal.junit.runner.RemoteTestRunner.run(RemoteTestRunner.java:390)
	at org.eclipse.jdt.internal.junit.runner.RemoteTestRunner.main(RemoteTestRunner.java:197)
[2011-08-06 21:36:46,177] INFO  3467[main] - br.com.jro.developer.tools.Main.printArgs(Main.java:25) - command ..: []
[2011-08-06 21:37:00,529] INFO 17819[main] - br.com.jro.developer.tools.Main.printArgs(Main.java:25) - command ..: [-r]
[2011-08-06 21:37:00,529] INFO 17819[main] - br.com.jro.developer.tools.PromptCommand.execute(PromptCommand.java:34) - Parameter <-r> not found.
[2011-08-06 21:37:01,793] INFO 19083[main] - br.com.jro.developer.tools.Main.printArgs(Main.java:25) - command ..: [-r, -r]
[2011-08-06 21:37:01,793] INFO 19083[main] - br.com.jro.developer.tools.PromptCommand.execute(PromptCommand.java:34) - Parameter <-r> not found.
[2011-08-06 21:37:02,699] INFO 19989[main] - br.com.jro.developer.tools.Main.printArgs(Main.java:25) - command ..: [-d]
[2011-08-06 21:37:02,715]ERROR 20005[main] - br.com.jro.developer.tools.Main.main(Main.java:19) - 1
java.lang.ArrayIndexOutOfBoundsException: 1
	at br.com.jro.developer.tools.commands.CommandListFiles.listFilesByPath(CommandListFiles.java:14)
	at br.com.jro.developer.tools.commands.CommandListFiles.execute(CommandListFiles.java:11)
	at br.com.jro.developer.tools.PromptCommand.command(PromptCommand.java:69)
	at br.com.jro.developer.tools.PromptCommand.execute(PromptCommand.java:37)
	at br.com.jro.developer.tools.Main.main(Main.java:17)
	at br.com.jro.developer.tools.MainTest.testMain(MainTest.java:67)
	at sun.reflect.NativeMethodAccessorImpl.invoke0(Native Method)
	at sun.reflect.NativeMethodAccessorImpl.invoke(NativeMethodAccessorImpl.java:39)
	at sun.reflect.DelegatingMethodAccessorImpl.invoke(DelegatingMethodAccessorImpl.java:25)
	at java.lang.reflect.Method.invoke(Method.java:597)
	at org.junit.runners.model.FrameworkMethod$1.runReflectiveCall(FrameworkMethod.java:44)
	at org.junit.internal.runners.model.ReflectiveCallable.run(ReflectiveCallable.java:15)
	at org.junit.runners.model.FrameworkMethod.invokeExplosively(FrameworkMethod.java:41)
	at org.junit.internal.runners.statements.InvokeMethod.evaluate(InvokeMethod.java:20)
	at org.junit.internal.runners.statements.RunBefores.evaluate(RunBefores.java:28)
	at org.junit.internal.runners.statements.RunAfters.evaluate(RunAfters.java:31)
	at org.junit.runners.BlockJUnit4ClassRunner.runNotIgnored(BlockJUnit4ClassRunner.java:79)
	at org.junit.runners.BlockJUnit4ClassRunner.runChild(BlockJUnit4ClassRunner.java:71)
	at org.junit.runners.BlockJUnit4ClassRunner.runChild(BlockJUnit4ClassRunner.java:49)
	at org.junit.runners.ParentRunner$3.run(ParentRunner.java:193)
	at org.junit.runners.ParentRunner$1.schedule(ParentRunner.java:52)
	at org.junit.runners.ParentRunner.runChildren(ParentRunner.java:191)
	at org.junit.runners.ParentRunner.access$000(ParentRunner.java:42)
	at org.junit.runners.ParentRunner$2.evaluate(ParentRunner.java:184)
	at org.junit.internal.runners.statements.RunBefores.evaluate(RunBefores.java:28)
	at org.junit.internal.runners.statements.RunAfters.evaluate(RunAfters.java:31)
	at org.junit.runners.ParentRunner.run(ParentRunner.java:236)
	at org.eclipse.jdt.internal.junit4.runner.JUnit4TestReference.run(JUnit4TestReference.java:50)
	at org.eclipse.jdt.internal.junit.runner.TestExecution.run(TestExecution.java:38)
	at org.eclipse.jdt.internal.junit.runner.RemoteTestRunner.runTests(RemoteTestRunner.java:467)
	at org.eclipse.jdt.internal.junit.runner.RemoteTestRunner.runTests(RemoteTestRunner.java:683)
	at org.eclipse.jdt.internal.junit.runner.RemoteTestRunner.run(RemoteTestRunner.java:390)
	at org.eclipse.jdt.internal.junit.runner.RemoteTestRunner.main(RemoteTestRunner.java:197)
[2011-08-06 21:37:09,672] INFO 26962[main] - br.com.jro.developer.tools.Main.printArgs(Main.java:25) - command ..: [-d]
[2011-08-06 21:37:09,688]ERROR 26978[main] - br.com.jro.developer.tools.Main.main(Main.java:19) - 1
java.lang.ArrayIndexOutOfBoundsException: 1
	at br.com.jro.developer.tools.commands.CommandListFiles.listFilesByPath(CommandListFiles.java:14)
	at br.com.jro.developer.tools.commands.CommandListFiles.execute(CommandListFiles.java:11)
	at br.com.jro.developer.tools.PromptCommand.command(PromptCommand.java:69)
	at br.com.jro.developer.tools.PromptCommand.execute(PromptCommand.java:37)
	at br.com.jro.developer.tools.Main.main(Main.java:17)
	at br.com.jro.developer.tools.MainTest.testMain(MainTest.java:67)
	at sun.reflect.NativeMethodAccessorImpl.invoke0(Native Method)
	at sun.reflect.NativeMethodAccessorImpl.invoke(NativeMethodAccessorImpl.java:39)
	at sun.reflect.DelegatingMethodAccessorImpl.invoke(DelegatingMethodAccessorImpl.java:25)
	at java.lang.reflect.Method.invoke(Method.java:597)
	at org.junit.runners.model.FrameworkMethod$1.runReflectiveCall(FrameworkMethod.java:44)
	at org.junit.internal.runners.model.ReflectiveCallable.run(ReflectiveCallable.java:15)
	at org.junit.runners.model.FrameworkMethod.invokeExplosively(FrameworkMethod.java:41)
	at org.junit.internal.runners.statements.InvokeMethod.evaluate(InvokeMethod.java:20)
	at org.junit.internal.runners.statements.RunBefores.evaluate(RunBefores.java:28)
	at org.junit.internal.runners.statements.RunAfters.evaluate(RunAfters.java:31)
	at org.junit.runners.BlockJUnit4ClassRunner.runNotIgnored(BlockJUnit4ClassRunner.java:79)
	at org.junit.runners.BlockJUnit4ClassRunner.runChild(BlockJUnit4ClassRunner.java:71)
	at org.junit.runners.BlockJUnit4ClassRunner.runChild(BlockJUnit4ClassRunner.java:49)
	at org.junit.runners.ParentRunner$3.run(ParentRunner.java:193)
	at org.junit.runners.ParentRunner$1.schedule(ParentRunner.java:52)
	at org.junit.runners.ParentRunner.runChildren(ParentRunner.java:191)
	at org.junit.runners.ParentRunner.access$000(ParentRunner.java:42)
	at org.junit.runners.ParentRunner$2.evaluate(ParentRunner.java:184)
	at org.junit.internal.runners.statements.RunBefores.evaluate(RunBefores.java:28)
	at org.junit.internal.runners.statements.RunAfters.evaluate(RunAfters.java:31)
	at org.junit.runners.ParentRunner.run(ParentRunner.java:236)
	at org.eclipse.jdt.internal.junit4.runner.JUnit4TestReference.run(JUnit4TestReference.java:50)
	at org.eclipse.jdt.internal.junit.runner.TestExecution.run(TestExecution.java:38)
	at org.eclipse.jdt.internal.junit.runner.RemoteTestRunner.runTests(RemoteTestRunner.java:467)
	at org.eclipse.jdt.internal.junit.runner.RemoteTestRunner.runTests(RemoteTestRunner.java:683)
	at org.eclipse.jdt.internal.junit.runner.RemoteTestRunner.run(RemoteTestRunner.java:390)
	at org.eclipse.jdt.internal.junit.runner.RemoteTestRunner.main(RemoteTestRunner.java:197)
[2011-08-06 21:37:12,778] INFO 30068[main] - br.com.jro.developer.tools.Main.printArgs(Main.java:25) - command ..: [-d, C:/test_false]
[2011-08-06 21:37:13,449] INFO 30739[main] - br.com.jro.developer.tools.Main.printArgs(Main.java:25) - command ..: [-d, C:\test_false]
[2011-08-06 21:37:15,290] INFO 32580[main] - br.com.jro.developer.tools.Main.printArgs(Main.java:25) - command ..: [-d, C:\ftp]
[2011-08-06 21:37:15,978] INFO 33268[main] - br.com.jro.developer.tools.Main.printArgs(Main.java:25) - command ..: [-d, null]
[2011-08-06 21:37:17,210] INFO 34500[main] - br.com.jro.developer.tools.Main.printArgs(Main.java:25) - command ..: [C:\ftp]
[2011-08-06 21:37:17,210] INFO 34500[main] - br.com.jro.developer.tools.PromptCommand.execute(PromptCommand.java:34) - Parameter <C:\ftp> not found.
[2011-08-06 21:37:18,428] INFO 35718[main] - br.com.jro.developer.tools.Main.printArgs(Main.java:25) - command ..: [C:\temp, text]
[2011-08-06 21:37:18,443] INFO 35733[main] - br.com.jro.developer.tools.PromptCommand.execute(PromptCommand.java:34) - Parameter <C:\temp> not found.
[2011-08-06 21:38:24,745] INFO     0[main] - br.com.jro.developer.tools.Main.printArgs(Main.java:27) - command ..: null
[2011-08-06 21:38:24,745] INFO     0[main] - br.com.jro.developer.tools.Main.printArgs(Main.java:25) - command ..: [-h]
[2011-08-06 21:38:24,745] INFO     0[main] - br.com.jro.developer.tools.commands.CommandHelp.printHelp(CommandHelp.java:18) - TOOLS TO FACILITY A DEVELOPER STEPS.
[2011-08-06 21:38:24,745] INFO     0[main] - br.com.jro.developer.tools.commands.CommandHelp.printHelp(CommandHelp.java:20) - author ...: Jairo de Almeida. since 12 abril 2010. version 1.1
||.........## --.#.......|
||.........   #  # ......|
||.........     *  ......|
||........     -^........|
||.....##\        .......|
||....#####     /###.....|
||....########\ \((#.....|
||..####,   ))/ ##.......|
||..#####      '####.....|
||..#####\____/#####.....|
||...######..######......|
||.....""""  """"........|

[2011-08-06 21:38:24,761] INFO    16[main] - br.com.jro.developer.tools.commands.CommandHelp.printHelp(CommandHelp.java:33) - COMANDS ...
[2011-08-06 21:38:24,761] INFO    16[main] - br.com.jro.developer.tools.commands.CommandHelp.printHelp(CommandHelp.java:34) - -d to print recursive path files : example -d <path_name> : directory name
[2011-08-06 21:38:24,761] INFO    16[main] - br.com.jro.developer.tools.commands.CommandHelp.printHelp(CommandHelp.java:35) - -h to read help
[2011-08-06 21:38:24,761] INFO    16[main] - br.com.jro.developer.tools.commands.CommandHelp.printHelp(CommandHelp.java:36) - -m to read a recursive txt files into directory (will merge) : example -m : merge text files in log file<path_name> : directory name<extension> : extension of files will merge - example text, sql, java, etc<encoding> : for example: encoding are ISO-8859-1 to portuguese, UTF-8 to english, etc)
[2011-08-06 21:38:24,761] INFO    16[main] - br.com.jro.developer.tools.Main.printArgs(Main.java:25) - command ..: []
[2011-08-06 21:38:24,761]ERROR    16[main] - br.com.jro.developer.tools.Main.main(Main.java:19) - 
java.lang.NullPointerException
	at br.com.jro.developer.tools.PromptCommand.command(PromptCommand.java:66)
	at br.com.jro.developer.tools.PromptCommand.execute(PromptCommand.java:37)
	at br.com.jro.developer.tools.Main.main(Main.java:17)
	at br.com.jro.developer.tools.MainTest.testMain(MainTest.java:67)
	at sun.reflect.NativeMethodAccessorImpl.invoke0(Native Method)
	at sun.reflect.NativeMethodAccessorImpl.invoke(NativeMethodAccessorImpl.java:39)
	at sun.reflect.DelegatingMethodAccessorImpl.invoke(DelegatingMethodAccessorImpl.java:25)
	at java.lang.reflect.Method.invoke(Method.java:597)
	at org.junit.runners.model.FrameworkMethod$1.runReflectiveCall(FrameworkMethod.java:44)
	at org.junit.internal.runners.model.ReflectiveCallable.run(ReflectiveCallable.java:15)
	at org.junit.runners.model.FrameworkMethod.invokeExplosively(FrameworkMethod.java:41)
	at org.junit.internal.runners.statements.InvokeMethod.evaluate(InvokeMethod.java:20)
	at org.junit.internal.runners.statements.RunBefores.evaluate(RunBefores.java:28)
	at org.junit.internal.runners.statements.RunAfters.evaluate(RunAfters.java:31)
	at org.junit.runners.BlockJUnit4ClassRunner.runNotIgnored(BlockJUnit4ClassRunner.java:79)
	at org.junit.runners.BlockJUnit4ClassRunner.runChild(BlockJUnit4ClassRunner.java:71)
	at org.junit.runners.BlockJUnit4ClassRunner.runChild(BlockJUnit4ClassRunner.java:49)
	at org.junit.runners.ParentRunner$3.run(ParentRunner.java:193)
	at org.junit.runners.ParentRunner$1.schedule(ParentRunner.java:52)
	at org.junit.runners.ParentRunner.runChildren(ParentRunner.java:191)
	at org.junit.runners.ParentRunner.access$000(ParentRunner.java:42)
	at org.junit.runners.ParentRunner$2.evaluate(ParentRunner.java:184)
	at org.junit.internal.runners.statements.RunBefores.evaluate(RunBefores.java:28)
	at org.junit.internal.runners.statements.RunAfters.evaluate(RunAfters.java:31)
	at org.junit.runners.ParentRunner.run(ParentRunner.java:236)
	at org.eclipse.jdt.internal.junit4.runner.JUnit4TestReference.run(JUnit4TestReference.java:50)
	at org.eclipse.jdt.internal.junit.runner.TestExecution.run(TestExecution.java:38)
	at org.eclipse.jdt.internal.junit.runner.RemoteTestRunner.runTests(RemoteTestRunner.java:467)
	at org.eclipse.jdt.internal.junit.runner.RemoteTestRunner.runTests(RemoteTestRunner.java:683)
	at org.eclipse.jdt.internal.junit.runner.RemoteTestRunner.run(RemoteTestRunner.java:390)
	at org.eclipse.jdt.internal.junit.runner.RemoteTestRunner.main(RemoteTestRunner.java:197)
[2011-08-06 21:38:24,761] INFO    16[main] - br.com.jro.developer.tools.Main.printArgs(Main.java:25) - command ..: [-d]
[2011-08-06 21:38:24,761]ERROR    16[main] - br.com.jro.developer.tools.Main.main(Main.java:19) - 1
java.lang.ArrayIndexOutOfBoundsException: 1
	at br.com.jro.developer.tools.commands.CommandListFiles.listFilesByPath(CommandListFiles.java:14)
	at br.com.jro.developer.tools.commands.CommandListFiles.execute(CommandListFiles.java:11)
	at br.com.jro.developer.tools.PromptCommand.command(PromptCommand.java:69)
	at br.com.jro.developer.tools.PromptCommand.execute(PromptCommand.java:37)
	at br.com.jro.developer.tools.Main.main(Main.java:17)
	at br.com.jro.developer.tools.MainTest.testMain(MainTest.java:67)
	at sun.reflect.NativeMethodAccessorImpl.invoke0(Native Method)
	at sun.reflect.NativeMethodAccessorImpl.invoke(NativeMethodAccessorImpl.java:39)
	at sun.reflect.DelegatingMethodAccessorImpl.invoke(DelegatingMethodAccessorImpl.java:25)
	at java.lang.reflect.Method.invoke(Method.java:597)
	at org.junit.runners.model.FrameworkMethod$1.runReflectiveCall(FrameworkMethod.java:44)
	at org.junit.internal.runners.model.ReflectiveCallable.run(ReflectiveCallable.java:15)
	at org.junit.runners.model.FrameworkMethod.invokeExplosively(FrameworkMethod.java:41)
	at org.junit.internal.runners.statements.InvokeMethod.evaluate(InvokeMethod.java:20)
	at org.junit.internal.runners.statements.RunBefores.evaluate(RunBefores.java:28)
	at org.junit.internal.runners.statements.RunAfters.evaluate(RunAfters.java:31)
	at org.junit.runners.BlockJUnit4ClassRunner.runNotIgnored(BlockJUnit4ClassRunner.java:79)
	at org.junit.runners.BlockJUnit4ClassRunner.runChild(BlockJUnit4ClassRunner.java:71)
	at org.junit.runners.BlockJUnit4ClassRunner.runChild(BlockJUnit4ClassRunner.java:49)
	at org.junit.runners.ParentRunner$3.run(ParentRunner.java:193)
	at org.junit.runners.ParentRunner$1.schedule(ParentRunner.java:52)
	at org.junit.runners.ParentRunner.runChildren(ParentRunner.java:191)
	at org.junit.runners.ParentRunner.access$000(ParentRunner.java:42)
	at org.junit.runners.ParentRunner$2.evaluate(ParentRunner.java:184)
	at org.junit.internal.runners.statements.RunBefores.evaluate(RunBefores.java:28)
	at org.junit.internal.runners.statements.RunAfters.evaluate(RunAfters.java:31)
	at org.junit.runners.ParentRunner.run(ParentRunner.java:236)
	at org.eclipse.jdt.internal.junit4.runner.JUnit4TestReference.run(JUnit4TestReference.java:50)
	at org.eclipse.jdt.internal.junit.runner.TestExecution.run(TestExecution.java:38)
	at org.eclipse.jdt.internal.junit.runner.RemoteTestRunner.runTests(RemoteTestRunner.java:467)
	at org.eclipse.jdt.internal.junit.runner.RemoteTestRunner.runTests(RemoteTestRunner.java:683)
	at org.eclipse.jdt.internal.junit.runner.RemoteTestRunner.run(RemoteTestRunner.java:390)
	at org.eclipse.jdt.internal.junit.runner.RemoteTestRunner.main(RemoteTestRunner.java:197)
[2011-08-06 21:38:24,777] INFO    32[main] - br.com.jro.developer.tools.Main.printArgs(Main.java:25) - command ..: []
[2011-08-06 21:38:24,777] INFO    32[main] - br.com.jro.developer.tools.Main.printArgs(Main.java:25) - command ..: [-r]
[2011-08-06 21:38:24,777] INFO    32[main] - br.com.jro.developer.tools.PromptCommand.execute(PromptCommand.java:34) - Parameter <-r> not found.
[2011-08-06 21:38:24,777] INFO    32[main] - br.com.jro.developer.tools.Main.printArgs(Main.java:25) - command ..: [-r, -r]
[2011-08-06 21:38:24,777] INFO    32[main] - br.com.jro.developer.tools.PromptCommand.execute(PromptCommand.java:34) - Parameter <-r> not found.
[2011-08-06 21:38:24,777] INFO    32[main] - br.com.jro.developer.tools.Main.printArgs(Main.java:25) - command ..: [-d]
[2011-08-06 21:38:24,777]ERROR    32[main] - br.com.jro.developer.tools.Main.main(Main.java:19) - 1
java.lang.ArrayIndexOutOfBoundsException: 1
	at br.com.jro.developer.tools.commands.CommandListFiles.listFilesByPath(CommandListFiles.java:14)
	at br.com.jro.developer.tools.commands.CommandListFiles.execute(CommandListFiles.java:11)
	at br.com.jro.developer.tools.PromptCommand.command(PromptCommand.java:69)
	at br.com.jro.developer.tools.PromptCommand.execute(PromptCommand.java:37)
	at br.com.jro.developer.tools.Main.main(Main.java:17)
	at br.com.jro.developer.tools.MainTest.testMain(MainTest.java:67)
	at sun.reflect.NativeMethodAccessorImpl.invoke0(Native Method)
	at sun.reflect.NativeMethodAccessorImpl.invoke(NativeMethodAccessorImpl.java:39)
	at sun.reflect.DelegatingMethodAccessorImpl.invoke(DelegatingMethodAccessorImpl.java:25)
	at java.lang.reflect.Method.invoke(Method.java:597)
	at org.junit.runners.model.FrameworkMethod$1.runReflectiveCall(FrameworkMethod.java:44)
	at org.junit.internal.runners.model.ReflectiveCallable.run(ReflectiveCallable.java:15)
	at org.junit.runners.model.FrameworkMethod.invokeExplosively(FrameworkMethod.java:41)
	at org.junit.internal.runners.statements.InvokeMethod.evaluate(InvokeMethod.java:20)
	at org.junit.internal.runners.statements.RunBefores.evaluate(RunBefores.java:28)
	at org.junit.internal.runners.statements.RunAfters.evaluate(RunAfters.java:31)
	at org.junit.runners.BlockJUnit4ClassRunner.runNotIgnored(BlockJUnit4ClassRunner.java:79)
	at org.junit.runners.BlockJUnit4ClassRunner.runChild(BlockJUnit4ClassRunner.java:71)
	at org.junit.runners.BlockJUnit4ClassRunner.runChild(BlockJUnit4ClassRunner.java:49)
	at org.junit.runners.ParentRunner$3.run(ParentRunner.java:193)
	at org.junit.runners.ParentRunner$1.schedule(ParentRunner.java:52)
	at org.junit.runners.ParentRunner.runChildren(ParentRunner.java:191)
	at org.junit.runners.ParentRunner.access$000(ParentRunner.java:42)
	at org.junit.runners.ParentRunner$2.evaluate(ParentRunner.java:184)
	at org.junit.internal.runners.statements.RunBefores.evaluate(RunBefores.java:28)
	at org.junit.internal.runners.statements.RunAfters.evaluate(RunAfters.java:31)
	at org.junit.runners.ParentRunner.run(ParentRunner.java:236)
	at org.eclipse.jdt.internal.junit4.runner.JUnit4TestReference.run(JUnit4TestReference.java:50)
	at org.eclipse.jdt.internal.junit.runner.TestExecution.run(TestExecution.java:38)
	at org.eclipse.jdt.internal.junit.runner.RemoteTestRunner.runTests(RemoteTestRunner.java:467)
	at org.eclipse.jdt.internal.junit.runner.RemoteTestRunner.runTests(RemoteTestRunner.java:683)
	at org.eclipse.jdt.internal.junit.runner.RemoteTestRunner.run(RemoteTestRunner.java:390)
	at org.eclipse.jdt.internal.junit.runner.RemoteTestRunner.main(RemoteTestRunner.java:197)
[2011-08-06 21:38:24,792] INFO    47[main] - br.com.jro.developer.tools.Main.printArgs(Main.java:25) - command ..: [-d]
[2011-08-06 21:38:24,792]ERROR    47[main] - br.com.jro.developer.tools.Main.main(Main.java:19) - 1
java.lang.ArrayIndexOutOfBoundsException: 1
	at br.com.jro.developer.tools.commands.CommandListFiles.listFilesByPath(CommandListFiles.java:14)
	at br.com.jro.developer.tools.commands.CommandListFiles.execute(CommandListFiles.java:11)
	at br.com.jro.developer.tools.PromptCommand.command(PromptCommand.java:69)
	at br.com.jro.developer.tools.PromptCommand.execute(PromptCommand.java:37)
	at br.com.jro.developer.tools.Main.main(Main.java:17)
	at br.com.jro.developer.tools.MainTest.testMain(MainTest.java:67)
	at sun.reflect.NativeMethodAccessorImpl.invoke0(Native Method)
	at sun.reflect.NativeMethodAccessorImpl.invoke(NativeMethodAccessorImpl.java:39)
	at sun.reflect.DelegatingMethodAccessorImpl.invoke(DelegatingMethodAccessorImpl.java:25)
	at java.lang.reflect.Method.invoke(Method.java:597)
	at org.junit.runners.model.FrameworkMethod$1.runReflectiveCall(FrameworkMethod.java:44)
	at org.junit.internal.runners.model.ReflectiveCallable.run(ReflectiveCallable.java:15)
	at org.junit.runners.model.FrameworkMethod.invokeExplosively(FrameworkMethod.java:41)
	at org.junit.internal.runners.statements.InvokeMethod.evaluate(InvokeMethod.java:20)
	at org.junit.internal.runners.statements.RunBefores.evaluate(RunBefores.java:28)
	at org.junit.internal.runners.statements.RunAfters.evaluate(RunAfters.java:31)
	at org.junit.runners.BlockJUnit4ClassRunner.runNotIgnored(BlockJUnit4ClassRunner.java:79)
	at org.junit.runners.BlockJUnit4ClassRunner.runChild(BlockJUnit4ClassRunner.java:71)
	at org.junit.runners.BlockJUnit4ClassRunner.runChild(BlockJUnit4ClassRunner.java:49)
	at org.junit.runners.ParentRunner$3.run(ParentRunner.java:193)
	at org.junit.runners.ParentRunner$1.schedule(ParentRunner.java:52)
	at org.junit.runners.ParentRunner.runChildren(ParentRunner.java:191)
	at org.junit.runners.ParentRunner.access$000(ParentRunner.java:42)
	at org.junit.runners.ParentRunner$2.evaluate(ParentRunner.java:184)
	at org.junit.internal.runners.statements.RunBefores.evaluate(RunBefores.java:28)
	at org.junit.internal.runners.statements.RunAfters.evaluate(RunAfters.java:31)
	at org.junit.runners.ParentRunner.run(ParentRunner.java:236)
	at org.eclipse.jdt.internal.junit4.runner.JUnit4TestReference.run(JUnit4TestReference.java:50)
	at org.eclipse.jdt.internal.junit.runner.TestExecution.run(TestExecution.java:38)
	at org.eclipse.jdt.internal.junit.runner.RemoteTestRunner.runTests(RemoteTestRunner.java:467)
	at org.eclipse.jdt.internal.junit.runner.RemoteTestRunner.runTests(RemoteTestRunner.java:683)
	at org.eclipse.jdt.internal.junit.runner.RemoteTestRunner.run(RemoteTestRunner.java:390)
	at org.eclipse.jdt.internal.junit.runner.RemoteTestRunner.main(RemoteTestRunner.java:197)
[2011-08-06 21:38:24,792] INFO    47[main] - br.com.jro.developer.tools.Main.printArgs(Main.java:25) - command ..: [-d, C:/test_false]
[2011-08-06 21:38:24,792] INFO    47[main] - br.com.jro.developer.tools.Main.printArgs(Main.java:25) - command ..: [-d, C:\test_false]
[2011-08-06 21:38:24,792] INFO    47[main] - br.com.jro.developer.tools.Main.printArgs(Main.java:25) - command ..: [-d, C:\ftp]
[2011-08-06 21:38:24,792] INFO    47[main] - br.com.jro.developer.tools.Main.printArgs(Main.java:25) - command ..: [-d, null]
[2011-08-06 21:38:24,792] INFO    47[main] - br.com.jro.developer.tools.Main.printArgs(Main.java:25) - command ..: [C:\ftp]
[2011-08-06 21:38:24,792] INFO    47[main] - br.com.jro.developer.tools.PromptCommand.execute(PromptCommand.java:34) - Parameter <C:\ftp> not found.
[2011-08-06 21:38:24,792] INFO    47[main] - br.com.jro.developer.tools.Main.printArgs(Main.java:25) - command ..: [-m, C:\temp, text]
[2011-08-06 21:38:48,411] INFO 23666[main] - br.com.jro.developer.tools.commands.CommandMerge.execute(CommandMerge.java:30) - 
[2011-08-06 21:39:02,515] INFO     0[main] - br.com.jro.developer.tools.Main.printArgs(Main.java:27) - command ..: null
[2011-08-06 21:39:02,515] INFO     0[main] - br.com.jro.developer.tools.Main.printArgs(Main.java:25) - command ..: [-h]
[2011-08-06 21:39:02,515] INFO     0[main] - br.com.jro.developer.tools.commands.CommandHelp.printHelp(CommandHelp.java:18) - TOOLS TO FACILITY A DEVELOPER STEPS.
[2011-08-06 21:39:02,515] INFO     0[main] - br.com.jro.developer.tools.commands.CommandHelp.printHelp(CommandHelp.java:20) - author ...: Jairo de Almeida. since 12 abril 2010. version 1.1
||.........## --.#.......|
||.........   #  # ......|
||.........     *  ......|
||........     -^........|
||.....##\        .......|
||....#####     /###.....|
||....########\ \((#.....|
||..####,   ))/ ##.......|
||..#####      '####.....|
||..#####\____/#####.....|
||...######..######......|
||.....""""  """"........|

[2011-08-06 21:39:02,531] INFO    16[main] - br.com.jro.developer.tools.commands.CommandHelp.printHelp(CommandHelp.java:33) - COMANDS ...
[2011-08-06 21:39:02,531] INFO    16[main] - br.com.jro.developer.tools.commands.CommandHelp.printHelp(CommandHelp.java:34) - -d to print recursive path files : example -d <path_name> : directory name
[2011-08-06 21:39:02,531] INFO    16[main] - br.com.jro.developer.tools.commands.CommandHelp.printHelp(CommandHelp.java:35) - -h to read help
[2011-08-06 21:39:02,531] INFO    16[main] - br.com.jro.developer.tools.commands.CommandHelp.printHelp(CommandHelp.java:36) - -m to read a recursive txt files into directory (will merge) : example -m : merge text files in log file<path_name> : directory name<extension> : extension of files will merge - example text, sql, java, etc<encoding> : for example: encoding are ISO-8859-1 to portuguese, UTF-8 to english, etc)
[2011-08-06 21:39:02,531] INFO    16[main] - br.com.jro.developer.tools.Main.printArgs(Main.java:25) - command ..: []
[2011-08-06 21:39:02,531]ERROR    16[main] - br.com.jro.developer.tools.Main.main(Main.java:19) - 
java.lang.NullPointerException
	at br.com.jro.developer.tools.PromptCommand.command(PromptCommand.java:66)
	at br.com.jro.developer.tools.PromptCommand.execute(PromptCommand.java:37)
	at br.com.jro.developer.tools.Main.main(Main.java:17)
	at br.com.jro.developer.tools.MainTest.testMain(MainTest.java:67)
	at sun.reflect.NativeMethodAccessorImpl.invoke0(Native Method)
	at sun.reflect.NativeMethodAccessorImpl.invoke(NativeMethodAccessorImpl.java:39)
	at sun.reflect.DelegatingMethodAccessorImpl.invoke(DelegatingMethodAccessorImpl.java:25)
	at java.lang.reflect.Method.invoke(Method.java:597)
	at org.junit.runners.model.FrameworkMethod$1.runReflectiveCall(FrameworkMethod.java:44)
	at org.junit.internal.runners.model.ReflectiveCallable.run(ReflectiveCallable.java:15)
	at org.junit.runners.model.FrameworkMethod.invokeExplosively(FrameworkMethod.java:41)
	at org.junit.internal.runners.statements.InvokeMethod.evaluate(InvokeMethod.java:20)
	at org.junit.internal.runners.statements.RunBefores.evaluate(RunBefores.java:28)
	at org.junit.internal.runners.statements.RunAfters.evaluate(RunAfters.java:31)
	at org.junit.runners.BlockJUnit4ClassRunner.runNotIgnored(BlockJUnit4ClassRunner.java:79)
	at org.junit.runners.BlockJUnit4ClassRunner.runChild(BlockJUnit4ClassRunner.java:71)
	at org.junit.runners.BlockJUnit4ClassRunner.runChild(BlockJUnit4ClassRunner.java:49)
	at org.junit.runners.ParentRunner$3.run(ParentRunner.java:193)
	at org.junit.runners.ParentRunner$1.schedule(ParentRunner.java:52)
	at org.junit.runners.ParentRunner.runChildren(ParentRunner.java:191)
	at org.junit.runners.ParentRunner.access$000(ParentRunner.java:42)
	at org.junit.runners.ParentRunner$2.evaluate(ParentRunner.java:184)
	at org.junit.internal.runners.statements.RunBefores.evaluate(RunBefores.java:28)
	at org.junit.internal.runners.statements.RunAfters.evaluate(RunAfters.java:31)
	at org.junit.runners.ParentRunner.run(ParentRunner.java:236)
	at org.eclipse.jdt.internal.junit4.runner.JUnit4TestReference.run(JUnit4TestReference.java:50)
	at org.eclipse.jdt.internal.junit.runner.TestExecution.run(TestExecution.java:38)
	at org.eclipse.jdt.internal.junit.runner.RemoteTestRunner.runTests(RemoteTestRunner.java:467)
	at org.eclipse.jdt.internal.junit.runner.RemoteTestRunner.runTests(RemoteTestRunner.java:683)
	at org.eclipse.jdt.internal.junit.runner.RemoteTestRunner.run(RemoteTestRunner.java:390)
	at org.eclipse.jdt.internal.junit.runner.RemoteTestRunner.main(RemoteTestRunner.java:197)
[2011-08-06 21:39:02,531] INFO    16[main] - br.com.jro.developer.tools.Main.printArgs(Main.java:25) - command ..: [-d]
[2011-08-06 21:39:02,531]ERROR    16[main] - br.com.jro.developer.tools.Main.main(Main.java:19) - 1
java.lang.ArrayIndexOutOfBoundsException: 1
	at br.com.jro.developer.tools.commands.CommandListFiles.listFilesByPath(CommandListFiles.java:14)
	at br.com.jro.developer.tools.commands.CommandListFiles.execute(CommandListFiles.java:11)
	at br.com.jro.developer.tools.PromptCommand.command(PromptCommand.java:69)
	at br.com.jro.developer.tools.PromptCommand.execute(PromptCommand.java:37)
	at br.com.jro.developer.tools.Main.main(Main.java:17)
	at br.com.jro.developer.tools.MainTest.testMain(MainTest.java:67)
	at sun.reflect.NativeMethodAccessorImpl.invoke0(Native Method)
	at sun.reflect.NativeMethodAccessorImpl.invoke(NativeMethodAccessorImpl.java:39)
	at sun.reflect.DelegatingMethodAccessorImpl.invoke(DelegatingMethodAccessorImpl.java:25)
	at java.lang.reflect.Method.invoke(Method.java:597)
	at org.junit.runners.model.FrameworkMethod$1.runReflectiveCall(FrameworkMethod.java:44)
	at org.junit.internal.runners.model.ReflectiveCallable.run(ReflectiveCallable.java:15)
	at org.junit.runners.model.FrameworkMethod.invokeExplosively(FrameworkMethod.java:41)
	at org.junit.internal.runners.statements.InvokeMethod.evaluate(InvokeMethod.java:20)
	at org.junit.internal.runners.statements.RunBefores.evaluate(RunBefores.java:28)
	at org.junit.internal.runners.statements.RunAfters.evaluate(RunAfters.java:31)
	at org.junit.runners.BlockJUnit4ClassRunner.runNotIgnored(BlockJUnit4ClassRunner.java:79)
	at org.junit.runners.BlockJUnit4ClassRunner.runChild(BlockJUnit4ClassRunner.java:71)
	at org.junit.runners.BlockJUnit4ClassRunner.runChild(BlockJUnit4ClassRunner.java:49)
	at org.junit.runners.ParentRunner$3.run(ParentRunner.java:193)
	at org.junit.runners.ParentRunner$1.schedule(ParentRunner.java:52)
	at org.junit.runners.ParentRunner.runChildren(ParentRunner.java:191)
	at org.junit.runners.ParentRunner.access$000(ParentRunner.java:42)
	at org.junit.runners.ParentRunner$2.evaluate(ParentRunner.java:184)
	at org.junit.internal.runners.statements.RunBefores.evaluate(RunBefores.java:28)
	at org.junit.internal.runners.statements.RunAfters.evaluate(RunAfters.java:31)
	at org.junit.runners.ParentRunner.run(ParentRunner.java:236)
	at org.eclipse.jdt.internal.junit4.runner.JUnit4TestReference.run(JUnit4TestReference.java:50)
	at org.eclipse.jdt.internal.junit.runner.TestExecution.run(TestExecution.java:38)
	at org.eclipse.jdt.internal.junit.runner.RemoteTestRunner.runTests(RemoteTestRunner.java:467)
	at org.eclipse.jdt.internal.junit.runner.RemoteTestRunner.runTests(RemoteTestRunner.java:683)
	at org.eclipse.jdt.internal.junit.runner.RemoteTestRunner.run(RemoteTestRunner.java:390)
	at org.eclipse.jdt.internal.junit.runner.RemoteTestRunner.main(RemoteTestRunner.java:197)
[2011-08-06 21:39:02,546] INFO    31[main] - br.com.jro.developer.tools.Main.printArgs(Main.java:25) - command ..: []
[2011-08-06 21:39:02,546] INFO    31[main] - br.com.jro.developer.tools.Main.printArgs(Main.java:25) - command ..: [-r]
[2011-08-06 21:39:02,546] INFO    31[main] - br.com.jro.developer.tools.PromptCommand.execute(PromptCommand.java:34) - Parameter <-r> not found.
[2011-08-06 21:39:02,546] INFO    31[main] - br.com.jro.developer.tools.Main.printArgs(Main.java:25) - command ..: [-r, -r]
[2011-08-06 21:39:02,546] INFO    31[main] - br.com.jro.developer.tools.PromptCommand.execute(PromptCommand.java:34) - Parameter <-r> not found.
[2011-08-06 21:39:02,546] INFO    31[main] - br.com.jro.developer.tools.Main.printArgs(Main.java:25) - command ..: [-d]
[2011-08-06 21:39:02,546]ERROR    31[main] - br.com.jro.developer.tools.Main.main(Main.java:19) - 1
java.lang.ArrayIndexOutOfBoundsException: 1
	at br.com.jro.developer.tools.commands.CommandListFiles.listFilesByPath(CommandListFiles.java:14)
	at br.com.jro.developer.tools.commands.CommandListFiles.execute(CommandListFiles.java:11)
	at br.com.jro.developer.tools.PromptCommand.command(PromptCommand.java:69)
	at br.com.jro.developer.tools.PromptCommand.execute(PromptCommand.java:37)
	at br.com.jro.developer.tools.Main.main(Main.java:17)
	at br.com.jro.developer.tools.MainTest.testMain(MainTest.java:67)
	at sun.reflect.NativeMethodAccessorImpl.invoke0(Native Method)
	at sun.reflect.NativeMethodAccessorImpl.invoke(NativeMethodAccessorImpl.java:39)
	at sun.reflect.DelegatingMethodAccessorImpl.invoke(DelegatingMethodAccessorImpl.java:25)
	at java.lang.reflect.Method.invoke(Method.java:597)
	at org.junit.runners.model.FrameworkMethod$1.runReflectiveCall(FrameworkMethod.java:44)
	at org.junit.internal.runners.model.ReflectiveCallable.run(ReflectiveCallable.java:15)
	at org.junit.runners.model.FrameworkMethod.invokeExplosively(FrameworkMethod.java:41)
	at org.junit.internal.runners.statements.InvokeMethod.evaluate(InvokeMethod.java:20)
	at org.junit.internal.runners.statements.RunBefores.evaluate(RunBefores.java:28)
	at org.junit.internal.runners.statements.RunAfters.evaluate(RunAfters.java:31)
	at org.junit.runners.BlockJUnit4ClassRunner.runNotIgnored(BlockJUnit4ClassRunner.java:79)
	at org.junit.runners.BlockJUnit4ClassRunner.runChild(BlockJUnit4ClassRunner.java:71)
	at org.junit.runners.BlockJUnit4ClassRunner.runChild(BlockJUnit4ClassRunner.java:49)
	at org.junit.runners.ParentRunner$3.run(ParentRunner.java:193)
	at org.junit.runners.ParentRunner$1.schedule(ParentRunner.java:52)
	at org.junit.runners.ParentRunner.runChildren(ParentRunner.java:191)
	at org.junit.runners.ParentRunner.access$000(ParentRunner.java:42)
	at org.junit.runners.ParentRunner$2.evaluate(ParentRunner.java:184)
	at org.junit.internal.runners.statements.RunBefores.evaluate(RunBefores.java:28)
	at org.junit.internal.runners.statements.RunAfters.evaluate(RunAfters.java:31)
	at org.junit.runners.ParentRunner.run(ParentRunner.java:236)
	at org.eclipse.jdt.internal.junit4.runner.JUnit4TestReference.run(JUnit4TestReference.java:50)
	at org.eclipse.jdt.internal.junit.runner.TestExecution.run(TestExecution.java:38)
	at org.eclipse.jdt.internal.junit.runner.RemoteTestRunner.runTests(RemoteTestRunner.java:467)
	at org.eclipse.jdt.internal.junit.runner.RemoteTestRunner.runTests(RemoteTestRunner.java:683)
	at org.eclipse.jdt.internal.junit.runner.RemoteTestRunner.run(RemoteTestRunner.java:390)
	at org.eclipse.jdt.internal.junit.runner.RemoteTestRunner.main(RemoteTestRunner.java:197)
[2011-08-06 21:39:02,546] INFO    31[main] - br.com.jro.developer.tools.Main.printArgs(Main.java:25) - command ..: [-d]
[2011-08-06 21:39:02,546]ERROR    31[main] - br.com.jro.developer.tools.Main.main(Main.java:19) - 1
java.lang.ArrayIndexOutOfBoundsException: 1
	at br.com.jro.developer.tools.commands.CommandListFiles.listFilesByPath(CommandListFiles.java:14)
	at br.com.jro.developer.tools.commands.CommandListFiles.execute(CommandListFiles.java:11)
	at br.com.jro.developer.tools.PromptCommand.command(PromptCommand.java:69)
	at br.com.jro.developer.tools.PromptCommand.execute(PromptCommand.java:37)
	at br.com.jro.developer.tools.Main.main(Main.java:17)
	at br.com.jro.developer.tools.MainTest.testMain(MainTest.java:67)
	at sun.reflect.NativeMethodAccessorImpl.invoke0(Native Method)
	at sun.reflect.NativeMethodAccessorImpl.invoke(NativeMethodAccessorImpl.java:39)
	at sun.reflect.DelegatingMethodAccessorImpl.invoke(DelegatingMethodAccessorImpl.java:25)
	at java.lang.reflect.Method.invoke(Method.java:597)
	at org.junit.runners.model.FrameworkMethod$1.runReflectiveCall(FrameworkMethod.java:44)
	at org.junit.internal.runners.model.ReflectiveCallable.run(ReflectiveCallable.java:15)
	at org.junit.runners.model.FrameworkMethod.invokeExplosively(FrameworkMethod.java:41)
	at org.junit.internal.runners.statements.InvokeMethod.evaluate(InvokeMethod.java:20)
	at org.junit.internal.runners.statements.RunBefores.evaluate(RunBefores.java:28)
	at org.junit.internal.runners.statements.RunAfters.evaluate(RunAfters.java:31)
	at org.junit.runners.BlockJUnit4ClassRunner.runNotIgnored(BlockJUnit4ClassRunner.java:79)
	at org.junit.runners.BlockJUnit4ClassRunner.runChild(BlockJUnit4ClassRunner.java:71)
	at org.junit.runners.BlockJUnit4ClassRunner.runChild(BlockJUnit4ClassRunner.java:49)
	at org.junit.runners.ParentRunner$3.run(ParentRunner.java:193)
	at org.junit.runners.ParentRunner$1.schedule(ParentRunner.java:52)
	at org.junit.runners.ParentRunner.runChildren(ParentRunner.java:191)
	at org.junit.runners.ParentRunner.access$000(ParentRunner.java:42)
	at org.junit.runners.ParentRunner$2.evaluate(ParentRunner.java:184)
	at org.junit.internal.runners.statements.RunBefores.evaluate(RunBefores.java:28)
	at org.junit.internal.runners.statements.RunAfters.evaluate(RunAfters.java:31)
	at org.junit.runners.ParentRunner.run(ParentRunner.java:236)
	at org.eclipse.jdt.internal.junit4.runner.JUnit4TestReference.run(JUnit4TestReference.java:50)
	at org.eclipse.jdt.internal.junit.runner.TestExecution.run(TestExecution.java:38)
	at org.eclipse.jdt.internal.junit.runner.RemoteTestRunner.runTests(RemoteTestRunner.java:467)
	at org.eclipse.jdt.internal.junit.runner.RemoteTestRunner.runTests(RemoteTestRunner.java:683)
	at org.eclipse.jdt.internal.junit.runner.RemoteTestRunner.run(RemoteTestRunner.java:390)
	at org.eclipse.jdt.internal.junit.runner.RemoteTestRunner.main(RemoteTestRunner.java:197)
[2011-08-06 21:39:02,562] INFO    47[main] - br.com.jro.developer.tools.Main.printArgs(Main.java:25) - command ..: [-d, C:/test_false]
[2011-08-06 21:39:02,562] INFO    47[main] - br.com.jro.developer.tools.Main.printArgs(Main.java:25) - command ..: [-d, C:\test_false]
[2011-08-06 21:39:02,562] INFO    47[main] - br.com.jro.developer.tools.Main.printArgs(Main.java:25) - command ..: [-d, C:\ftp]
[2011-08-06 21:39:02,562] INFO    47[main] - br.com.jro.developer.tools.Main.printArgs(Main.java:25) - command ..: [-d, null]
[2011-08-06 21:39:02,562] INFO    47[main] - br.com.jro.developer.tools.Main.printArgs(Main.java:25) - command ..: [C:\ftp]
[2011-08-06 21:39:02,562] INFO    47[main] - br.com.jro.developer.tools.PromptCommand.execute(PromptCommand.java:34) - Parameter <C:\ftp> not found.
[2011-08-06 21:39:02,562] INFO    47[main] - br.com.jro.developer.tools.Main.printArgs(Main.java:25) - command ..: [-m, C:\temp, text]
[2011-08-06 21:41:26,519] INFO     0[main] - br.com.jro.developer.tools.Main.printArgs(Main.java:27) - command ..: null
[2011-08-06 21:41:26,519] INFO     0[main] - br.com.jro.developer.tools.Main.printArgs(Main.java:25) - command ..: [-h]
[2011-08-06 21:41:26,519] INFO     0[main] - br.com.jro.developer.tools.commands.CommandHelp.printHelp(CommandHelp.java:18) - TOOLS TO FACILITY A DEVELOPER STEPS.
[2011-08-06 21:41:26,519] INFO     0[main] - br.com.jro.developer.tools.commands.CommandHelp.printHelp(CommandHelp.java:20) - author ...: Jairo de Almeida. since 12 abril 2010. version 1.1
||.........## --.#.......|
||.........   #  # ......|
||.........     *  ......|
||........     -^........|
||.....##\        .......|
||....#####     /###.....|
||....########\ \((#.....|
||..####,   ))/ ##.......|
||..#####      '####.....|
||..#####\____/#####.....|
||...######..######......|
||.....""""  """"........|

[2011-08-06 21:41:26,519] INFO     0[main] - br.com.jro.developer.tools.commands.CommandHelp.printHelp(CommandHelp.java:33) - COMANDS ...
[2011-08-06 21:41:26,519] INFO     0[main] - br.com.jro.developer.tools.commands.CommandHelp.printHelp(CommandHelp.java:34) - -d to print recursive path files : example -d <path_name> : directory name
[2011-08-06 21:41:26,519] INFO     0[main] - br.com.jro.developer.tools.commands.CommandHelp.printHelp(CommandHelp.java:35) - -h to read help
[2011-08-06 21:41:26,535] INFO    16[main] - br.com.jro.developer.tools.commands.CommandHelp.printHelp(CommandHelp.java:36) - -m to read a recursive txt files into directory (will merge) : example -m : merge text files in log file<path_name> : directory name<extension> : extension of files will merge - example txt, sql, java, etc<encoding> : for example: encoding are ISO-8859-1 to portuguese, UTF-8 to english, etc)
[2011-08-06 21:41:26,535] INFO    16[main] - br.com.jro.developer.tools.Main.printArgs(Main.java:25) - command ..: []
[2011-08-06 21:41:26,535]ERROR    16[main] - br.com.jro.developer.tools.Main.main(Main.java:19) - 
java.lang.NullPointerException
	at br.com.jro.developer.tools.PromptCommand.command(PromptCommand.java:66)
	at br.com.jro.developer.tools.PromptCommand.execute(PromptCommand.java:37)
	at br.com.jro.developer.tools.Main.main(Main.java:17)
	at br.com.jro.developer.tools.MainTest.testMain(MainTest.java:68)
	at sun.reflect.NativeMethodAccessorImpl.invoke0(Native Method)
	at sun.reflect.NativeMethodAccessorImpl.invoke(NativeMethodAccessorImpl.java:39)
	at sun.reflect.DelegatingMethodAccessorImpl.invoke(DelegatingMethodAccessorImpl.java:25)
	at java.lang.reflect.Method.invoke(Method.java:597)
	at org.junit.runners.model.FrameworkMethod$1.runReflectiveCall(FrameworkMethod.java:44)
	at org.junit.internal.runners.model.ReflectiveCallable.run(ReflectiveCallable.java:15)
	at org.junit.runners.model.FrameworkMethod.invokeExplosively(FrameworkMethod.java:41)
	at org.junit.internal.runners.statements.InvokeMethod.evaluate(InvokeMethod.java:20)
	at org.junit.internal.runners.statements.RunBefores.evaluate(RunBefores.java:28)
	at org.junit.internal.runners.statements.RunAfters.evaluate(RunAfters.java:31)
	at org.junit.runners.BlockJUnit4ClassRunner.runNotIgnored(BlockJUnit4ClassRunner.java:79)
	at org.junit.runners.BlockJUnit4ClassRunner.runChild(BlockJUnit4ClassRunner.java:71)
	at org.junit.runners.BlockJUnit4ClassRunner.runChild(BlockJUnit4ClassRunner.java:49)
	at org.junit.runners.ParentRunner$3.run(ParentRunner.java:193)
	at org.junit.runners.ParentRunner$1.schedule(ParentRunner.java:52)
	at org.junit.runners.ParentRunner.runChildren(ParentRunner.java:191)
	at org.junit.runners.ParentRunner.access$000(ParentRunner.java:42)
	at org.junit.runners.ParentRunner$2.evaluate(ParentRunner.java:184)
	at org.junit.internal.runners.statements.RunBefores.evaluate(RunBefores.java:28)
	at org.junit.internal.runners.statements.RunAfters.evaluate(RunAfters.java:31)
	at org.junit.runners.ParentRunner.run(ParentRunner.java:236)
	at org.eclipse.jdt.internal.junit4.runner.JUnit4TestReference.run(JUnit4TestReference.java:50)
	at org.eclipse.jdt.internal.junit.runner.TestExecution.run(TestExecution.java:38)
	at org.eclipse.jdt.internal.junit.runner.RemoteTestRunner.runTests(RemoteTestRunner.java:467)
	at org.eclipse.jdt.internal.junit.runner.RemoteTestRunner.runTests(RemoteTestRunner.java:683)
	at org.eclipse.jdt.internal.junit.runner.RemoteTestRunner.run(RemoteTestRunner.java:390)
	at org.eclipse.jdt.internal.junit.runner.RemoteTestRunner.main(RemoteTestRunner.java:197)
[2011-08-06 21:41:26,535] INFO    16[main] - br.com.jro.developer.tools.Main.printArgs(Main.java:25) - command ..: [-d]
[2011-08-06 21:41:26,535]ERROR    16[main] - br.com.jro.developer.tools.Main.main(Main.java:19) - 1
java.lang.ArrayIndexOutOfBoundsException: 1
	at br.com.jro.developer.tools.commands.CommandListFiles.listFilesByPath(CommandListFiles.java:14)
	at br.com.jro.developer.tools.commands.CommandListFiles.execute(CommandListFiles.java:11)
	at br.com.jro.developer.tools.PromptCommand.command(PromptCommand.java:69)
	at br.com.jro.developer.tools.PromptCommand.execute(PromptCommand.java:37)
	at br.com.jro.developer.tools.Main.main(Main.java:17)
	at br.com.jro.developer.tools.MainTest.testMain(MainTest.java:68)
	at sun.reflect.NativeMethodAccessorImpl.invoke0(Native Method)
	at sun.reflect.NativeMethodAccessorImpl.invoke(NativeMethodAccessorImpl.java:39)
	at sun.reflect.DelegatingMethodAccessorImpl.invoke(DelegatingMethodAccessorImpl.java:25)
	at java.lang.reflect.Method.invoke(Method.java:597)
	at org.junit.runners.model.FrameworkMethod$1.runReflectiveCall(FrameworkMethod.java:44)
	at org.junit.internal.runners.model.ReflectiveCallable.run(ReflectiveCallable.java:15)
	at org.junit.runners.model.FrameworkMethod.invokeExplosively(FrameworkMethod.java:41)
	at org.junit.internal.runners.statements.InvokeMethod.evaluate(InvokeMethod.java:20)
	at org.junit.internal.runners.statements.RunBefores.evaluate(RunBefores.java:28)
	at org.junit.internal.runners.statements.RunAfters.evaluate(RunAfters.java:31)
	at org.junit.runners.BlockJUnit4ClassRunner.runNotIgnored(BlockJUnit4ClassRunner.java:79)
	at org.junit.runners.BlockJUnit4ClassRunner.runChild(BlockJUnit4ClassRunner.java:71)
	at org.junit.runners.BlockJUnit4ClassRunner.runChild(BlockJUnit4ClassRunner.java:49)
	at org.junit.runners.ParentRunner$3.run(ParentRunner.java:193)
	at org.junit.runners.ParentRunner$1.schedule(ParentRunner.java:52)
	at org.junit.runners.ParentRunner.runChildren(ParentRunner.java:191)
	at org.junit.runners.ParentRunner.access$000(ParentRunner.java:42)
	at org.junit.runners.ParentRunner$2.evaluate(ParentRunner.java:184)
	at org.junit.internal.runners.statements.RunBefores.evaluate(RunBefores.java:28)
	at org.junit.internal.runners.statements.RunAfters.evaluate(RunAfters.java:31)
	at org.junit.runners.ParentRunner.run(ParentRunner.java:236)
	at org.eclipse.jdt.internal.junit4.runner.JUnit4TestReference.run(JUnit4TestReference.java:50)
	at org.eclipse.jdt.internal.junit.runner.TestExecution.run(TestExecution.java:38)
	at org.eclipse.jdt.internal.junit.runner.RemoteTestRunner.runTests(RemoteTestRunner.java:467)
	at org.eclipse.jdt.internal.junit.runner.RemoteTestRunner.runTests(RemoteTestRunner.java:683)
	at org.eclipse.jdt.internal.junit.runner.RemoteTestRunner.run(RemoteTestRunner.java:390)
	at org.eclipse.jdt.internal.junit.runner.RemoteTestRunner.main(RemoteTestRunner.java:197)
[2011-08-06 21:41:26,550] INFO    31[main] - br.com.jro.developer.tools.Main.printArgs(Main.java:25) - command ..: []
[2011-08-06 21:41:26,550] INFO    31[main] - br.com.jro.developer.tools.Main.printArgs(Main.java:25) - command ..: [-r]
[2011-08-06 21:41:26,550] INFO    31[main] - br.com.jro.developer.tools.PromptCommand.execute(PromptCommand.java:34) - Parameter <-r> not found.
[2011-08-06 21:41:26,550] INFO    31[main] - br.com.jro.developer.tools.Main.printArgs(Main.java:25) - command ..: [-r, -r]
[2011-08-06 21:41:26,550] INFO    31[main] - br.com.jro.developer.tools.PromptCommand.execute(PromptCommand.java:34) - Parameter <-r> not found.
[2011-08-06 21:41:26,550] INFO    31[main] - br.com.jro.developer.tools.Main.printArgs(Main.java:25) - command ..: [-d]
[2011-08-06 21:41:26,550]ERROR    31[main] - br.com.jro.developer.tools.Main.main(Main.java:19) - 1
java.lang.ArrayIndexOutOfBoundsException: 1
	at br.com.jro.developer.tools.commands.CommandListFiles.listFilesByPath(CommandListFiles.java:14)
	at br.com.jro.developer.tools.commands.CommandListFiles.execute(CommandListFiles.java:11)
	at br.com.jro.developer.tools.PromptCommand.command(PromptCommand.java:69)
	at br.com.jro.developer.tools.PromptCommand.execute(PromptCommand.java:37)
	at br.com.jro.developer.tools.Main.main(Main.java:17)
	at br.com.jro.developer.tools.MainTest.testMain(MainTest.java:68)
	at sun.reflect.NativeMethodAccessorImpl.invoke0(Native Method)
	at sun.reflect.NativeMethodAccessorImpl.invoke(NativeMethodAccessorImpl.java:39)
	at sun.reflect.DelegatingMethodAccessorImpl.invoke(DelegatingMethodAccessorImpl.java:25)
	at java.lang.reflect.Method.invoke(Method.java:597)
	at org.junit.runners.model.FrameworkMethod$1.runReflectiveCall(FrameworkMethod.java:44)
	at org.junit.internal.runners.model.ReflectiveCallable.run(ReflectiveCallable.java:15)
	at org.junit.runners.model.FrameworkMethod.invokeExplosively(FrameworkMethod.java:41)
	at org.junit.internal.runners.statements.InvokeMethod.evaluate(InvokeMethod.java:20)
	at org.junit.internal.runners.statements.RunBefores.evaluate(RunBefores.java:28)
	at org.junit.internal.runners.statements.RunAfters.evaluate(RunAfters.java:31)
	at org.junit.runners.BlockJUnit4ClassRunner.runNotIgnored(BlockJUnit4ClassRunner.java:79)
	at org.junit.runners.BlockJUnit4ClassRunner.runChild(BlockJUnit4ClassRunner.java:71)
	at org.junit.runners.BlockJUnit4ClassRunner.runChild(BlockJUnit4ClassRunner.java:49)
	at org.junit.runners.ParentRunner$3.run(ParentRunner.java:193)
	at org.junit.runners.ParentRunner$1.schedule(ParentRunner.java:52)
	at org.junit.runners.ParentRunner.runChildren(ParentRunner.java:191)
	at org.junit.runners.ParentRunner.access$000(ParentRunner.java:42)
	at org.junit.runners.ParentRunner$2.evaluate(ParentRunner.java:184)
	at org.junit.internal.runners.statements.RunBefores.evaluate(RunBefores.java:28)
	at org.junit.internal.runners.statements.RunAfters.evaluate(RunAfters.java:31)
	at org.junit.runners.ParentRunner.run(ParentRunner.java:236)
	at org.eclipse.jdt.internal.junit4.runner.JUnit4TestReference.run(JUnit4TestReference.java:50)
	at org.eclipse.jdt.internal.junit.runner.TestExecution.run(TestExecution.java:38)
	at org.eclipse.jdt.internal.junit.runner.RemoteTestRunner.runTests(RemoteTestRunner.java:467)
	at org.eclipse.jdt.internal.junit.runner.RemoteTestRunner.runTests(RemoteTestRunner.java:683)
	at org.eclipse.jdt.internal.junit.runner.RemoteTestRunner.run(RemoteTestRunner.java:390)
	at org.eclipse.jdt.internal.junit.runner.RemoteTestRunner.main(RemoteTestRunner.java:197)
[2011-08-06 21:41:26,613] INFO    94[main] - br.com.jro.developer.tools.Main.printArgs(Main.java:25) - command ..: [-d]
[2011-08-06 21:41:26,613]ERROR    94[main] - br.com.jro.developer.tools.Main.main(Main.java:19) - 1
java.lang.ArrayIndexOutOfBoundsException: 1
	at br.com.jro.developer.tools.commands.CommandListFiles.listFilesByPath(CommandListFiles.java:14)
	at br.com.jro.developer.tools.commands.CommandListFiles.execute(CommandListFiles.java:11)
	at br.com.jro.developer.tools.PromptCommand.command(PromptCommand.java:69)
	at br.com.jro.developer.tools.PromptCommand.execute(PromptCommand.java:37)
	at br.com.jro.developer.tools.Main.main(Main.java:17)
	at br.com.jro.developer.tools.MainTest.testMain(MainTest.java:68)
	at sun.reflect.NativeMethodAccessorImpl.invoke0(Native Method)
	at sun.reflect.NativeMethodAccessorImpl.invoke(NativeMethodAccessorImpl.java:39)
	at sun.reflect.DelegatingMethodAccessorImpl.invoke(DelegatingMethodAccessorImpl.java:25)
	at java.lang.reflect.Method.invoke(Method.java:597)
	at org.junit.runners.model.FrameworkMethod$1.runReflectiveCall(FrameworkMethod.java:44)
	at org.junit.internal.runners.model.ReflectiveCallable.run(ReflectiveCallable.java:15)
	at org.junit.runners.model.FrameworkMethod.invokeExplosively(FrameworkMethod.java:41)
	at org.junit.internal.runners.statements.InvokeMethod.evaluate(InvokeMethod.java:20)
	at org.junit.internal.runners.statements.RunBefores.evaluate(RunBefores.java:28)
	at org.junit.internal.runners.statements.RunAfters.evaluate(RunAfters.java:31)
	at org.junit.runners.BlockJUnit4ClassRunner.runNotIgnored(BlockJUnit4ClassRunner.java:79)
	at org.junit.runners.BlockJUnit4ClassRunner.runChild(BlockJUnit4ClassRunner.java:71)
	at org.junit.runners.BlockJUnit4ClassRunner.runChild(BlockJUnit4ClassRunner.java:49)
	at org.junit.runners.ParentRunner$3.run(ParentRunner.java:193)
	at org.junit.runners.ParentRunner$1.schedule(ParentRunner.java:52)
	at org.junit.runners.ParentRunner.runChildren(ParentRunner.java:191)
	at org.junit.runners.ParentRunner.access$000(ParentRunner.java:42)
	at org.junit.runners.ParentRunner$2.evaluate(ParentRunner.java:184)
	at org.junit.internal.runners.statements.RunBefores.evaluate(RunBefores.java:28)
	at org.junit.internal.runners.statements.RunAfters.evaluate(RunAfters.java:31)
	at org.junit.runners.ParentRunner.run(ParentRunner.java:236)
	at org.eclipse.jdt.internal.junit4.runner.JUnit4TestReference.run(JUnit4TestReference.java:50)
	at org.eclipse.jdt.internal.junit.runner.TestExecution.run(TestExecution.java:38)
	at org.eclipse.jdt.internal.junit.runner.RemoteTestRunner.runTests(RemoteTestRunner.java:467)
	at org.eclipse.jdt.internal.junit.runner.RemoteTestRunner.runTests(RemoteTestRunner.java:683)
	at org.eclipse.jdt.internal.junit.runner.RemoteTestRunner.run(RemoteTestRunner.java:390)
	at org.eclipse.jdt.internal.junit.runner.RemoteTestRunner.main(RemoteTestRunner.java:197)
[2011-08-06 21:41:26,613] INFO    94[main] - br.com.jro.developer.tools.Main.printArgs(Main.java:25) - command ..: [-d, C:/test_false]
[2011-08-06 21:41:26,613] INFO    94[main] - br.com.jro.developer.tools.Main.printArgs(Main.java:25) - command ..: [-d, C:\test_false]
[2011-08-06 21:41:26,613] INFO    94[main] - br.com.jro.developer.tools.Main.printArgs(Main.java:25) - command ..: [-d, C:\ftp]
[2011-08-06 21:41:26,613] INFO    94[main] - br.com.jro.developer.tools.Main.printArgs(Main.java:25) - command ..: [-d, null]
[2011-08-06 21:41:26,613] INFO    94[main] - br.com.jro.developer.tools.Main.printArgs(Main.java:25) - command ..: [C:\ftp]
[2011-08-06 21:41:26,628] INFO   109[main] - br.com.jro.developer.tools.PromptCommand.execute(PromptCommand.java:34) - Parameter <C:\ftp> not found.
[2011-08-06 21:41:26,628] INFO   109[main] - br.com.jro.developer.tools.Main.printArgs(Main.java:25) - command ..: [-m, C:\temp, txt]
[2011-08-06 21:42:07,173] INFO     0[main] - br.com.jro.developer.tools.Main.printArgs(Main.java:27) - command ..: null
[2011-08-06 21:42:07,188] INFO    15[main] - br.com.jro.developer.tools.Main.printArgs(Main.java:25) - command ..: [-h]
[2011-08-06 21:42:07,188] INFO    15[main] - br.com.jro.developer.tools.commands.CommandHelp.printHelp(CommandHelp.java:18) - TOOLS TO FACILITY A DEVELOPER STEPS.
[2011-08-06 21:42:07,188] INFO    15[main] - br.com.jro.developer.tools.commands.CommandHelp.printHelp(CommandHelp.java:20) - author ...: Jairo de Almeida. since 12 abril 2010. version 1.1
||.........## --.#.......|
||.........   #  # ......|
||.........     *  ......|
||........     -^........|
||.....##\        .......|
||....#####     /###.....|
||....########\ \((#.....|
||..####,   ))/ ##.......|
||..#####      '####.....|
||..#####\____/#####.....|
||...######..######......|
||.....""""  """"........|

[2011-08-06 21:42:07,188] INFO    15[main] - br.com.jro.developer.tools.commands.CommandHelp.printHelp(CommandHelp.java:33) - COMANDS ...
[2011-08-06 21:42:07,188] INFO    15[main] - br.com.jro.developer.tools.commands.CommandHelp.printHelp(CommandHelp.java:34) - -d to print recursive path files : example -d <path_name> : directory name
[2011-08-06 21:42:07,188] INFO    15[main] - br.com.jro.developer.tools.commands.CommandHelp.printHelp(CommandHelp.java:35) - -h to read help
[2011-08-06 21:42:07,188] INFO    15[main] - br.com.jro.developer.tools.commands.CommandHelp.printHelp(CommandHelp.java:36) - -m to read a recursive txt files into directory (will merge) : example -m : merge text files in log file<path_name> : directory name<extension> : extension of files will merge - example txt, sql, java, etc<encoding> : for example: encoding are ISO-8859-1 to portuguese, UTF-8 to english, etc)
[2011-08-06 21:42:07,188] INFO    15[main] - br.com.jro.developer.tools.Main.printArgs(Main.java:25) - command ..: []
[2011-08-06 21:42:07,188]ERROR    15[main] - br.com.jro.developer.tools.Main.main(Main.java:19) - 
java.lang.NullPointerException
	at br.com.jro.developer.tools.PromptCommand.command(PromptCommand.java:66)
	at br.com.jro.developer.tools.PromptCommand.execute(PromptCommand.java:37)
	at br.com.jro.developer.tools.Main.main(Main.java:17)
	at br.com.jro.developer.tools.MainTest.testMain(MainTest.java:68)
	at sun.reflect.NativeMethodAccessorImpl.invoke0(Native Method)
	at sun.reflect.NativeMethodAccessorImpl.invoke(NativeMethodAccessorImpl.java:39)
	at sun.reflect.DelegatingMethodAccessorImpl.invoke(DelegatingMethodAccessorImpl.java:25)
	at java.lang.reflect.Method.invoke(Method.java:597)
	at org.junit.runners.model.FrameworkMethod$1.runReflectiveCall(FrameworkMethod.java:44)
	at org.junit.internal.runners.model.ReflectiveCallable.run(ReflectiveCallable.java:15)
	at org.junit.runners.model.FrameworkMethod.invokeExplosively(FrameworkMethod.java:41)
	at org.junit.internal.runners.statements.InvokeMethod.evaluate(InvokeMethod.java:20)
	at org.junit.internal.runners.statements.RunBefores.evaluate(RunBefores.java:28)
	at org.junit.internal.runners.statements.RunAfters.evaluate(RunAfters.java:31)
	at org.junit.runners.BlockJUnit4ClassRunner.runNotIgnored(BlockJUnit4ClassRunner.java:79)
	at org.junit.runners.BlockJUnit4ClassRunner.runChild(BlockJUnit4ClassRunner.java:71)
	at org.junit.runners.BlockJUnit4ClassRunner.runChild(BlockJUnit4ClassRunner.java:49)
	at org.junit.runners.ParentRunner$3.run(ParentRunner.java:193)
	at org.junit.runners.ParentRunner$1.schedule(ParentRunner.java:52)
	at org.junit.runners.ParentRunner.runChildren(ParentRunner.java:191)
	at org.junit.runners.ParentRunner.access$000(ParentRunner.java:42)
	at org.junit.runners.ParentRunner$2.evaluate(ParentRunner.java:184)
	at org.junit.internal.runners.statements.RunBefores.evaluate(RunBefores.java:28)
	at org.junit.internal.runners.statements.RunAfters.evaluate(RunAfters.java:31)
	at org.junit.runners.ParentRunner.run(ParentRunner.java:236)
	at org.eclipse.jdt.internal.junit4.runner.JUnit4TestReference.run(JUnit4TestReference.java:50)
	at org.eclipse.jdt.internal.junit.runner.TestExecution.run(TestExecution.java:38)
	at org.eclipse.jdt.internal.junit.runner.RemoteTestRunner.runTests(RemoteTestRunner.java:467)
	at org.eclipse.jdt.internal.junit.runner.RemoteTestRunner.runTests(RemoteTestRunner.java:683)
	at org.eclipse.jdt.internal.junit.runner.RemoteTestRunner.run(RemoteTestRunner.java:390)
	at org.eclipse.jdt.internal.junit.runner.RemoteTestRunner.main(RemoteTestRunner.java:197)
[2011-08-06 21:42:07,204] INFO    31[main] - br.com.jro.developer.tools.Main.printArgs(Main.java:25) - command ..: [-d]
[2011-08-06 21:42:07,204]ERROR    31[main] - br.com.jro.developer.tools.Main.main(Main.java:19) - 1
java.lang.ArrayIndexOutOfBoundsException: 1
	at br.com.jro.developer.tools.commands.CommandListFiles.listFilesByPath(CommandListFiles.java:14)
	at br.com.jro.developer.tools.commands.CommandListFiles.execute(CommandListFiles.java:11)
	at br.com.jro.developer.tools.PromptCommand.command(PromptCommand.java:69)
	at br.com.jro.developer.tools.PromptCommand.execute(PromptCommand.java:37)
	at br.com.jro.developer.tools.Main.main(Main.java:17)
	at br.com.jro.developer.tools.MainTest.testMain(MainTest.java:68)
	at sun.reflect.NativeMethodAccessorImpl.invoke0(Native Method)
	at sun.reflect.NativeMethodAccessorImpl.invoke(NativeMethodAccessorImpl.java:39)
	at sun.reflect.DelegatingMethodAccessorImpl.invoke(DelegatingMethodAccessorImpl.java:25)
	at java.lang.reflect.Method.invoke(Method.java:597)
	at org.junit.runners.model.FrameworkMethod$1.runReflectiveCall(FrameworkMethod.java:44)
	at org.junit.internal.runners.model.ReflectiveCallable.run(ReflectiveCallable.java:15)
	at org.junit.runners.model.FrameworkMethod.invokeExplosively(FrameworkMethod.java:41)
	at org.junit.internal.runners.statements.InvokeMethod.evaluate(InvokeMethod.java:20)
	at org.junit.internal.runners.statements.RunBefores.evaluate(RunBefores.java:28)
	at org.junit.internal.runners.statements.RunAfters.evaluate(RunAfters.java:31)
	at org.junit.runners.BlockJUnit4ClassRunner.runNotIgnored(BlockJUnit4ClassRunner.java:79)
	at org.junit.runners.BlockJUnit4ClassRunner.runChild(BlockJUnit4ClassRunner.java:71)
	at org.junit.runners.BlockJUnit4ClassRunner.runChild(BlockJUnit4ClassRunner.java:49)
	at org.junit.runners.ParentRunner$3.run(ParentRunner.java:193)
	at org.junit.runners.ParentRunner$1.schedule(ParentRunner.java:52)
	at org.junit.runners.ParentRunner.runChildren(ParentRunner.java:191)
	at org.junit.runners.ParentRunner.access$000(ParentRunner.java:42)
	at org.junit.runners.ParentRunner$2.evaluate(ParentRunner.java:184)
	at org.junit.internal.runners.statements.RunBefores.evaluate(RunBefores.java:28)
	at org.junit.internal.runners.statements.RunAfters.evaluate(RunAfters.java:31)
	at org.junit.runners.ParentRunner.run(ParentRunner.java:236)
	at org.eclipse.jdt.internal.junit4.runner.JUnit4TestReference.run(JUnit4TestReference.java:50)
	at org.eclipse.jdt.internal.junit.runner.TestExecution.run(TestExecution.java:38)
	at org.eclipse.jdt.internal.junit.runner.RemoteTestRunner.runTests(RemoteTestRunner.java:467)
	at org.eclipse.jdt.internal.junit.runner.RemoteTestRunner.runTests(RemoteTestRunner.java:683)
	at org.eclipse.jdt.internal.junit.runner.RemoteTestRunner.run(RemoteTestRunner.java:390)
	at org.eclipse.jdt.internal.junit.runner.RemoteTestRunner.main(RemoteTestRunner.java:197)
[2011-08-06 21:42:07,204] INFO    31[main] - br.com.jro.developer.tools.Main.printArgs(Main.java:25) - command ..: []
[2011-08-06 21:42:07,204] INFO    31[main] - br.com.jro.developer.tools.Main.printArgs(Main.java:25) - command ..: [-r]
[2011-08-06 21:42:07,204] INFO    31[main] - br.com.jro.developer.tools.PromptCommand.execute(PromptCommand.java:34) - Parameter <-r> not found.
[2011-08-06 21:42:07,204] INFO    31[main] - br.com.jro.developer.tools.Main.printArgs(Main.java:25) - command ..: [-r, -r]
[2011-08-06 21:42:07,204] INFO    31[main] - br.com.jro.developer.tools.PromptCommand.execute(PromptCommand.java:34) - Parameter <-r> not found.
[2011-08-06 21:42:07,204] INFO    31[main] - br.com.jro.developer.tools.Main.printArgs(Main.java:25) - command ..: [-d]
[2011-08-06 21:42:07,204]ERROR    31[main] - br.com.jro.developer.tools.Main.main(Main.java:19) - 1
java.lang.ArrayIndexOutOfBoundsException: 1
	at br.com.jro.developer.tools.commands.CommandListFiles.listFilesByPath(CommandListFiles.java:14)
	at br.com.jro.developer.tools.commands.CommandListFiles.execute(CommandListFiles.java:11)
	at br.com.jro.developer.tools.PromptCommand.command(PromptCommand.java:69)
	at br.com.jro.developer.tools.PromptCommand.execute(PromptCommand.java:37)
	at br.com.jro.developer.tools.Main.main(Main.java:17)
	at br.com.jro.developer.tools.MainTest.testMain(MainTest.java:68)
	at sun.reflect.NativeMethodAccessorImpl.invoke0(Native Method)
	at sun.reflect.NativeMethodAccessorImpl.invoke(NativeMethodAccessorImpl.java:39)
	at sun.reflect.DelegatingMethodAccessorImpl.invoke(DelegatingMethodAccessorImpl.java:25)
	at java.lang.reflect.Method.invoke(Method.java:597)
	at org.junit.runners.model.FrameworkMethod$1.runReflectiveCall(FrameworkMethod.java:44)
	at org.junit.internal.runners.model.ReflectiveCallable.run(ReflectiveCallable.java:15)
	at org.junit.runners.model.FrameworkMethod.invokeExplosively(FrameworkMethod.java:41)
	at org.junit.internal.runners.statements.InvokeMethod.evaluate(InvokeMethod.java:20)
	at org.junit.internal.runners.statements.RunBefores.evaluate(RunBefores.java:28)
	at org.junit.internal.runners.statements.RunAfters.evaluate(RunAfters.java:31)
	at org.junit.runners.BlockJUnit4ClassRunner.runNotIgnored(BlockJUnit4ClassRunner.java:79)
	at org.junit.runners.BlockJUnit4ClassRunner.runChild(BlockJUnit4ClassRunner.java:71)
	at org.junit.runners.BlockJUnit4ClassRunner.runChild(BlockJUnit4ClassRunner.java:49)
	at org.junit.runners.ParentRunner$3.run(ParentRunner.java:193)
	at org.junit.runners.ParentRunner$1.schedule(ParentRunner.java:52)
	at org.junit.runners.ParentRunner.runChildren(ParentRunner.java:191)
	at org.junit.runners.ParentRunner.access$000(ParentRunner.java:42)
	at org.junit.runners.ParentRunner$2.evaluate(ParentRunner.java:184)
	at org.junit.internal.runners.statements.RunBefores.evaluate(RunBefores.java:28)
	at org.junit.internal.runners.statements.RunAfters.evaluate(RunAfters.java:31)
	at org.junit.runners.ParentRunner.run(ParentRunner.java:236)
	at org.eclipse.jdt.internal.junit4.runner.JUnit4TestReference.run(JUnit4TestReference.java:50)
	at org.eclipse.jdt.internal.junit.runner.TestExecution.run(TestExecution.java:38)
	at org.eclipse.jdt.internal.junit.runner.RemoteTestRunner.runTests(RemoteTestRunner.java:467)
	at org.eclipse.jdt.internal.junit.runner.RemoteTestRunner.runTests(RemoteTestRunner.java:683)
	at org.eclipse.jdt.internal.junit.runner.RemoteTestRunner.run(RemoteTestRunner.java:390)
	at org.eclipse.jdt.internal.junit.runner.RemoteTestRunner.main(RemoteTestRunner.java:197)
[2011-08-06 21:42:07,219] INFO    46[main] - br.com.jro.developer.tools.Main.printArgs(Main.java:25) - command ..: [-d]
[2011-08-06 21:42:07,219]ERROR    46[main] - br.com.jro.developer.tools.Main.main(Main.java:19) - 1
java.lang.ArrayIndexOutOfBoundsException: 1
	at br.com.jro.developer.tools.commands.CommandListFiles.listFilesByPath(CommandListFiles.java:14)
	at br.com.jro.developer.tools.commands.CommandListFiles.execute(CommandListFiles.java:11)
	at br.com.jro.developer.tools.PromptCommand.command(PromptCommand.java:69)
	at br.com.jro.developer.tools.PromptCommand.execute(PromptCommand.java:37)
	at br.com.jro.developer.tools.Main.main(Main.java:17)
	at br.com.jro.developer.tools.MainTest.testMain(MainTest.java:68)
	at sun.reflect.NativeMethodAccessorImpl.invoke0(Native Method)
	at sun.reflect.NativeMethodAccessorImpl.invoke(NativeMethodAccessorImpl.java:39)
	at sun.reflect.DelegatingMethodAccessorImpl.invoke(DelegatingMethodAccessorImpl.java:25)
	at java.lang.reflect.Method.invoke(Method.java:597)
	at org.junit.runners.model.FrameworkMethod$1.runReflectiveCall(FrameworkMethod.java:44)
	at org.junit.internal.runners.model.ReflectiveCallable.run(ReflectiveCallable.java:15)
	at org.junit.runners.model.FrameworkMethod.invokeExplosively(FrameworkMethod.java:41)
	at org.junit.internal.runners.statements.InvokeMethod.evaluate(InvokeMethod.java:20)
	at org.junit.internal.runners.statements.RunBefores.evaluate(RunBefores.java:28)
	at org.junit.internal.runners.statements.RunAfters.evaluate(RunAfters.java:31)
	at org.junit.runners.BlockJUnit4ClassRunner.runNotIgnored(BlockJUnit4ClassRunner.java:79)
	at org.junit.runners.BlockJUnit4ClassRunner.runChild(BlockJUnit4ClassRunner.java:71)
	at org.junit.runners.BlockJUnit4ClassRunner.runChild(BlockJUnit4ClassRunner.java:49)
	at org.junit.runners.ParentRunner$3.run(ParentRunner.java:193)
	at org.junit.runners.ParentRunner$1.schedule(ParentRunner.java:52)
	at org.junit.runners.ParentRunner.runChildren(ParentRunner.java:191)
	at org.junit.runners.ParentRunner.access$000(ParentRunner.java:42)
	at org.junit.runners.ParentRunner$2.evaluate(ParentRunner.java:184)
	at org.junit.internal.runners.statements.RunBefores.evaluate(RunBefores.java:28)
	at org.junit.internal.runners.statements.RunAfters.evaluate(RunAfters.java:31)
	at org.junit.runners.ParentRunner.run(ParentRunner.java:236)
	at org.eclipse.jdt.internal.junit4.runner.JUnit4TestReference.run(JUnit4TestReference.java:50)
	at org.eclipse.jdt.internal.junit.runner.TestExecution.run(TestExecution.java:38)
	at org.eclipse.jdt.internal.junit.runner.RemoteTestRunner.runTests(RemoteTestRunner.java:467)
	at org.eclipse.jdt.internal.junit.runner.RemoteTestRunner.runTests(RemoteTestRunner.java:683)
	at org.eclipse.jdt.internal.junit.runner.RemoteTestRunner.run(RemoteTestRunner.java:390)
	at org.eclipse.jdt.internal.junit.runner.RemoteTestRunner.main(RemoteTestRunner.java:197)
[2011-08-06 21:42:07,219] INFO    46[main] - br.com.jro.developer.tools.Main.printArgs(Main.java:25) - command ..: [-d, C:/test_false]
[2011-08-06 21:42:07,235] INFO    62[main] - br.com.jro.developer.tools.Main.printArgs(Main.java:25) - command ..: [-d, C:\test_false]
[2011-08-06 21:42:07,235] INFO    62[main] - br.com.jro.developer.tools.Main.printArgs(Main.java:25) - command ..: [-d, C:\ftp]
[2011-08-06 21:42:07,235] INFO    62[main] - br.com.jro.developer.tools.Main.printArgs(Main.java:25) - command ..: [-d, null]
[2011-08-06 21:42:07,235] INFO    62[main] - br.com.jro.developer.tools.Main.printArgs(Main.java:25) - command ..: [C:\ftp]
[2011-08-06 21:42:07,235] INFO    62[main] - br.com.jro.developer.tools.PromptCommand.execute(PromptCommand.java:34) - Parameter <C:\ftp> not found.
[2011-08-06 21:42:07,235] INFO    62[main] - br.com.jro.developer.tools.Main.printArgs(Main.java:25) - command ..: [-m, C:\temp, txt]
[2011-08-06 21:42:21,057] INFO     0[main] - br.com.jro.developer.tools.Main.printArgs(Main.java:27) - command ..: null
[2011-08-06 21:42:21,057] INFO     0[main] - br.com.jro.developer.tools.Main.printArgs(Main.java:25) - command ..: [-h]
[2011-08-06 21:42:21,072] INFO    15[main] - br.com.jro.developer.tools.commands.CommandHelp.printHelp(CommandHelp.java:18) - TOOLS TO FACILITY A DEVELOPER STEPS.
[2011-08-06 21:42:21,072] INFO    15[main] - br.com.jro.developer.tools.commands.CommandHelp.printHelp(CommandHelp.java:20) - author ...: Jairo de Almeida. since 12 abril 2010. version 1.1
||.........## --.#.......|
||.........   #  # ......|
||.........     *  ......|
||........     -^........|
||.....##\        .......|
||....#####     /###.....|
||....########\ \((#.....|
||..####,   ))/ ##.......|
||..#####      '####.....|
||..#####\____/#####.....|
||...######..######......|
||.....""""  """"........|

[2011-08-06 21:42:21,072] INFO    15[main] - br.com.jro.developer.tools.commands.CommandHelp.printHelp(CommandHelp.java:33) - COMANDS ...
[2011-08-06 21:42:21,072] INFO    15[main] - br.com.jro.developer.tools.commands.CommandHelp.printHelp(CommandHelp.java:34) - -d to print recursive path files : example -d <path_name> : directory name
[2011-08-06 21:42:21,072] INFO    15[main] - br.com.jro.developer.tools.commands.CommandHelp.printHelp(CommandHelp.java:35) - -h to read help
[2011-08-06 21:42:21,072] INFO    15[main] - br.com.jro.developer.tools.commands.CommandHelp.printHelp(CommandHelp.java:36) - -m to read a recursive txt files into directory (will merge) : example -m : merge text files in log file<path_name> : directory name<extension> : extension of files will merge - example txt, sql, java, etc<encoding> : for example: encoding are ISO-8859-1 to portuguese, UTF-8 to english, etc)
[2011-08-06 21:42:21,072] INFO    15[main] - br.com.jro.developer.tools.Main.printArgs(Main.java:25) - command ..: []
[2011-08-06 21:42:21,072]ERROR    15[main] - br.com.jro.developer.tools.Main.main(Main.java:19) - 
java.lang.NullPointerException
	at br.com.jro.developer.tools.PromptCommand.command(PromptCommand.java:66)
	at br.com.jro.developer.tools.PromptCommand.execute(PromptCommand.java:37)
	at br.com.jro.developer.tools.Main.main(Main.java:17)
	at br.com.jro.developer.tools.MainTest.testMain(MainTest.java:68)
	at sun.reflect.NativeMethodAccessorImpl.invoke0(Native Method)
	at sun.reflect.NativeMethodAccessorImpl.invoke(NativeMethodAccessorImpl.java:39)
	at sun.reflect.DelegatingMethodAccessorImpl.invoke(DelegatingMethodAccessorImpl.java:25)
	at java.lang.reflect.Method.invoke(Method.java:597)
	at org.junit.runners.model.FrameworkMethod$1.runReflectiveCall(FrameworkMethod.java:44)
	at org.junit.internal.runners.model.ReflectiveCallable.run(ReflectiveCallable.java:15)
	at org.junit.runners.model.FrameworkMethod.invokeExplosively(FrameworkMethod.java:41)
	at org.junit.internal.runners.statements.InvokeMethod.evaluate(InvokeMethod.java:20)
	at org.junit.internal.runners.statements.RunBefores.evaluate(RunBefores.java:28)
	at org.junit.internal.runners.statements.RunAfters.evaluate(RunAfters.java:31)
	at org.junit.runners.BlockJUnit4ClassRunner.runNotIgnored(BlockJUnit4ClassRunner.java:79)
	at org.junit.runners.BlockJUnit4ClassRunner.runChild(BlockJUnit4ClassRunner.java:71)
	at org.junit.runners.BlockJUnit4ClassRunner.runChild(BlockJUnit4ClassRunner.java:49)
	at org.junit.runners.ParentRunner$3.run(ParentRunner.java:193)
	at org.junit.runners.ParentRunner$1.schedule(ParentRunner.java:52)
	at org.junit.runners.ParentRunner.runChildren(ParentRunner.java:191)
	at org.junit.runners.ParentRunner.access$000(ParentRunner.java:42)
	at org.junit.runners.ParentRunner$2.evaluate(ParentRunner.java:184)
	at org.junit.internal.runners.statements.RunBefores.evaluate(RunBefores.java:28)
	at org.junit.internal.runners.statements.RunAfters.evaluate(RunAfters.java:31)
	at org.junit.runners.ParentRunner.run(ParentRunner.java:236)
	at org.eclipse.jdt.internal.junit4.runner.JUnit4TestReference.run(JUnit4TestReference.java:50)
	at org.eclipse.jdt.internal.junit.runner.TestExecution.run(TestExecution.java:38)
	at org.eclipse.jdt.internal.junit.runner.RemoteTestRunner.runTests(RemoteTestRunner.java:467)
	at org.eclipse.jdt.internal.junit.runner.RemoteTestRunner.runTests(RemoteTestRunner.java:683)
	at org.eclipse.jdt.internal.junit.runner.RemoteTestRunner.run(RemoteTestRunner.java:390)
	at org.eclipse.jdt.internal.junit.runner.RemoteTestRunner.main(RemoteTestRunner.java:197)
[2011-08-06 21:42:21,088] INFO    31[main] - br.com.jro.developer.tools.Main.printArgs(Main.java:25) - command ..: [-d]
[2011-08-06 21:42:21,088]ERROR    31[main] - br.com.jro.developer.tools.Main.main(Main.java:19) - 1
java.lang.ArrayIndexOutOfBoundsException: 1
	at br.com.jro.developer.tools.commands.CommandListFiles.listFilesByPath(CommandListFiles.java:14)
	at br.com.jro.developer.tools.commands.CommandListFiles.execute(CommandListFiles.java:11)
	at br.com.jro.developer.tools.PromptCommand.command(PromptCommand.java:69)
	at br.com.jro.developer.tools.PromptCommand.execute(PromptCommand.java:37)
	at br.com.jro.developer.tools.Main.main(Main.java:17)
	at br.com.jro.developer.tools.MainTest.testMain(MainTest.java:68)
	at sun.reflect.NativeMethodAccessorImpl.invoke0(Native Method)
	at sun.reflect.NativeMethodAccessorImpl.invoke(NativeMethodAccessorImpl.java:39)
	at sun.reflect.DelegatingMethodAccessorImpl.invoke(DelegatingMethodAccessorImpl.java:25)
	at java.lang.reflect.Method.invoke(Method.java:597)
	at org.junit.runners.model.FrameworkMethod$1.runReflectiveCall(FrameworkMethod.java:44)
	at org.junit.internal.runners.model.ReflectiveCallable.run(ReflectiveCallable.java:15)
	at org.junit.runners.model.FrameworkMethod.invokeExplosively(FrameworkMethod.java:41)
	at org.junit.internal.runners.statements.InvokeMethod.evaluate(InvokeMethod.java:20)
	at org.junit.internal.runners.statements.RunBefores.evaluate(RunBefores.java:28)
	at org.junit.internal.runners.statements.RunAfters.evaluate(RunAfters.java:31)
	at org.junit.runners.BlockJUnit4ClassRunner.runNotIgnored(BlockJUnit4ClassRunner.java:79)
	at org.junit.runners.BlockJUnit4ClassRunner.runChild(BlockJUnit4ClassRunner.java:71)
	at org.junit.runners.BlockJUnit4ClassRunner.runChild(BlockJUnit4ClassRunner.java:49)
	at org.junit.runners.ParentRunner$3.run(ParentRunner.java:193)
	at org.junit.runners.ParentRunner$1.schedule(ParentRunner.java:52)
	at org.junit.runners.ParentRunner.runChildren(ParentRunner.java:191)
	at org.junit.runners.ParentRunner.access$000(ParentRunner.java:42)
	at org.junit.runners.ParentRunner$2.evaluate(ParentRunner.java:184)
	at org.junit.internal.runners.statements.RunBefores.evaluate(RunBefores.java:28)
	at org.junit.internal.runners.statements.RunAfters.evaluate(RunAfters.java:31)
	at org.junit.runners.ParentRunner.run(ParentRunner.java:236)
	at org.eclipse.jdt.internal.junit4.runner.JUnit4TestReference.run(JUnit4TestReference.java:50)
	at org.eclipse.jdt.internal.junit.runner.TestExecution.run(TestExecution.java:38)
	at org.eclipse.jdt.internal.junit.runner.RemoteTestRunner.runTests(RemoteTestRunner.java:467)
	at org.eclipse.jdt.internal.junit.runner.RemoteTestRunner.runTests(RemoteTestRunner.java:683)
	at org.eclipse.jdt.internal.junit.runner.RemoteTestRunner.run(RemoteTestRunner.java:390)
	at org.eclipse.jdt.internal.junit.runner.RemoteTestRunner.main(RemoteTestRunner.java:197)
[2011-08-06 21:42:21,088] INFO    31[main] - br.com.jro.developer.tools.Main.printArgs(Main.java:25) - command ..: []
[2011-08-06 21:42:21,088] INFO    31[main] - br.com.jro.developer.tools.Main.printArgs(Main.java:25) - command ..: [-r]
[2011-08-06 21:42:21,088] INFO    31[main] - br.com.jro.developer.tools.PromptCommand.execute(PromptCommand.java:34) - Parameter <-r> not found.
[2011-08-06 21:42:21,088] INFO    31[main] - br.com.jro.developer.tools.Main.printArgs(Main.java:25) - command ..: [-r, -r]
[2011-08-06 21:42:21,088] INFO    31[main] - br.com.jro.developer.tools.PromptCommand.execute(PromptCommand.java:34) - Parameter <-r> not found.
[2011-08-06 21:42:21,088] INFO    31[main] - br.com.jro.developer.tools.Main.printArgs(Main.java:25) - command ..: [-d]
[2011-08-06 21:42:21,088]ERROR    31[main] - br.com.jro.developer.tools.Main.main(Main.java:19) - 1
java.lang.ArrayIndexOutOfBoundsException: 1
	at br.com.jro.developer.tools.commands.CommandListFiles.listFilesByPath(CommandListFiles.java:14)
	at br.com.jro.developer.tools.commands.CommandListFiles.execute(CommandListFiles.java:11)
	at br.com.jro.developer.tools.PromptCommand.command(PromptCommand.java:69)
	at br.com.jro.developer.tools.PromptCommand.execute(PromptCommand.java:37)
	at br.com.jro.developer.tools.Main.main(Main.java:17)
	at br.com.jro.developer.tools.MainTest.testMain(MainTest.java:68)
	at sun.reflect.NativeMethodAccessorImpl.invoke0(Native Method)
	at sun.reflect.NativeMethodAccessorImpl.invoke(NativeMethodAccessorImpl.java:39)
	at sun.reflect.DelegatingMethodAccessorImpl.invoke(DelegatingMethodAccessorImpl.java:25)
	at java.lang.reflect.Method.invoke(Method.java:597)
	at org.junit.runners.model.FrameworkMethod$1.runReflectiveCall(FrameworkMethod.java:44)
	at org.junit.internal.runners.model.ReflectiveCallable.run(ReflectiveCallable.java:15)
	at org.junit.runners.model.FrameworkMethod.invokeExplosively(FrameworkMethod.java:41)
	at org.junit.internal.runners.statements.InvokeMethod.evaluate(InvokeMethod.java:20)
	at org.junit.internal.runners.statements.RunBefores.evaluate(RunBefores.java:28)
	at org.junit.internal.runners.statements.RunAfters.evaluate(RunAfters.java:31)
	at org.junit.runners.BlockJUnit4ClassRunner.runNotIgnored(BlockJUnit4ClassRunner.java:79)
	at org.junit.runners.BlockJUnit4ClassRunner.runChild(BlockJUnit4ClassRunner.java:71)
	at org.junit.runners.BlockJUnit4ClassRunner.runChild(BlockJUnit4ClassRunner.java:49)
	at org.junit.runners.ParentRunner$3.run(ParentRunner.java:193)
	at org.junit.runners.ParentRunner$1.schedule(ParentRunner.java:52)
	at org.junit.runners.ParentRunner.runChildren(ParentRunner.java:191)
	at org.junit.runners.ParentRunner.access$000(ParentRunner.java:42)
	at org.junit.runners.ParentRunner$2.evaluate(ParentRunner.java:184)
	at org.junit.internal.runners.statements.RunBefores.evaluate(RunBefores.java:28)
	at org.junit.internal.runners.statements.RunAfters.evaluate(RunAfters.java:31)
	at org.junit.runners.ParentRunner.run(ParentRunner.java:236)
	at org.eclipse.jdt.internal.junit4.runner.JUnit4TestReference.run(JUnit4TestReference.java:50)
	at org.eclipse.jdt.internal.junit.runner.TestExecution.run(TestExecution.java:38)
	at org.eclipse.jdt.internal.junit.runner.RemoteTestRunner.runTests(RemoteTestRunner.java:467)
	at org.eclipse.jdt.internal.junit.runner.RemoteTestRunner.runTests(RemoteTestRunner.java:683)
	at org.eclipse.jdt.internal.junit.runner.RemoteTestRunner.run(RemoteTestRunner.java:390)
	at org.eclipse.jdt.internal.junit.runner.RemoteTestRunner.main(RemoteTestRunner.java:197)
[2011-08-06 21:42:21,103] INFO    46[main] - br.com.jro.developer.tools.Main.printArgs(Main.java:25) - command ..: [-d]
[2011-08-06 21:42:21,103]ERROR    46[main] - br.com.jro.developer.tools.Main.main(Main.java:19) - 1
java.lang.ArrayIndexOutOfBoundsException: 1
	at br.com.jro.developer.tools.commands.CommandListFiles.listFilesByPath(CommandListFiles.java:14)
	at br.com.jro.developer.tools.commands.CommandListFiles.execute(CommandListFiles.java:11)
	at br.com.jro.developer.tools.PromptCommand.command(PromptCommand.java:69)
	at br.com.jro.developer.tools.PromptCommand.execute(PromptCommand.java:37)
	at br.com.jro.developer.tools.Main.main(Main.java:17)
	at br.com.jro.developer.tools.MainTest.testMain(MainTest.java:68)
	at sun.reflect.NativeMethodAccessorImpl.invoke0(Native Method)
	at sun.reflect.NativeMethodAccessorImpl.invoke(NativeMethodAccessorImpl.java:39)
	at sun.reflect.DelegatingMethodAccessorImpl.invoke(DelegatingMethodAccessorImpl.java:25)
	at java.lang.reflect.Method.invoke(Method.java:597)
	at org.junit.runners.model.FrameworkMethod$1.runReflectiveCall(FrameworkMethod.java:44)
	at org.junit.internal.runners.model.ReflectiveCallable.run(ReflectiveCallable.java:15)
	at org.junit.runners.model.FrameworkMethod.invokeExplosively(FrameworkMethod.java:41)
	at org.junit.internal.runners.statements.InvokeMethod.evaluate(InvokeMethod.java:20)
	at org.junit.internal.runners.statements.RunBefores.evaluate(RunBefores.java:28)
	at org.junit.internal.runners.statements.RunAfters.evaluate(RunAfters.java:31)
	at org.junit.runners.BlockJUnit4ClassRunner.runNotIgnored(BlockJUnit4ClassRunner.java:79)
	at org.junit.runners.BlockJUnit4ClassRunner.runChild(BlockJUnit4ClassRunner.java:71)
	at org.junit.runners.BlockJUnit4ClassRunner.runChild(BlockJUnit4ClassRunner.java:49)
	at org.junit.runners.ParentRunner$3.run(ParentRunner.java:193)
	at org.junit.runners.ParentRunner$1.schedule(ParentRunner.java:52)
	at org.junit.runners.ParentRunner.runChildren(ParentRunner.java:191)
	at org.junit.runners.ParentRunner.access$000(ParentRunner.java:42)
	at org.junit.runners.ParentRunner$2.evaluate(ParentRunner.java:184)
	at org.junit.internal.runners.statements.RunBefores.evaluate(RunBefores.java:28)
	at org.junit.internal.runners.statements.RunAfters.evaluate(RunAfters.java:31)
	at org.junit.runners.ParentRunner.run(ParentRunner.java:236)
	at org.eclipse.jdt.internal.junit4.runner.JUnit4TestReference.run(JUnit4TestReference.java:50)
	at org.eclipse.jdt.internal.junit.runner.TestExecution.run(TestExecution.java:38)
	at org.eclipse.jdt.internal.junit.runner.RemoteTestRunner.runTests(RemoteTestRunner.java:467)
	at org.eclipse.jdt.internal.junit.runner.RemoteTestRunner.runTests(RemoteTestRunner.java:683)
	at org.eclipse.jdt.internal.junit.runner.RemoteTestRunner.run(RemoteTestRunner.java:390)
	at org.eclipse.jdt.internal.junit.runner.RemoteTestRunner.main(RemoteTestRunner.java:197)
[2011-08-06 21:42:21,103] INFO    46[main] - br.com.jro.developer.tools.Main.printArgs(Main.java:25) - command ..: [-d, C:/test_false]
[2011-08-06 21:42:21,119] INFO    62[main] - br.com.jro.developer.tools.Main.printArgs(Main.java:25) - command ..: [-d, C:\test_false]
[2011-08-06 21:42:21,119] INFO    62[main] - br.com.jro.developer.tools.Main.printArgs(Main.java:25) - command ..: [-d, C:\ftp]
[2011-08-06 21:42:21,119] INFO    62[main] - br.com.jro.developer.tools.Main.printArgs(Main.java:25) - command ..: [-d, null]
[2011-08-06 21:42:21,119] INFO    62[main] - br.com.jro.developer.tools.Main.printArgs(Main.java:25) - command ..: [C:\ftp]
[2011-08-06 21:42:21,119] INFO    62[main] - br.com.jro.developer.tools.PromptCommand.execute(PromptCommand.java:34) - Parameter <C:\ftp> not found.
[2011-08-06 21:42:21,119] INFO    62[main] - br.com.jro.developer.tools.Main.printArgs(Main.java:25) - command ..: [-m, C:\temp, txt]
[2011-08-06 21:42:24,614] INFO202099[main] - br.com.jro.developer.tools.commands.CommandMerge.execute(CommandMerge.java:30) - 
[2011-08-06 21:42:46,466] INFO     0[main] - br.com.jro.developer.tools.Main.printArgs(Main.java:27) - command ..: null
[2011-08-06 21:42:46,466] INFO     0[main] - br.com.jro.developer.tools.Main.printArgs(Main.java:25) - command ..: [-h]
[2011-08-06 21:42:46,466] INFO     0[main] - br.com.jro.developer.tools.commands.CommandHelp.printHelp(CommandHelp.java:18) - TOOLS TO FACILITY A DEVELOPER STEPS.
[2011-08-06 21:42:46,466] INFO     0[main] - br.com.jro.developer.tools.commands.CommandHelp.printHelp(CommandHelp.java:20) - author ...: Jairo de Almeida. since 12 abril 2010. version 1.1
||.........## --.#.......|
||.........   #  # ......|
||.........     *  ......|
||........     -^........|
||.....##\        .......|
||....#####     /###.....|
||....########\ \((#.....|
||..####,   ))/ ##.......|
||..#####      '####.....|
||..#####\____/#####.....|
||...######..######......|
||.....""""  """"........|

[2011-08-06 21:42:46,466] INFO     0[main] - br.com.jro.developer.tools.commands.CommandHelp.printHelp(CommandHelp.java:33) - COMANDS ...
[2011-08-06 21:42:46,466] INFO     0[main] - br.com.jro.developer.tools.commands.CommandHelp.printHelp(CommandHelp.java:34) - -d to print recursive path files : example -d <path_name> : directory name
[2011-08-06 21:42:46,466] INFO     0[main] - br.com.jro.developer.tools.commands.CommandHelp.printHelp(CommandHelp.java:35) - -h to read help
[2011-08-06 21:42:46,481] INFO    15[main] - br.com.jro.developer.tools.commands.CommandHelp.printHelp(CommandHelp.java:36) - -m to read a recursive txt files into directory (will merge) : example -m : merge text files in log file<path_name> : directory name<extension> : extension of files will merge - example txt, sql, java, etc<encoding> : for example: encoding are ISO-8859-1 to portuguese, UTF-8 to english, etc)
[2011-08-06 21:42:46,481] INFO    15[main] - br.com.jro.developer.tools.Main.printArgs(Main.java:25) - command ..: []
[2011-08-06 21:42:46,481]ERROR    15[main] - br.com.jro.developer.tools.Main.main(Main.java:19) - 
java.lang.NullPointerException
	at br.com.jro.developer.tools.PromptCommand.command(PromptCommand.java:66)
	at br.com.jro.developer.tools.PromptCommand.execute(PromptCommand.java:37)
	at br.com.jro.developer.tools.Main.main(Main.java:17)
	at br.com.jro.developer.tools.MainTest.testMain(MainTest.java:68)
	at sun.reflect.NativeMethodAccessorImpl.invoke0(Native Method)
	at sun.reflect.NativeMethodAccessorImpl.invoke(NativeMethodAccessorImpl.java:39)
	at sun.reflect.DelegatingMethodAccessorImpl.invoke(DelegatingMethodAccessorImpl.java:25)
	at java.lang.reflect.Method.invoke(Method.java:597)
	at org.junit.runners.model.FrameworkMethod$1.runReflectiveCall(FrameworkMethod.java:44)
	at org.junit.internal.runners.model.ReflectiveCallable.run(ReflectiveCallable.java:15)
	at org.junit.runners.model.FrameworkMethod.invokeExplosively(FrameworkMethod.java:41)
	at org.junit.internal.runners.statements.InvokeMethod.evaluate(InvokeMethod.java:20)
	at org.junit.internal.runners.statements.RunBefores.evaluate(RunBefores.java:28)
	at org.junit.internal.runners.statements.RunAfters.evaluate(RunAfters.java:31)
	at org.junit.runners.BlockJUnit4ClassRunner.runNotIgnored(BlockJUnit4ClassRunner.java:79)
	at org.junit.runners.BlockJUnit4ClassRunner.runChild(BlockJUnit4ClassRunner.java:71)
	at org.junit.runners.BlockJUnit4ClassRunner.runChild(BlockJUnit4ClassRunner.java:49)
	at org.junit.runners.ParentRunner$3.run(ParentRunner.java:193)
	at org.junit.runners.ParentRunner$1.schedule(ParentRunner.java:52)
	at org.junit.runners.ParentRunner.runChildren(ParentRunner.java:191)
	at org.junit.runners.ParentRunner.access$000(ParentRunner.java:42)
	at org.junit.runners.ParentRunner$2.evaluate(ParentRunner.java:184)
	at org.junit.internal.runners.statements.RunBefores.evaluate(RunBefores.java:28)
	at org.junit.internal.runners.statements.RunAfters.evaluate(RunAfters.java:31)
	at org.junit.runners.ParentRunner.run(ParentRunner.java:236)
	at org.eclipse.jdt.internal.junit4.runner.JUnit4TestReference.run(JUnit4TestReference.java:50)
	at org.eclipse.jdt.internal.junit.runner.TestExecution.run(TestExecution.java:38)
	at org.eclipse.jdt.internal.junit.runner.RemoteTestRunner.runTests(RemoteTestRunner.java:467)
	at org.eclipse.jdt.internal.junit.runner.RemoteTestRunner.runTests(RemoteTestRunner.java:683)
	at org.eclipse.jdt.internal.junit.runner.RemoteTestRunner.run(RemoteTestRunner.java:390)
	at org.eclipse.jdt.internal.junit.runner.RemoteTestRunner.main(RemoteTestRunner.java:197)
[2011-08-06 21:42:46,481] INFO    15[main] - br.com.jro.developer.tools.Main.printArgs(Main.java:25) - command ..: [-d]
[2011-08-06 21:42:46,481]ERROR    15[main] - br.com.jro.developer.tools.Main.main(Main.java:19) - 1
java.lang.ArrayIndexOutOfBoundsException: 1
	at br.com.jro.developer.tools.commands.CommandListFiles.listFilesByPath(CommandListFiles.java:14)
	at br.com.jro.developer.tools.commands.CommandListFiles.execute(CommandListFiles.java:11)
	at br.com.jro.developer.tools.PromptCommand.command(PromptCommand.java:69)
	at br.com.jro.developer.tools.PromptCommand.execute(PromptCommand.java:37)
	at br.com.jro.developer.tools.Main.main(Main.java:17)
	at br.com.jro.developer.tools.MainTest.testMain(MainTest.java:68)
	at sun.reflect.NativeMethodAccessorImpl.invoke0(Native Method)
	at sun.reflect.NativeMethodAccessorImpl.invoke(NativeMethodAccessorImpl.java:39)
	at sun.reflect.DelegatingMethodAccessorImpl.invoke(DelegatingMethodAccessorImpl.java:25)
	at java.lang.reflect.Method.invoke(Method.java:597)
	at org.junit.runners.model.FrameworkMethod$1.runReflectiveCall(FrameworkMethod.java:44)
	at org.junit.internal.runners.model.ReflectiveCallable.run(ReflectiveCallable.java:15)
	at org.junit.runners.model.FrameworkMethod.invokeExplosively(FrameworkMethod.java:41)
	at org.junit.internal.runners.statements.InvokeMethod.evaluate(InvokeMethod.java:20)
	at org.junit.internal.runners.statements.RunBefores.evaluate(RunBefores.java:28)
	at org.junit.internal.runners.statements.RunAfters.evaluate(RunAfters.java:31)
	at org.junit.runners.BlockJUnit4ClassRunner.runNotIgnored(BlockJUnit4ClassRunner.java:79)
	at org.junit.runners.BlockJUnit4ClassRunner.runChild(BlockJUnit4ClassRunner.java:71)
	at org.junit.runners.BlockJUnit4ClassRunner.runChild(BlockJUnit4ClassRunner.java:49)
	at org.junit.runners.ParentRunner$3.run(ParentRunner.java:193)
	at org.junit.runners.ParentRunner$1.schedule(ParentRunner.java:52)
	at org.junit.runners.ParentRunner.runChildren(ParentRunner.java:191)
	at org.junit.runners.ParentRunner.access$000(ParentRunner.java:42)
	at org.junit.runners.ParentRunner$2.evaluate(ParentRunner.java:184)
	at org.junit.internal.runners.statements.RunBefores.evaluate(RunBefores.java:28)
	at org.junit.internal.runners.statements.RunAfters.evaluate(RunAfters.java:31)
	at org.junit.runners.ParentRunner.run(ParentRunner.java:236)
	at org.eclipse.jdt.internal.junit4.runner.JUnit4TestReference.run(JUnit4TestReference.java:50)
	at org.eclipse.jdt.internal.junit.runner.TestExecution.run(TestExecution.java:38)
	at org.eclipse.jdt.internal.junit.runner.RemoteTestRunner.runTests(RemoteTestRunner.java:467)
	at org.eclipse.jdt.internal.junit.runner.RemoteTestRunner.runTests(RemoteTestRunner.java:683)
	at org.eclipse.jdt.internal.junit.runner.RemoteTestRunner.run(RemoteTestRunner.java:390)
	at org.eclipse.jdt.internal.junit.runner.RemoteTestRunner.main(RemoteTestRunner.java:197)
[2011-08-06 21:42:46,497] INFO    31[main] - br.com.jro.developer.tools.Main.printArgs(Main.java:25) - command ..: []
[2011-08-06 21:42:46,497] INFO    31[main] - br.com.jro.developer.tools.Main.printArgs(Main.java:25) - command ..: [-r]
[2011-08-06 21:42:46,497] INFO    31[main] - br.com.jro.developer.tools.PromptCommand.execute(PromptCommand.java:34) - Parameter <-r> not found.
[2011-08-06 21:42:46,497] INFO    31[main] - br.com.jro.developer.tools.Main.printArgs(Main.java:25) - command ..: [-r, -r]
[2011-08-06 21:42:46,497] INFO    31[main] - br.com.jro.developer.tools.PromptCommand.execute(PromptCommand.java:34) - Parameter <-r> not found.
[2011-08-06 21:42:46,497] INFO    31[main] - br.com.jro.developer.tools.Main.printArgs(Main.java:25) - command ..: [-d]
[2011-08-06 21:42:46,497]ERROR    31[main] - br.com.jro.developer.tools.Main.main(Main.java:19) - 1
java.lang.ArrayIndexOutOfBoundsException: 1
	at br.com.jro.developer.tools.commands.CommandListFiles.listFilesByPath(CommandListFiles.java:14)
	at br.com.jro.developer.tools.commands.CommandListFiles.execute(CommandListFiles.java:11)
	at br.com.jro.developer.tools.PromptCommand.command(PromptCommand.java:69)
	at br.com.jro.developer.tools.PromptCommand.execute(PromptCommand.java:37)
	at br.com.jro.developer.tools.Main.main(Main.java:17)
	at br.com.jro.developer.tools.MainTest.testMain(MainTest.java:68)
	at sun.reflect.NativeMethodAccessorImpl.invoke0(Native Method)
	at sun.reflect.NativeMethodAccessorImpl.invoke(NativeMethodAccessorImpl.java:39)
	at sun.reflect.DelegatingMethodAccessorImpl.invoke(DelegatingMethodAccessorImpl.java:25)
	at java.lang.reflect.Method.invoke(Method.java:597)
	at org.junit.runners.model.FrameworkMethod$1.runReflectiveCall(FrameworkMethod.java:44)
	at org.junit.internal.runners.model.ReflectiveCallable.run(ReflectiveCallable.java:15)
	at org.junit.runners.model.FrameworkMethod.invokeExplosively(FrameworkMethod.java:41)
	at org.junit.internal.runners.statements.InvokeMethod.evaluate(InvokeMethod.java:20)
	at org.junit.internal.runners.statements.RunBefores.evaluate(RunBefores.java:28)
	at org.junit.internal.runners.statements.RunAfters.evaluate(RunAfters.java:31)
	at org.junit.runners.BlockJUnit4ClassRunner.runNotIgnored(BlockJUnit4ClassRunner.java:79)
	at org.junit.runners.BlockJUnit4ClassRunner.runChild(BlockJUnit4ClassRunner.java:71)
	at org.junit.runners.BlockJUnit4ClassRunner.runChild(BlockJUnit4ClassRunner.java:49)
	at org.junit.runners.ParentRunner$3.run(ParentRunner.java:193)
	at org.junit.runners.ParentRunner$1.schedule(ParentRunner.java:52)
	at org.junit.runners.ParentRunner.runChildren(ParentRunner.java:191)
	at org.junit.runners.ParentRunner.access$000(ParentRunner.java:42)
	at org.junit.runners.ParentRunner$2.evaluate(ParentRunner.java:184)
	at org.junit.internal.runners.statements.RunBefores.evaluate(RunBefores.java:28)
	at org.junit.internal.runners.statements.RunAfters.evaluate(RunAfters.java:31)
	at org.junit.runners.ParentRunner.run(ParentRunner.java:236)
	at org.eclipse.jdt.internal.junit4.runner.JUnit4TestReference.run(JUnit4TestReference.java:50)
	at org.eclipse.jdt.internal.junit.runner.TestExecution.run(TestExecution.java:38)
	at org.eclipse.jdt.internal.junit.runner.RemoteTestRunner.runTests(RemoteTestRunner.java:467)
	at org.eclipse.jdt.internal.junit.runner.RemoteTestRunner.runTests(RemoteTestRunner.java:683)
	at org.eclipse.jdt.internal.junit.runner.RemoteTestRunner.run(RemoteTestRunner.java:390)
	at org.eclipse.jdt.internal.junit.runner.RemoteTestRunner.main(RemoteTestRunner.java:197)
[2011-08-06 21:42:46,497] INFO    31[main] - br.com.jro.developer.tools.Main.printArgs(Main.java:25) - command ..: [-d]
[2011-08-06 21:42:46,497]ERROR    31[main] - br.com.jro.developer.tools.Main.main(Main.java:19) - 1
java.lang.ArrayIndexOutOfBoundsException: 1
	at br.com.jro.developer.tools.commands.CommandListFiles.listFilesByPath(CommandListFiles.java:14)
	at br.com.jro.developer.tools.commands.CommandListFiles.execute(CommandListFiles.java:11)
	at br.com.jro.developer.tools.PromptCommand.command(PromptCommand.java:69)
	at br.com.jro.developer.tools.PromptCommand.execute(PromptCommand.java:37)
	at br.com.jro.developer.tools.Main.main(Main.java:17)
	at br.com.jro.developer.tools.MainTest.testMain(MainTest.java:68)
	at sun.reflect.NativeMethodAccessorImpl.invoke0(Native Method)
	at sun.reflect.NativeMethodAccessorImpl.invoke(NativeMethodAccessorImpl.java:39)
	at sun.reflect.DelegatingMethodAccessorImpl.invoke(DelegatingMethodAccessorImpl.java:25)
	at java.lang.reflect.Method.invoke(Method.java:597)
	at org.junit.runners.model.FrameworkMethod$1.runReflectiveCall(FrameworkMethod.java:44)
	at org.junit.internal.runners.model.ReflectiveCallable.run(ReflectiveCallable.java:15)
	at org.junit.runners.model.FrameworkMethod.invokeExplosively(FrameworkMethod.java:41)
	at org.junit.internal.runners.statements.InvokeMethod.evaluate(InvokeMethod.java:20)
	at org.junit.internal.runners.statements.RunBefores.evaluate(RunBefores.java:28)
	at org.junit.internal.runners.statements.RunAfters.evaluate(RunAfters.java:31)
	at org.junit.runners.BlockJUnit4ClassRunner.runNotIgnored(BlockJUnit4ClassRunner.java:79)
	at org.junit.runners.BlockJUnit4ClassRunner.runChild(BlockJUnit4ClassRunner.java:71)
	at org.junit.runners.BlockJUnit4ClassRunner.runChild(BlockJUnit4ClassRunner.java:49)
	at org.junit.runners.ParentRunner$3.run(ParentRunner.java:193)
	at org.junit.runners.ParentRunner$1.schedule(ParentRunner.java:52)
	at org.junit.runners.ParentRunner.runChildren(ParentRunner.java:191)
	at org.junit.runners.ParentRunner.access$000(ParentRunner.java:42)
	at org.junit.runners.ParentRunner$2.evaluate(ParentRunner.java:184)
	at org.junit.internal.runners.statements.RunBefores.evaluate(RunBefores.java:28)
	at org.junit.internal.runners.statements.RunAfters.evaluate(RunAfters.java:31)
	at org.junit.runners.ParentRunner.run(ParentRunner.java:236)
	at org.eclipse.jdt.internal.junit4.runner.JUnit4TestReference.run(JUnit4TestReference.java:50)
	at org.eclipse.jdt.internal.junit.runner.TestExecution.run(TestExecution.java:38)
	at org.eclipse.jdt.internal.junit.runner.RemoteTestRunner.runTests(RemoteTestRunner.java:467)
	at org.eclipse.jdt.internal.junit.runner.RemoteTestRunner.runTests(RemoteTestRunner.java:683)
	at org.eclipse.jdt.internal.junit.runner.RemoteTestRunner.run(RemoteTestRunner.java:390)
	at org.eclipse.jdt.internal.junit.runner.RemoteTestRunner.main(RemoteTestRunner.java:197)
[2011-08-06 21:42:46,512] INFO    46[main] - br.com.jro.developer.tools.Main.printArgs(Main.java:25) - command ..: [-d, C:/test_false]
[2011-08-06 21:42:46,512] INFO    46[main] - br.com.jro.developer.tools.Main.printArgs(Main.java:25) - command ..: [-d, C:\test_false]
[2011-08-06 21:42:46,512] INFO    46[main] - br.com.jro.developer.tools.Main.printArgs(Main.java:25) - command ..: [-d, C:\ftp]
[2011-08-06 21:42:46,512] INFO    46[main] - br.com.jro.developer.tools.Main.printArgs(Main.java:25) - command ..: [-d, null]
[2011-08-06 21:42:46,512] INFO    46[main] - br.com.jro.developer.tools.Main.printArgs(Main.java:25) - command ..: [C:\ftp]
[2011-08-06 21:42:46,512] INFO    46[main] - br.com.jro.developer.tools.PromptCommand.execute(PromptCommand.java:34) - Parameter <C:\ftp> not found.
[2011-08-06 21:42:46,512] INFO    46[main] - br.com.jro.developer.tools.Main.printArgs(Main.java:25) - command ..: [-m, C:\temp, txt]
[2011-08-06 21:44:54,620] INFO128154[main] - br.com.jro.developer.tools.commands.CommandMerge.execute(CommandMerge.java:30) - 
[2011-08-06 21:44:54,620] INFO128154[main] - br.com.jro.developer.tools.Main.printArgs(Main.java:25) - command ..: [-m, C:\temp, txt, ISO-8859-1]
[2011-08-06 21:44:56,165] INFO129699[main] - br.com.jro.developer.tools.commands.CommandMerge.execute(CommandMerge.java:30) - 
[2011-08-06 21:45:03,515] INFO     0[main] - br.com.jro.developer.tools.Main.printArgs(Main.java:27) - command ..: null
[2011-08-06 21:45:03,515] INFO     0[main] - br.com.jro.developer.tools.Main.printArgs(Main.java:25) - command ..: [-h]
[2011-08-06 21:45:03,515] INFO     0[main] - br.com.jro.developer.tools.commands.CommandHelp.printHelp(CommandHelp.java:18) - TOOLS TO FACILITY A DEVELOPER STEPS.
[2011-08-06 21:45:03,515] INFO     0[main] - br.com.jro.developer.tools.commands.CommandHelp.printHelp(CommandHelp.java:20) - author ...: Jairo de Almeida. since 12 abril 2010. version 1.1
||.........## --.#.......|
||.........   #  # ......|
||.........     *  ......|
||........     -^........|
||.....##\        .......|
||....#####     /###.....|
||....########\ \((#.....|
||..####,   ))/ ##.......|
||..#####      '####.....|
||..#####\____/#####.....|
||...######..######......|
||.....""""  """"........|

[2011-08-06 21:45:03,515] INFO     0[main] - br.com.jro.developer.tools.commands.CommandHelp.printHelp(CommandHelp.java:33) - COMANDS ...
[2011-08-06 21:45:03,515] INFO     0[main] - br.com.jro.developer.tools.commands.CommandHelp.printHelp(CommandHelp.java:34) - -d to print recursive path files : example -d <path_name> : directory name
[2011-08-06 21:45:03,515] INFO     0[main] - br.com.jro.developer.tools.commands.CommandHelp.printHelp(CommandHelp.java:35) - -h to read help
[2011-08-06 21:45:03,530] INFO    15[main] - br.com.jro.developer.tools.commands.CommandHelp.printHelp(CommandHelp.java:36) - -m to read a recursive txt files into directory (will merge) : example -m : merge text files in log file<path_name> : directory name<extension> : extension of files will merge - example .txt, .sql, .java, etc<encoding> : for example: encoding are ISO-8859-1 to portuguese, UTF-8 to english, etc)
[2011-08-06 21:45:03,530] INFO    15[main] - br.com.jro.developer.tools.Main.printArgs(Main.java:25) - command ..: []
[2011-08-06 21:45:03,530]ERROR    15[main] - br.com.jro.developer.tools.Main.main(Main.java:19) - 
java.lang.NullPointerException
	at br.com.jro.developer.tools.PromptCommand.command(PromptCommand.java:66)
	at br.com.jro.developer.tools.PromptCommand.execute(PromptCommand.java:37)
	at br.com.jro.developer.tools.Main.main(Main.java:17)
	at br.com.jro.developer.tools.MainTest.testMain(MainTest.java:68)
	at sun.reflect.NativeMethodAccessorImpl.invoke0(Native Method)
	at sun.reflect.NativeMethodAccessorImpl.invoke(NativeMethodAccessorImpl.java:39)
	at sun.reflect.DelegatingMethodAccessorImpl.invoke(DelegatingMethodAccessorImpl.java:25)
	at java.lang.reflect.Method.invoke(Method.java:597)
	at org.junit.runners.model.FrameworkMethod$1.runReflectiveCall(FrameworkMethod.java:44)
	at org.junit.internal.runners.model.ReflectiveCallable.run(ReflectiveCallable.java:15)
	at org.junit.runners.model.FrameworkMethod.invokeExplosively(FrameworkMethod.java:41)
	at org.junit.internal.runners.statements.InvokeMethod.evaluate(InvokeMethod.java:20)
	at org.junit.internal.runners.statements.RunBefores.evaluate(RunBefores.java:28)
	at org.junit.internal.runners.statements.RunAfters.evaluate(RunAfters.java:31)
	at org.junit.runners.BlockJUnit4ClassRunner.runNotIgnored(BlockJUnit4ClassRunner.java:79)
	at org.junit.runners.BlockJUnit4ClassRunner.runChild(BlockJUnit4ClassRunner.java:71)
	at org.junit.runners.BlockJUnit4ClassRunner.runChild(BlockJUnit4ClassRunner.java:49)
	at org.junit.runners.ParentRunner$3.run(ParentRunner.java:193)
	at org.junit.runners.ParentRunner$1.schedule(ParentRunner.java:52)
	at org.junit.runners.ParentRunner.runChildren(ParentRunner.java:191)
	at org.junit.runners.ParentRunner.access$000(ParentRunner.java:42)
	at org.junit.runners.ParentRunner$2.evaluate(ParentRunner.java:184)
	at org.junit.internal.runners.statements.RunBefores.evaluate(RunBefores.java:28)
	at org.junit.internal.runners.statements.RunAfters.evaluate(RunAfters.java:31)
	at org.junit.runners.ParentRunner.run(ParentRunner.java:236)
	at org.eclipse.jdt.internal.junit4.runner.JUnit4TestReference.run(JUnit4TestReference.java:50)
	at org.eclipse.jdt.internal.junit.runner.TestExecution.run(TestExecution.java:38)
	at org.eclipse.jdt.internal.junit.runner.RemoteTestRunner.runTests(RemoteTestRunner.java:467)
	at org.eclipse.jdt.internal.junit.runner.RemoteTestRunner.runTests(RemoteTestRunner.java:683)
	at org.eclipse.jdt.internal.junit.runner.RemoteTestRunner.run(RemoteTestRunner.java:390)
	at org.eclipse.jdt.internal.junit.runner.RemoteTestRunner.main(RemoteTestRunner.java:197)
[2011-08-06 21:45:03,530] INFO    15[main] - br.com.jro.developer.tools.Main.printArgs(Main.java:25) - command ..: [-d]
[2011-08-06 21:45:03,530]ERROR    15[main] - br.com.jro.developer.tools.Main.main(Main.java:19) - 1
java.lang.ArrayIndexOutOfBoundsException: 1
	at br.com.jro.developer.tools.commands.CommandListFiles.listFilesByPath(CommandListFiles.java:14)
	at br.com.jro.developer.tools.commands.CommandListFiles.execute(CommandListFiles.java:11)
	at br.com.jro.developer.tools.PromptCommand.command(PromptCommand.java:69)
	at br.com.jro.developer.tools.PromptCommand.execute(PromptCommand.java:37)
	at br.com.jro.developer.tools.Main.main(Main.java:17)
	at br.com.jro.developer.tools.MainTest.testMain(MainTest.java:68)
	at sun.reflect.NativeMethodAccessorImpl.invoke0(Native Method)
	at sun.reflect.NativeMethodAccessorImpl.invoke(NativeMethodAccessorImpl.java:39)
	at sun.reflect.DelegatingMethodAccessorImpl.invoke(DelegatingMethodAccessorImpl.java:25)
	at java.lang.reflect.Method.invoke(Method.java:597)
	at org.junit.runners.model.FrameworkMethod$1.runReflectiveCall(FrameworkMethod.java:44)
	at org.junit.internal.runners.model.ReflectiveCallable.run(ReflectiveCallable.java:15)
	at org.junit.runners.model.FrameworkMethod.invokeExplosively(FrameworkMethod.java:41)
	at org.junit.internal.runners.statements.InvokeMethod.evaluate(InvokeMethod.java:20)
	at org.junit.internal.runners.statements.RunBefores.evaluate(RunBefores.java:28)
	at org.junit.internal.runners.statements.RunAfters.evaluate(RunAfters.java:31)
	at org.junit.runners.BlockJUnit4ClassRunner.runNotIgnored(BlockJUnit4ClassRunner.java:79)
	at org.junit.runners.BlockJUnit4ClassRunner.runChild(BlockJUnit4ClassRunner.java:71)
	at org.junit.runners.BlockJUnit4ClassRunner.runChild(BlockJUnit4ClassRunner.java:49)
	at org.junit.runners.ParentRunner$3.run(ParentRunner.java:193)
	at org.junit.runners.ParentRunner$1.schedule(ParentRunner.java:52)
	at org.junit.runners.ParentRunner.runChildren(ParentRunner.java:191)
	at org.junit.runners.ParentRunner.access$000(ParentRunner.java:42)
	at org.junit.runners.ParentRunner$2.evaluate(ParentRunner.java:184)
	at org.junit.internal.runners.statements.RunBefores.evaluate(RunBefores.java:28)
	at org.junit.internal.runners.statements.RunAfters.evaluate(RunAfters.java:31)
	at org.junit.runners.ParentRunner.run(ParentRunner.java:236)
	at org.eclipse.jdt.internal.junit4.runner.JUnit4TestReference.run(JUnit4TestReference.java:50)
	at org.eclipse.jdt.internal.junit.runner.TestExecution.run(TestExecution.java:38)
	at org.eclipse.jdt.internal.junit.runner.RemoteTestRunner.runTests(RemoteTestRunner.java:467)
	at org.eclipse.jdt.internal.junit.runner.RemoteTestRunner.runTests(RemoteTestRunner.java:683)
	at org.eclipse.jdt.internal.junit.runner.RemoteTestRunner.run(RemoteTestRunner.java:390)
	at org.eclipse.jdt.internal.junit.runner.RemoteTestRunner.main(RemoteTestRunner.java:197)
[2011-08-06 21:45:03,530] INFO    15[main] - br.com.jro.developer.tools.Main.printArgs(Main.java:25) - command ..: []
[2011-08-06 21:45:03,546] INFO    31[main] - br.com.jro.developer.tools.Main.printArgs(Main.java:25) - command ..: [-r]
[2011-08-06 21:45:03,546] INFO    31[main] - br.com.jro.developer.tools.PromptCommand.execute(PromptCommand.java:34) - Parameter <-r> not found.
[2011-08-06 21:45:03,546] INFO    31[main] - br.com.jro.developer.tools.Main.printArgs(Main.java:25) - command ..: [-r, -r]
[2011-08-06 21:45:03,546] INFO    31[main] - br.com.jro.developer.tools.PromptCommand.execute(PromptCommand.java:34) - Parameter <-r> not found.
[2011-08-06 21:45:03,546] INFO    31[main] - br.com.jro.developer.tools.Main.printArgs(Main.java:25) - command ..: [-d]
[2011-08-06 21:45:03,546]ERROR    31[main] - br.com.jro.developer.tools.Main.main(Main.java:19) - 1
java.lang.ArrayIndexOutOfBoundsException: 1
	at br.com.jro.developer.tools.commands.CommandListFiles.listFilesByPath(CommandListFiles.java:14)
	at br.com.jro.developer.tools.commands.CommandListFiles.execute(CommandListFiles.java:11)
	at br.com.jro.developer.tools.PromptCommand.command(PromptCommand.java:69)
	at br.com.jro.developer.tools.PromptCommand.execute(PromptCommand.java:37)
	at br.com.jro.developer.tools.Main.main(Main.java:17)
	at br.com.jro.developer.tools.MainTest.testMain(MainTest.java:68)
	at sun.reflect.NativeMethodAccessorImpl.invoke0(Native Method)
	at sun.reflect.NativeMethodAccessorImpl.invoke(NativeMethodAccessorImpl.java:39)
	at sun.reflect.DelegatingMethodAccessorImpl.invoke(DelegatingMethodAccessorImpl.java:25)
	at java.lang.reflect.Method.invoke(Method.java:597)
	at org.junit.runners.model.FrameworkMethod$1.runReflectiveCall(FrameworkMethod.java:44)
	at org.junit.internal.runners.model.ReflectiveCallable.run(ReflectiveCallable.java:15)
	at org.junit.runners.model.FrameworkMethod.invokeExplosively(FrameworkMethod.java:41)
	at org.junit.internal.runners.statements.InvokeMethod.evaluate(InvokeMethod.java:20)
	at org.junit.internal.runners.statements.RunBefores.evaluate(RunBefores.java:28)
	at org.junit.internal.runners.statements.RunAfters.evaluate(RunAfters.java:31)
	at org.junit.runners.BlockJUnit4ClassRunner.runNotIgnored(BlockJUnit4ClassRunner.java:79)
	at org.junit.runners.BlockJUnit4ClassRunner.runChild(BlockJUnit4ClassRunner.java:71)
	at org.junit.runners.BlockJUnit4ClassRunner.runChild(BlockJUnit4ClassRunner.java:49)
	at org.junit.runners.ParentRunner$3.run(ParentRunner.java:193)
	at org.junit.runners.ParentRunner$1.schedule(ParentRunner.java:52)
	at org.junit.runners.ParentRunner.runChildren(ParentRunner.java:191)
	at org.junit.runners.ParentRunner.access$000(ParentRunner.java:42)
	at org.junit.runners.ParentRunner$2.evaluate(ParentRunner.java:184)
	at org.junit.internal.runners.statements.RunBefores.evaluate(RunBefores.java:28)
	at org.junit.internal.runners.statements.RunAfters.evaluate(RunAfters.java:31)
	at org.junit.runners.ParentRunner.run(ParentRunner.java:236)
	at org.eclipse.jdt.internal.junit4.runner.JUnit4TestReference.run(JUnit4TestReference.java:50)
	at org.eclipse.jdt.internal.junit.runner.TestExecution.run(TestExecution.java:38)
	at org.eclipse.jdt.internal.junit.runner.RemoteTestRunner.runTests(RemoteTestRunner.java:467)
	at org.eclipse.jdt.internal.junit.runner.RemoteTestRunner.runTests(RemoteTestRunner.java:683)
	at org.eclipse.jdt.internal.junit.runner.RemoteTestRunner.run(RemoteTestRunner.java:390)
	at org.eclipse.jdt.internal.junit.runner.RemoteTestRunner.main(RemoteTestRunner.java:197)
[2011-08-06 21:45:03,546] INFO    31[main] - br.com.jro.developer.tools.Main.printArgs(Main.java:25) - command ..: [-d]
[2011-08-06 21:45:03,546]ERROR    31[main] - br.com.jro.developer.tools.Main.main(Main.java:19) - 1
java.lang.ArrayIndexOutOfBoundsException: 1
	at br.com.jro.developer.tools.commands.CommandListFiles.listFilesByPath(CommandListFiles.java:14)
	at br.com.jro.developer.tools.commands.CommandListFiles.execute(CommandListFiles.java:11)
	at br.com.jro.developer.tools.PromptCommand.command(PromptCommand.java:69)
	at br.com.jro.developer.tools.PromptCommand.execute(PromptCommand.java:37)
	at br.com.jro.developer.tools.Main.main(Main.java:17)
	at br.com.jro.developer.tools.MainTest.testMain(MainTest.java:68)
	at sun.reflect.NativeMethodAccessorImpl.invoke0(Native Method)
	at sun.reflect.NativeMethodAccessorImpl.invoke(NativeMethodAccessorImpl.java:39)
	at sun.reflect.DelegatingMethodAccessorImpl.invoke(DelegatingMethodAccessorImpl.java:25)
	at java.lang.reflect.Method.invoke(Method.java:597)
	at org.junit.runners.model.FrameworkMethod$1.runReflectiveCall(FrameworkMethod.java:44)
	at org.junit.internal.runners.model.ReflectiveCallable.run(ReflectiveCallable.java:15)
	at org.junit.runners.model.FrameworkMethod.invokeExplosively(FrameworkMethod.java:41)
	at org.junit.internal.runners.statements.InvokeMethod.evaluate(InvokeMethod.java:20)
	at org.junit.internal.runners.statements.RunBefores.evaluate(RunBefores.java:28)
	at org.junit.internal.runners.statements.RunAfters.evaluate(RunAfters.java:31)
	at org.junit.runners.BlockJUnit4ClassRunner.runNotIgnored(BlockJUnit4ClassRunner.java:79)
	at org.junit.runners.BlockJUnit4ClassRunner.runChild(BlockJUnit4ClassRunner.java:71)
	at org.junit.runners.BlockJUnit4ClassRunner.runChild(BlockJUnit4ClassRunner.java:49)
	at org.junit.runners.ParentRunner$3.run(ParentRunner.java:193)
	at org.junit.runners.ParentRunner$1.schedule(ParentRunner.java:52)
	at org.junit.runners.ParentRunner.runChildren(ParentRunner.java:191)
	at org.junit.runners.ParentRunner.access$000(ParentRunner.java:42)
	at org.junit.runners.ParentRunner$2.evaluate(ParentRunner.java:184)
	at org.junit.internal.runners.statements.RunBefores.evaluate(RunBefores.java:28)
	at org.junit.internal.runners.statements.RunAfters.evaluate(RunAfters.java:31)
	at org.junit.runners.ParentRunner.run(ParentRunner.java:236)
	at org.eclipse.jdt.internal.junit4.runner.JUnit4TestReference.run(JUnit4TestReference.java:50)
	at org.eclipse.jdt.internal.junit.runner.TestExecution.run(TestExecution.java:38)
	at org.eclipse.jdt.internal.junit.runner.RemoteTestRunner.runTests(RemoteTestRunner.java:467)
	at org.eclipse.jdt.internal.junit.runner.RemoteTestRunner.runTests(RemoteTestRunner.java:683)
	at org.eclipse.jdt.internal.junit.runner.RemoteTestRunner.run(RemoteTestRunner.java:390)
	at org.eclipse.jdt.internal.junit.runner.RemoteTestRunner.main(RemoteTestRunner.java:197)
[2011-08-06 21:45:03,562] INFO    47[main] - br.com.jro.developer.tools.Main.printArgs(Main.java:25) - command ..: [-d, C:/test_false]
[2011-08-06 21:45:03,562] INFO    47[main] - br.com.jro.developer.tools.Main.printArgs(Main.java:25) - command ..: [-d, C:\test_false]
[2011-08-06 21:45:03,562] INFO    47[main] - br.com.jro.developer.tools.Main.printArgs(Main.java:25) - command ..: [-d, C:\ftp]
[2011-08-06 21:45:03,562] INFO    47[main] - br.com.jro.developer.tools.Main.printArgs(Main.java:25) - command ..: [-d, null]
[2011-08-06 21:45:03,562] INFO    47[main] - br.com.jro.developer.tools.Main.printArgs(Main.java:25) - command ..: [C:\ftp]
[2011-08-06 21:45:03,562] INFO    47[main] - br.com.jro.developer.tools.PromptCommand.execute(PromptCommand.java:34) - Parameter <C:\ftp> not found.
[2011-08-06 21:45:03,562] INFO    47[main] - br.com.jro.developer.tools.Main.printArgs(Main.java:25) - command ..: [-m, C:\temp, .txt]
[2011-08-06 21:45:18,974] INFO 15459[main] - br.com.jro.developer.tools.commands.CommandMerge.execute(CommandMerge.java:30) - vvvvvv
vvv
vv
vv
vv
testes

testes

[2011-08-06 21:45:18,974] INFO 15459[main] - br.com.jro.developer.tools.Main.printArgs(Main.java:25) - command ..: [-m, C:\temp, .txt, ISO-8859-1]
[2011-08-06 21:45:33,374] INFO 29859[main] - br.com.jro.developer.tools.commands.CommandMerge.execute(CommandMerge.java:30) - vvvvvv
vvv
vv
vv
vv
testes

testes

[2011-08-06 21:45:55,045] INFO     0[main] - br.com.jro.developer.tools.Main.printArgs(Main.java:25) - command ..: []
[2011-08-06 21:56:18,297]ERROR891778[main] - br.com.jro.developer.tools.Main.main(Main.java:19) - 3
java.lang.ArrayIndexOutOfBoundsException: 3
	at br.com.jro.developer.tools.commands.CommandMerge.execute(CommandMerge.java:23)
	at br.com.jro.developer.tools.PromptCommand.command(PromptCommand.java:69)
	at br.com.jro.developer.tools.PromptCommand.execute(PromptCommand.java:37)
	at br.com.jro.developer.tools.Main.main(Main.java:17)
	at br.com.jro.developer.tools.MainTest.testMain(MainTest.java:68)
	at sun.reflect.NativeMethodAccessorImpl.invoke0(Native Method)
	at sun.reflect.NativeMethodAccessorImpl.invoke(NativeMethodAccessorImpl.java:39)
	at sun.reflect.DelegatingMethodAccessorImpl.invoke(DelegatingMethodAccessorImpl.java:25)
	at java.lang.reflect.Method.invoke(Method.java:597)
	at org.junit.runners.model.FrameworkMethod$1.runReflectiveCall(FrameworkMethod.java:44)
	at org.junit.internal.runners.model.ReflectiveCallable.run(ReflectiveCallable.java:15)
	at org.junit.runners.model.FrameworkMethod.invokeExplosively(FrameworkMethod.java:41)
	at org.junit.internal.runners.statements.InvokeMethod.evaluate(InvokeMethod.java:20)
	at org.junit.internal.runners.statements.RunBefores.evaluate(RunBefores.java:28)
	at org.junit.internal.runners.statements.RunAfters.evaluate(RunAfters.java:31)
	at org.junit.runners.BlockJUnit4ClassRunner.runNotIgnored(BlockJUnit4ClassRunner.java:79)
	at org.junit.runners.BlockJUnit4ClassRunner.runChild(BlockJUnit4ClassRunner.java:71)
	at org.junit.runners.BlockJUnit4ClassRunner.runChild(BlockJUnit4ClassRunner.java:49)
	at org.junit.runners.ParentRunner$3.run(ParentRunner.java:193)
	at org.junit.runners.ParentRunner$1.schedule(ParentRunner.java:52)
	at org.junit.runners.ParentRunner.runChildren(ParentRunner.java:191)
	at org.junit.runners.ParentRunner.access$000(ParentRunner.java:42)
	at org.junit.runners.ParentRunner$2.evaluate(ParentRunner.java:184)
	at org.junit.internal.runners.statements.RunBefores.evaluate(RunBefores.java:28)
	at org.junit.internal.runners.statements.RunAfters.evaluate(RunAfters.java:31)
	at org.junit.runners.ParentRunner.run(ParentRunner.java:236)
	at org.eclipse.jdt.internal.junit4.runner.JUnit4TestReference.run(JUnit4TestReference.java:50)
	at org.eclipse.jdt.internal.junit.runner.TestExecution.run(TestExecution.java:38)
	at org.eclipse.jdt.internal.junit.runner.RemoteTestRunner.runTests(RemoteTestRunner.java:467)
	at org.eclipse.jdt.internal.junit.runner.RemoteTestRunner.runTests(RemoteTestRunner.java:683)
	at org.eclipse.jdt.internal.junit.runner.RemoteTestRunner.run(RemoteTestRunner.java:390)
	at org.eclipse.jdt.internal.junit.runner.RemoteTestRunner.main(RemoteTestRunner.java:197)
[2011-08-06 21:56:19,764] INFO893245[main] - br.com.jro.developer.tools.Main.printArgs(Main.java:25) - command ..: [-m, C:\temp, txt, ISO-8859-1]
[2011-08-06 21:56:25,834] INFO899315[main] - br.com.jro.developer.tools.commands.CommandMerge.execute(CommandMerge.java:28) - 
[2011-08-06 21:56:51,700] INFO884527[main] - br.com.jro.developer.tools.commands.CommandMerge.execute(CommandMerge.java:28) - 
[2011-08-06 21:56:51,700] INFO884527[main] - br.com.jro.developer.tools.Main.printArgs(Main.java:25) - command ..: [-m, C:\temp, txt, ISO-8859-1]
[2011-08-06 21:56:51,700] INFO884527[main] - br.com.jro.developer.tools.commands.CommandMerge.execute(CommandMerge.java:28) - 
[2011-08-06 21:56:58,659] INFO     0[main] - br.com.jro.developer.tools.Main.printArgs(Main.java:27) - command ..: null
[2011-08-06 21:56:58,659] INFO     0[main] - br.com.jro.developer.tools.Main.printArgs(Main.java:25) - command ..: [-h]
[2011-08-06 21:56:58,659] INFO     0[main] - br.com.jro.developer.tools.commands.CommandHelp.printHelp(CommandHelp.java:18) - TOOLS TO FACILITY A DEVELOPER STEPS.
[2011-08-06 21:56:58,659] INFO     0[main] - br.com.jro.developer.tools.commands.CommandHelp.printHelp(CommandHelp.java:20) - author ...: Jairo de Almeida. since 12 abril 2010. version 1.1
||.........## --.#.......|
||.........   #  # ......|
||.........     *  ......|
||........     -^........|
||.....##\        .......|
||....#####     /###.....|
||....########\ \((#.....|
||..####,   ))/ ##.......|
||..#####      '####.....|
||..#####\____/#####.....|
||...######..######......|
||.....""""  """"........|

[2011-08-06 21:56:58,659] INFO     0[main] - br.com.jro.developer.tools.commands.CommandHelp.printHelp(CommandHelp.java:33) - COMANDS ...
[2011-08-06 21:56:58,675] INFO    16[main] - br.com.jro.developer.tools.commands.CommandHelp.printHelp(CommandHelp.java:34) - -d to print recursive path files : example -d <path_name> : directory name
[2011-08-06 21:56:58,675] INFO    16[main] - br.com.jro.developer.tools.commands.CommandHelp.printHelp(CommandHelp.java:35) - -h to read help
[2011-08-06 21:56:58,675] INFO    16[main] - br.com.jro.developer.tools.commands.CommandHelp.printHelp(CommandHelp.java:36) - -m to read a recursive txt files into directory (will merge) : example -m : merge text files in log file<path_name> : directory name<extension> : extension of files will merge - example .txt, .sql, .java, etc<encoding> : for example: encoding are ISO-8859-1 to portuguese, UTF-8 to english, etc)
[2011-08-06 21:56:58,675] INFO    16[main] - br.com.jro.developer.tools.Main.printArgs(Main.java:25) - command ..: []
[2011-08-06 21:56:58,675]ERROR    16[main] - br.com.jro.developer.tools.Main.main(Main.java:19) - 
java.lang.NullPointerException
	at br.com.jro.developer.tools.PromptCommand.command(PromptCommand.java:66)
	at br.com.jro.developer.tools.PromptCommand.execute(PromptCommand.java:37)
	at br.com.jro.developer.tools.Main.main(Main.java:17)
	at br.com.jro.developer.tools.MainTest.testMain(MainTest.java:68)
	at sun.reflect.NativeMethodAccessorImpl.invoke0(Native Method)
	at sun.reflect.NativeMethodAccessorImpl.invoke(NativeMethodAccessorImpl.java:39)
	at sun.reflect.DelegatingMethodAccessorImpl.invoke(DelegatingMethodAccessorImpl.java:25)
	at java.lang.reflect.Method.invoke(Method.java:597)
	at org.junit.runners.model.FrameworkMethod$1.runReflectiveCall(FrameworkMethod.java:44)
	at org.junit.internal.runners.model.ReflectiveCallable.run(ReflectiveCallable.java:15)
	at org.junit.runners.model.FrameworkMethod.invokeExplosively(FrameworkMethod.java:41)
	at org.junit.internal.runners.statements.InvokeMethod.evaluate(InvokeMethod.java:20)
	at org.junit.internal.runners.statements.RunBefores.evaluate(RunBefores.java:28)
	at org.junit.internal.runners.statements.RunAfters.evaluate(RunAfters.java:31)
	at org.junit.runners.BlockJUnit4ClassRunner.runNotIgnored(BlockJUnit4ClassRunner.java:79)
	at org.junit.runners.BlockJUnit4ClassRunner.runChild(BlockJUnit4ClassRunner.java:71)
	at org.junit.runners.BlockJUnit4ClassRunner.runChild(BlockJUnit4ClassRunner.java:49)
	at org.junit.runners.ParentRunner$3.run(ParentRunner.java:193)
	at org.junit.runners.ParentRunner$1.schedule(ParentRunner.java:52)
	at org.junit.runners.ParentRunner.runChildren(ParentRunner.java:191)
	at org.junit.runners.ParentRunner.access$000(ParentRunner.java:42)
	at org.junit.runners.ParentRunner$2.evaluate(ParentRunner.java:184)
	at org.junit.internal.runners.statements.RunBefores.evaluate(RunBefores.java:28)
	at org.junit.internal.runners.statements.RunAfters.evaluate(RunAfters.java:31)
	at org.junit.runners.ParentRunner.run(ParentRunner.java:236)
	at org.eclipse.jdt.internal.junit4.runner.JUnit4TestReference.run(JUnit4TestReference.java:50)
	at org.eclipse.jdt.internal.junit.runner.TestExecution.run(TestExecution.java:38)
	at org.eclipse.jdt.internal.junit.runner.RemoteTestRunner.runTests(RemoteTestRunner.java:467)
	at org.eclipse.jdt.internal.junit.runner.RemoteTestRunner.runTests(RemoteTestRunner.java:683)
	at org.eclipse.jdt.internal.junit.runner.RemoteTestRunner.run(RemoteTestRunner.java:390)
	at org.eclipse.jdt.internal.junit.runner.RemoteTestRunner.main(RemoteTestRunner.java:197)
[2011-08-06 21:56:58,690] INFO    31[main] - br.com.jro.developer.tools.Main.printArgs(Main.java:25) - command ..: [-d]
[2011-08-06 21:56:58,690]ERROR    31[main] - br.com.jro.developer.tools.Main.main(Main.java:19) - 1
java.lang.ArrayIndexOutOfBoundsException: 1
	at br.com.jro.developer.tools.commands.CommandListFiles.listFilesByPath(CommandListFiles.java:14)
	at br.com.jro.developer.tools.commands.CommandListFiles.execute(CommandListFiles.java:11)
	at br.com.jro.developer.tools.PromptCommand.command(PromptCommand.java:69)
	at br.com.jro.developer.tools.PromptCommand.execute(PromptCommand.java:37)
	at br.com.jro.developer.tools.Main.main(Main.java:17)
	at br.com.jro.developer.tools.MainTest.testMain(MainTest.java:68)
	at sun.reflect.NativeMethodAccessorImpl.invoke0(Native Method)
	at sun.reflect.NativeMethodAccessorImpl.invoke(NativeMethodAccessorImpl.java:39)
	at sun.reflect.DelegatingMethodAccessorImpl.invoke(DelegatingMethodAccessorImpl.java:25)
	at java.lang.reflect.Method.invoke(Method.java:597)
	at org.junit.runners.model.FrameworkMethod$1.runReflectiveCall(FrameworkMethod.java:44)
	at org.junit.internal.runners.model.ReflectiveCallable.run(ReflectiveCallable.java:15)
	at org.junit.runners.model.FrameworkMethod.invokeExplosively(FrameworkMethod.java:41)
	at org.junit.internal.runners.statements.InvokeMethod.evaluate(InvokeMethod.java:20)
	at org.junit.internal.runners.statements.RunBefores.evaluate(RunBefores.java:28)
	at org.junit.internal.runners.statements.RunAfters.evaluate(RunAfters.java:31)
	at org.junit.runners.BlockJUnit4ClassRunner.runNotIgnored(BlockJUnit4ClassRunner.java:79)
	at org.junit.runners.BlockJUnit4ClassRunner.runChild(BlockJUnit4ClassRunner.java:71)
	at org.junit.runners.BlockJUnit4ClassRunner.runChild(BlockJUnit4ClassRunner.java:49)
	at org.junit.runners.ParentRunner$3.run(ParentRunner.java:193)
	at org.junit.runners.ParentRunner$1.schedule(ParentRunner.java:52)
	at org.junit.runners.ParentRunner.runChildren(ParentRunner.java:191)
	at org.junit.runners.ParentRunner.access$000(ParentRunner.java:42)
	at org.junit.runners.ParentRunner$2.evaluate(ParentRunner.java:184)
	at org.junit.internal.runners.statements.RunBefores.evaluate(RunBefores.java:28)
	at org.junit.internal.runners.statements.RunAfters.evaluate(RunAfters.java:31)
	at org.junit.runners.ParentRunner.run(ParentRunner.java:236)
	at org.eclipse.jdt.internal.junit4.runner.JUnit4TestReference.run(JUnit4TestReference.java:50)
	at org.eclipse.jdt.internal.junit.runner.TestExecution.run(TestExecution.java:38)
	at org.eclipse.jdt.internal.junit.runner.RemoteTestRunner.runTests(RemoteTestRunner.java:467)
	at org.eclipse.jdt.internal.junit.runner.RemoteTestRunner.runTests(RemoteTestRunner.java:683)
	at org.eclipse.jdt.internal.junit.runner.RemoteTestRunner.run(RemoteTestRunner.java:390)
	at org.eclipse.jdt.internal.junit.runner.RemoteTestRunner.main(RemoteTestRunner.java:197)
[2011-08-06 21:56:58,690] INFO    31[main] - br.com.jro.developer.tools.Main.printArgs(Main.java:25) - command ..: []
[2011-08-06 21:56:58,690] INFO    31[main] - br.com.jro.developer.tools.Main.printArgs(Main.java:25) - command ..: [-r]
[2011-08-06 21:56:58,690] INFO    31[main] - br.com.jro.developer.tools.PromptCommand.execute(PromptCommand.java:34) - Parameter <-r> not found.
[2011-08-06 21:56:58,690] INFO    31[main] - br.com.jro.developer.tools.Main.printArgs(Main.java:25) - command ..: [-r, -r]
[2011-08-06 21:56:58,690] INFO    31[main] - br.com.jro.developer.tools.PromptCommand.execute(PromptCommand.java:34) - Parameter <-r> not found.
[2011-08-06 21:56:58,690] INFO    31[main] - br.com.jro.developer.tools.Main.printArgs(Main.java:25) - command ..: [-d]
[2011-08-06 21:56:58,706]ERROR    47[main] - br.com.jro.developer.tools.Main.main(Main.java:19) - 1
java.lang.ArrayIndexOutOfBoundsException: 1
	at br.com.jro.developer.tools.commands.CommandListFiles.listFilesByPath(CommandListFiles.java:14)
	at br.com.jro.developer.tools.commands.CommandListFiles.execute(CommandListFiles.java:11)
	at br.com.jro.developer.tools.PromptCommand.command(PromptCommand.java:69)
	at br.com.jro.developer.tools.PromptCommand.execute(PromptCommand.java:37)
	at br.com.jro.developer.tools.Main.main(Main.java:17)
	at br.com.jro.developer.tools.MainTest.testMain(MainTest.java:68)
	at sun.reflect.NativeMethodAccessorImpl.invoke0(Native Method)
	at sun.reflect.NativeMethodAccessorImpl.invoke(NativeMethodAccessorImpl.java:39)
	at sun.reflect.DelegatingMethodAccessorImpl.invoke(DelegatingMethodAccessorImpl.java:25)
	at java.lang.reflect.Method.invoke(Method.java:597)
	at org.junit.runners.model.FrameworkMethod$1.runReflectiveCall(FrameworkMethod.java:44)
	at org.junit.internal.runners.model.ReflectiveCallable.run(ReflectiveCallable.java:15)
	at org.junit.runners.model.FrameworkMethod.invokeExplosively(FrameworkMethod.java:41)
	at org.junit.internal.runners.statements.InvokeMethod.evaluate(InvokeMethod.java:20)
	at org.junit.internal.runners.statements.RunBefores.evaluate(RunBefores.java:28)
	at org.junit.internal.runners.statements.RunAfters.evaluate(RunAfters.java:31)
	at org.junit.runners.BlockJUnit4ClassRunner.runNotIgnored(BlockJUnit4ClassRunner.java:79)
	at org.junit.runners.BlockJUnit4ClassRunner.runChild(BlockJUnit4ClassRunner.java:71)
	at org.junit.runners.BlockJUnit4ClassRunner.runChild(BlockJUnit4ClassRunner.java:49)
	at org.junit.runners.ParentRunner$3.run(ParentRunner.java:193)
	at org.junit.runners.ParentRunner$1.schedule(ParentRunner.java:52)
	at org.junit.runners.ParentRunner.runChildren(ParentRunner.java:191)
	at org.junit.runners.ParentRunner.access$000(ParentRunner.java:42)
	at org.junit.runners.ParentRunner$2.evaluate(ParentRunner.java:184)
	at org.junit.internal.runners.statements.RunBefores.evaluate(RunBefores.java:28)
	at org.junit.internal.runners.statements.RunAfters.evaluate(RunAfters.java:31)
	at org.junit.runners.ParentRunner.run(ParentRunner.java:236)
	at org.eclipse.jdt.internal.junit4.runner.JUnit4TestReference.run(JUnit4TestReference.java:50)
	at org.eclipse.jdt.internal.junit.runner.TestExecution.run(TestExecution.java:38)
	at org.eclipse.jdt.internal.junit.runner.RemoteTestRunner.runTests(RemoteTestRunner.java:467)
	at org.eclipse.jdt.internal.junit.runner.RemoteTestRunner.runTests(RemoteTestRunner.java:683)
	at org.eclipse.jdt.internal.junit.runner.RemoteTestRunner.run(RemoteTestRunner.java:390)
	at org.eclipse.jdt.internal.junit.runner.RemoteTestRunner.main(RemoteTestRunner.java:197)
[2011-08-06 21:56:58,706] INFO    47[main] - br.com.jro.developer.tools.Main.printArgs(Main.java:25) - command ..: [-d]
[2011-08-06 21:56:58,706]ERROR    47[main] - br.com.jro.developer.tools.Main.main(Main.java:19) - 1
java.lang.ArrayIndexOutOfBoundsException: 1
	at br.com.jro.developer.tools.commands.CommandListFiles.listFilesByPath(CommandListFiles.java:14)
	at br.com.jro.developer.tools.commands.CommandListFiles.execute(CommandListFiles.java:11)
	at br.com.jro.developer.tools.PromptCommand.command(PromptCommand.java:69)
	at br.com.jro.developer.tools.PromptCommand.execute(PromptCommand.java:37)
	at br.com.jro.developer.tools.Main.main(Main.java:17)
	at br.com.jro.developer.tools.MainTest.testMain(MainTest.java:68)
	at sun.reflect.NativeMethodAccessorImpl.invoke0(Native Method)
	at sun.reflect.NativeMethodAccessorImpl.invoke(NativeMethodAccessorImpl.java:39)
	at sun.reflect.DelegatingMethodAccessorImpl.invoke(DelegatingMethodAccessorImpl.java:25)
	at java.lang.reflect.Method.invoke(Method.java:597)
	at org.junit.runners.model.FrameworkMethod$1.runReflectiveCall(FrameworkMethod.java:44)
	at org.junit.internal.runners.model.ReflectiveCallable.run(ReflectiveCallable.java:15)
	at org.junit.runners.model.FrameworkMethod.invokeExplosively(FrameworkMethod.java:41)
	at org.junit.internal.runners.statements.InvokeMethod.evaluate(InvokeMethod.java:20)
	at org.junit.internal.runners.statements.RunBefores.evaluate(RunBefores.java:28)
	at org.junit.internal.runners.statements.RunAfters.evaluate(RunAfters.java:31)
	at org.junit.runners.BlockJUnit4ClassRunner.runNotIgnored(BlockJUnit4ClassRunner.java:79)
	at org.junit.runners.BlockJUnit4ClassRunner.runChild(BlockJUnit4ClassRunner.java:71)
	at org.junit.runners.BlockJUnit4ClassRunner.runChild(BlockJUnit4ClassRunner.java:49)
	at org.junit.runners.ParentRunner$3.run(ParentRunner.java:193)
	at org.junit.runners.ParentRunner$1.schedule(ParentRunner.java:52)
	at org.junit.runners.ParentRunner.runChildren(ParentRunner.java:191)
	at org.junit.runners.ParentRunner.access$000(ParentRunner.java:42)
	at org.junit.runners.ParentRunner$2.evaluate(ParentRunner.java:184)
	at org.junit.internal.runners.statements.RunBefores.evaluate(RunBefores.java:28)
	at org.junit.internal.runners.statements.RunAfters.evaluate(RunAfters.java:31)
	at org.junit.runners.ParentRunner.run(ParentRunner.java:236)
	at org.eclipse.jdt.internal.junit4.runner.JUnit4TestReference.run(JUnit4TestReference.java:50)
	at org.eclipse.jdt.internal.junit.runner.TestExecution.run(TestExecution.java:38)
	at org.eclipse.jdt.internal.junit.runner.RemoteTestRunner.runTests(RemoteTestRunner.java:467)
	at org.eclipse.jdt.internal.junit.runner.RemoteTestRunner.runTests(RemoteTestRunner.java:683)
	at org.eclipse.jdt.internal.junit.runner.RemoteTestRunner.run(RemoteTestRunner.java:390)
	at org.eclipse.jdt.internal.junit.runner.RemoteTestRunner.main(RemoteTestRunner.java:197)
[2011-08-06 21:56:58,722] INFO    63[main] - br.com.jro.developer.tools.Main.printArgs(Main.java:25) - command ..: [-d, C:/test_false]
[2011-08-06 21:56:58,722] INFO    63[main] - br.com.jro.developer.tools.Main.printArgs(Main.java:25) - command ..: [-d, C:\test_false]
[2011-08-06 21:56:58,722] INFO    63[main] - br.com.jro.developer.tools.Main.printArgs(Main.java:25) - command ..: [-d, C:\ftp]
[2011-08-06 21:56:58,722] INFO    63[main] - br.com.jro.developer.tools.Main.printArgs(Main.java:25) - command ..: [-d, null]
[2011-08-06 21:56:58,722] INFO    63[main] - br.com.jro.developer.tools.Main.printArgs(Main.java:25) - command ..: [C:\ftp]
[2011-08-06 21:56:58,722] INFO    63[main] - br.com.jro.developer.tools.PromptCommand.execute(PromptCommand.java:34) - Parameter <C:\ftp> not found.
[2011-08-06 21:56:58,722] INFO    63[main] - br.com.jro.developer.tools.Main.printArgs(Main.java:25) - command ..: [-m, C:\temp, .txt]
[2011-08-06 21:56:58,737] INFO    78[main] - br.com.jro.developer.tools.commands.CommandMerge.execute(CommandMerge.java:28) - vvvvvv
vvv
vv
vv
vv
testes

testes

[2011-08-06 21:56:58,737] INFO    78[main] - br.com.jro.developer.tools.Main.printArgs(Main.java:25) - command ..: [-m, C:\temp, .txt, ISO-8859-1]
[2011-08-06 21:56:58,737] INFO    78[main] - br.com.jro.developer.tools.commands.CommandMerge.execute(CommandMerge.java:28) - vvvvvv
vvv
vv
vv
vv
testes

testes

[2011-08-06 21:57:41,591] INFO920534[main] - br.com.jro.developer.tools.commands.CommandMerge.execute(CommandMerge.java:28) - 
[2011-08-06 21:57:41,591] INFO920534[main] - br.com.jro.developer.tools.Main.printArgs(Main.java:25) - command ..: [-m, C:\temp, txt, ISO-8859-1]
[2011-08-06 21:57:41,591] INFO920534[main] - br.com.jro.developer.tools.commands.CommandMerge.execute(CommandMerge.java:28) - 
[2011-08-06 21:57:57,023] INFO     0[main] - br.com.jro.developer.tools.Main.printArgs(Main.java:27) - command ..: null
[2011-08-06 21:57:57,023] INFO     0[main] - br.com.jro.developer.tools.Main.printArgs(Main.java:25) - command ..: [-h]
[2011-08-06 21:57:57,039] INFO    16[main] - br.com.jro.developer.tools.commands.CommandHelp.printHelp(CommandHelp.java:18) - TOOLS TO FACILITY A DEVELOPER STEPS.
[2011-08-06 21:57:57,039] INFO    16[main] - br.com.jro.developer.tools.commands.CommandHelp.printHelp(CommandHelp.java:20) - author ...: Jairo de Almeida. since 12 abril 2010. version 1.1
||.........## --.#.......|
||.........   #  # ......|
||.........     *  ......|
||........     -^........|
||.....##\        .......|
||....#####     /###.....|
||....########\ \((#.....|
||..####,   ))/ ##.......|
||..#####      '####.....|
||..#####\____/#####.....|
||...######..######......|
||.....""""  """"........|

[2011-08-06 21:57:57,039] INFO    16[main] - br.com.jro.developer.tools.commands.CommandHelp.printHelp(CommandHelp.java:33) - COMANDS ...
[2011-08-06 21:57:57,039] INFO    16[main] - br.com.jro.developer.tools.commands.CommandHelp.printHelp(CommandHelp.java:34) - -d to print recursive path files : example -d <path_name> : directory name
[2011-08-06 21:57:57,039] INFO    16[main] - br.com.jro.developer.tools.commands.CommandHelp.printHelp(CommandHelp.java:35) - -h to read help
[2011-08-06 21:57:57,039] INFO    16[main] - br.com.jro.developer.tools.commands.CommandHelp.printHelp(CommandHelp.java:36) - -m to read a recursive txt files into directory (will merge) : example -m : merge text files in log file<path_name> : directory name<extension> : extension of files will merge - example .txt, .sql, .java, etc<encoding> : for example: encoding are ISO-8859-1 to portuguese, UTF-8 to english, etc)
[2011-08-06 21:57:57,039] INFO    16[main] - br.com.jro.developer.tools.Main.printArgs(Main.java:25) - command ..: []
[2011-08-06 21:57:57,054]ERROR    31[main] - br.com.jro.developer.tools.Main.main(Main.java:19) - 
java.lang.NullPointerException
	at br.com.jro.developer.tools.PromptCommand.command(PromptCommand.java:66)
	at br.com.jro.developer.tools.PromptCommand.execute(PromptCommand.java:37)
	at br.com.jro.developer.tools.Main.main(Main.java:17)
	at br.com.jro.developer.tools.MainTest.testMain(MainTest.java:68)
	at sun.reflect.NativeMethodAccessorImpl.invoke0(Native Method)
	at sun.reflect.NativeMethodAccessorImpl.invoke(NativeMethodAccessorImpl.java:39)
	at sun.reflect.DelegatingMethodAccessorImpl.invoke(DelegatingMethodAccessorImpl.java:25)
	at java.lang.reflect.Method.invoke(Method.java:597)
	at org.junit.runners.model.FrameworkMethod$1.runReflectiveCall(FrameworkMethod.java:44)
	at org.junit.internal.runners.model.ReflectiveCallable.run(ReflectiveCallable.java:15)
	at org.junit.runners.model.FrameworkMethod.invokeExplosively(FrameworkMethod.java:41)
	at org.junit.internal.runners.statements.InvokeMethod.evaluate(InvokeMethod.java:20)
	at org.junit.internal.runners.statements.RunBefores.evaluate(RunBefores.java:28)
	at org.junit.internal.runners.statements.RunAfters.evaluate(RunAfters.java:31)
	at org.junit.runners.BlockJUnit4ClassRunner.runNotIgnored(BlockJUnit4ClassRunner.java:79)
	at org.junit.runners.BlockJUnit4ClassRunner.runChild(BlockJUnit4ClassRunner.java:71)
	at org.junit.runners.BlockJUnit4ClassRunner.runChild(BlockJUnit4ClassRunner.java:49)
	at org.junit.runners.ParentRunner$3.run(ParentRunner.java:193)
	at org.junit.runners.ParentRunner$1.schedule(ParentRunner.java:52)
	at org.junit.runners.ParentRunner.runChildren(ParentRunner.java:191)
	at org.junit.runners.ParentRunner.access$000(ParentRunner.java:42)
	at org.junit.runners.ParentRunner$2.evaluate(ParentRunner.java:184)
	at org.junit.internal.runners.statements.RunBefores.evaluate(RunBefores.java:28)
	at org.junit.internal.runners.statements.RunAfters.evaluate(RunAfters.java:31)
	at org.junit.runners.ParentRunner.run(ParentRunner.java:236)
	at org.eclipse.jdt.internal.junit4.runner.JUnit4TestReference.run(JUnit4TestReference.java:50)
	at org.eclipse.jdt.internal.junit.runner.TestExecution.run(TestExecution.java:38)
	at org.eclipse.jdt.internal.junit.runner.RemoteTestRunner.runTests(RemoteTestRunner.java:467)
	at org.eclipse.jdt.internal.junit.runner.RemoteTestRunner.runTests(RemoteTestRunner.java:683)
	at org.eclipse.jdt.internal.junit.runner.RemoteTestRunner.run(RemoteTestRunner.java:390)
	at org.eclipse.jdt.internal.junit.runner.RemoteTestRunner.main(RemoteTestRunner.java:197)
[2011-08-06 21:57:57,054] INFO    31[main] - br.com.jro.developer.tools.Main.printArgs(Main.java:25) - command ..: [-d]
[2011-08-06 21:57:57,054]ERROR    31[main] - br.com.jro.developer.tools.Main.main(Main.java:19) - 1
java.lang.ArrayIndexOutOfBoundsException: 1
	at br.com.jro.developer.tools.commands.CommandListFiles.listFilesByPath(CommandListFiles.java:14)
	at br.com.jro.developer.tools.commands.CommandListFiles.execute(CommandListFiles.java:11)
	at br.com.jro.developer.tools.PromptCommand.command(PromptCommand.java:69)
	at br.com.jro.developer.tools.PromptCommand.execute(PromptCommand.java:37)
	at br.com.jro.developer.tools.Main.main(Main.java:17)
	at br.com.jro.developer.tools.MainTest.testMain(MainTest.java:68)
	at sun.reflect.NativeMethodAccessorImpl.invoke0(Native Method)
	at sun.reflect.NativeMethodAccessorImpl.invoke(NativeMethodAccessorImpl.java:39)
	at sun.reflect.DelegatingMethodAccessorImpl.invoke(DelegatingMethodAccessorImpl.java:25)
	at java.lang.reflect.Method.invoke(Method.java:597)
	at org.junit.runners.model.FrameworkMethod$1.runReflectiveCall(FrameworkMethod.java:44)
	at org.junit.internal.runners.model.ReflectiveCallable.run(ReflectiveCallable.java:15)
	at org.junit.runners.model.FrameworkMethod.invokeExplosively(FrameworkMethod.java:41)
	at org.junit.internal.runners.statements.InvokeMethod.evaluate(InvokeMethod.java:20)
	at org.junit.internal.runners.statements.RunBefores.evaluate(RunBefores.java:28)
	at org.junit.internal.runners.statements.RunAfters.evaluate(RunAfters.java:31)
	at org.junit.runners.BlockJUnit4ClassRunner.runNotIgnored(BlockJUnit4ClassRunner.java:79)
	at org.junit.runners.BlockJUnit4ClassRunner.runChild(BlockJUnit4ClassRunner.java:71)
	at org.junit.runners.BlockJUnit4ClassRunner.runChild(BlockJUnit4ClassRunner.java:49)
	at org.junit.runners.ParentRunner$3.run(ParentRunner.java:193)
	at org.junit.runners.ParentRunner$1.schedule(ParentRunner.java:52)
	at org.junit.runners.ParentRunner.runChildren(ParentRunner.java:191)
	at org.junit.runners.ParentRunner.access$000(ParentRunner.java:42)
	at org.junit.runners.ParentRunner$2.evaluate(ParentRunner.java:184)
	at org.junit.internal.runners.statements.RunBefores.evaluate(RunBefores.java:28)
	at org.junit.internal.runners.statements.RunAfters.evaluate(RunAfters.java:31)
	at org.junit.runners.ParentRunner.run(ParentRunner.java:236)
	at org.eclipse.jdt.internal.junit4.runner.JUnit4TestReference.run(JUnit4TestReference.java:50)
	at org.eclipse.jdt.internal.junit.runner.TestExecution.run(TestExecution.java:38)
	at org.eclipse.jdt.internal.junit.runner.RemoteTestRunner.runTests(RemoteTestRunner.java:467)
	at org.eclipse.jdt.internal.junit.runner.RemoteTestRunner.runTests(RemoteTestRunner.java:683)
	at org.eclipse.jdt.internal.junit.runner.RemoteTestRunner.run(RemoteTestRunner.java:390)
	at org.eclipse.jdt.internal.junit.runner.RemoteTestRunner.main(RemoteTestRunner.java:197)
[2011-08-06 21:57:57,070] INFO    47[main] - br.com.jro.developer.tools.Main.printArgs(Main.java:25) - command ..: []
[2011-08-06 21:57:57,070] INFO    47[main] - br.com.jro.developer.tools.Main.printArgs(Main.java:25) - command ..: [-r]
[2011-08-06 21:57:57,070] INFO    47[main] - br.com.jro.developer.tools.PromptCommand.execute(PromptCommand.java:34) - Parameter <-r> not found.
[2011-08-06 21:57:57,070] INFO    47[main] - br.com.jro.developer.tools.Main.printArgs(Main.java:25) - command ..: [-r, -r]
[2011-08-06 21:57:57,070] INFO    47[main] - br.com.jro.developer.tools.PromptCommand.execute(PromptCommand.java:34) - Parameter <-r> not found.
[2011-08-06 21:57:57,070] INFO    47[main] - br.com.jro.developer.tools.Main.printArgs(Main.java:25) - command ..: [-d]
[2011-08-06 21:57:57,070]ERROR    47[main] - br.com.jro.developer.tools.Main.main(Main.java:19) - 1
java.lang.ArrayIndexOutOfBoundsException: 1
	at br.com.jro.developer.tools.commands.CommandListFiles.listFilesByPath(CommandListFiles.java:14)
	at br.com.jro.developer.tools.commands.CommandListFiles.execute(CommandListFiles.java:11)
	at br.com.jro.developer.tools.PromptCommand.command(PromptCommand.java:69)
	at br.com.jro.developer.tools.PromptCommand.execute(PromptCommand.java:37)
	at br.com.jro.developer.tools.Main.main(Main.java:17)
	at br.com.jro.developer.tools.MainTest.testMain(MainTest.java:68)
	at sun.reflect.NativeMethodAccessorImpl.invoke0(Native Method)
	at sun.reflect.NativeMethodAccessorImpl.invoke(NativeMethodAccessorImpl.java:39)
	at sun.reflect.DelegatingMethodAccessorImpl.invoke(DelegatingMethodAccessorImpl.java:25)
	at java.lang.reflect.Method.invoke(Method.java:597)
	at org.junit.runners.model.FrameworkMethod$1.runReflectiveCall(FrameworkMethod.java:44)
	at org.junit.internal.runners.model.ReflectiveCallable.run(ReflectiveCallable.java:15)
	at org.junit.runners.model.FrameworkMethod.invokeExplosively(FrameworkMethod.java:41)
	at org.junit.internal.runners.statements.InvokeMethod.evaluate(InvokeMethod.java:20)
	at org.junit.internal.runners.statements.RunBefores.evaluate(RunBefores.java:28)
	at org.junit.internal.runners.statements.RunAfters.evaluate(RunAfters.java:31)
	at org.junit.runners.BlockJUnit4ClassRunner.runNotIgnored(BlockJUnit4ClassRunner.java:79)
	at org.junit.runners.BlockJUnit4ClassRunner.runChild(BlockJUnit4ClassRunner.java:71)
	at org.junit.runners.BlockJUnit4ClassRunner.runChild(BlockJUnit4ClassRunner.java:49)
	at org.junit.runners.ParentRunner$3.run(ParentRunner.java:193)
	at org.junit.runners.ParentRunner$1.schedule(ParentRunner.java:52)
	at org.junit.runners.ParentRunner.runChildren(ParentRunner.java:191)
	at org.junit.runners.ParentRunner.access$000(ParentRunner.java:42)
	at org.junit.runners.ParentRunner$2.evaluate(ParentRunner.java:184)
	at org.junit.internal.runners.statements.RunBefores.evaluate(RunBefores.java:28)
	at org.junit.internal.runners.statements.RunAfters.evaluate(RunAfters.java:31)
	at org.junit.runners.ParentRunner.run(ParentRunner.java:236)
	at org.eclipse.jdt.internal.junit4.runner.JUnit4TestReference.run(JUnit4TestReference.java:50)
	at org.eclipse.jdt.internal.junit.runner.TestExecution.run(TestExecution.java:38)
	at org.eclipse.jdt.internal.junit.runner.RemoteTestRunner.runTests(RemoteTestRunner.java:467)
	at org.eclipse.jdt.internal.junit.runner.RemoteTestRunner.runTests(RemoteTestRunner.java:683)
	at org.eclipse.jdt.internal.junit.runner.RemoteTestRunner.run(RemoteTestRunner.java:390)
	at org.eclipse.jdt.internal.junit.runner.RemoteTestRunner.main(RemoteTestRunner.java:197)
[2011-08-06 21:57:57,085] INFO    62[main] - br.com.jro.developer.tools.Main.printArgs(Main.java:25) - command ..: [-d]
[2011-08-06 21:57:57,085]ERROR    62[main] - br.com.jro.developer.tools.Main.main(Main.java:19) - 1
java.lang.ArrayIndexOutOfBoundsException: 1
	at br.com.jro.developer.tools.commands.CommandListFiles.listFilesByPath(CommandListFiles.java:14)
	at br.com.jro.developer.tools.commands.CommandListFiles.execute(CommandListFiles.java:11)
	at br.com.jro.developer.tools.PromptCommand.command(PromptCommand.java:69)
	at br.com.jro.developer.tools.PromptCommand.execute(PromptCommand.java:37)
	at br.com.jro.developer.tools.Main.main(Main.java:17)
	at br.com.jro.developer.tools.MainTest.testMain(MainTest.java:68)
	at sun.reflect.NativeMethodAccessorImpl.invoke0(Native Method)
	at sun.reflect.NativeMethodAccessorImpl.invoke(NativeMethodAccessorImpl.java:39)
	at sun.reflect.DelegatingMethodAccessorImpl.invoke(DelegatingMethodAccessorImpl.java:25)
	at java.lang.reflect.Method.invoke(Method.java:597)
	at org.junit.runners.model.FrameworkMethod$1.runReflectiveCall(FrameworkMethod.java:44)
	at org.junit.internal.runners.model.ReflectiveCallable.run(ReflectiveCallable.java:15)
	at org.junit.runners.model.FrameworkMethod.invokeExplosively(FrameworkMethod.java:41)
	at org.junit.internal.runners.statements.InvokeMethod.evaluate(InvokeMethod.java:20)
	at org.junit.internal.runners.statements.RunBefores.evaluate(RunBefores.java:28)
	at org.junit.internal.runners.statements.RunAfters.evaluate(RunAfters.java:31)
	at org.junit.runners.BlockJUnit4ClassRunner.runNotIgnored(BlockJUnit4ClassRunner.java:79)
	at org.junit.runners.BlockJUnit4ClassRunner.runChild(BlockJUnit4ClassRunner.java:71)
	at org.junit.runners.BlockJUnit4ClassRunner.runChild(BlockJUnit4ClassRunner.java:49)
	at org.junit.runners.ParentRunner$3.run(ParentRunner.java:193)
	at org.junit.runners.ParentRunner$1.schedule(ParentRunner.java:52)
	at org.junit.runners.ParentRunner.runChildren(ParentRunner.java:191)
	at org.junit.runners.ParentRunner.access$000(ParentRunner.java:42)
	at org.junit.runners.ParentRunner$2.evaluate(ParentRunner.java:184)
	at org.junit.internal.runners.statements.RunBefores.evaluate(RunBefores.java:28)
	at org.junit.internal.runners.statements.RunAfters.evaluate(RunAfters.java:31)
	at org.junit.runners.ParentRunner.run(ParentRunner.java:236)
	at org.eclipse.jdt.internal.junit4.runner.JUnit4TestReference.run(JUnit4TestReference.java:50)
	at org.eclipse.jdt.internal.junit.runner.TestExecution.run(TestExecution.java:38)
	at org.eclipse.jdt.internal.junit.runner.RemoteTestRunner.runTests(RemoteTestRunner.java:467)
	at org.eclipse.jdt.internal.junit.runner.RemoteTestRunner.runTests(RemoteTestRunner.java:683)
	at org.eclipse.jdt.internal.junit.runner.RemoteTestRunner.run(RemoteTestRunner.java:390)
	at org.eclipse.jdt.internal.junit.runner.RemoteTestRunner.main(RemoteTestRunner.java:197)
[2011-08-06 21:57:57,085] INFO    62[main] - br.com.jro.developer.tools.Main.printArgs(Main.java:25) - command ..: [-d, C:/test_false]
[2011-08-06 21:57:57,085] INFO    62[main] - br.com.jro.developer.tools.Main.printArgs(Main.java:25) - command ..: [-d, C:\test_false]
[2011-08-06 21:57:57,085] INFO    62[main] - br.com.jro.developer.tools.Main.printArgs(Main.java:25) - command ..: [-d, C:\ftp]
[2011-08-06 21:57:57,101] INFO    78[main] - br.com.jro.developer.tools.Main.printArgs(Main.java:25) - command ..: [-d, null]
[2011-08-06 21:57:57,101] INFO    78[main] - br.com.jro.developer.tools.Main.printArgs(Main.java:25) - command ..: [C:\ftp]
[2011-08-06 21:57:57,101] INFO    78[main] - br.com.jro.developer.tools.PromptCommand.execute(PromptCommand.java:34) - Parameter <C:\ftp> not found.
[2011-08-06 21:57:57,101] INFO    78[main] - br.com.jro.developer.tools.Main.printArgs(Main.java:25) - command ..: [-m, C:\temp, .txt]
[2011-08-06 21:57:57,117] INFO    94[main] - br.com.jro.developer.tools.commands.CommandMerge.execute(CommandMerge.java:28) - vvvvvv
vvv
vv
vv
vv
testes

testes

[2011-08-06 21:57:57,117] INFO    94[main] - br.com.jro.developer.tools.Main.printArgs(Main.java:25) - command ..: [-m, C:\temp, .txt, ISO-8859-1]
[2011-08-06 21:57:57,117] INFO    94[main] - br.com.jro.developer.tools.commands.CommandMerge.execute(CommandMerge.java:28) - vvvvvv
vvv
vv
vv
vv
testes

testes

[2011-08-06 21:59:16,287] INFO     0[main] - br.com.jro.developer.tools.Main.printArgs(Main.java:25) - command ..: []
